<?xml version="1.0" encoding="UTF-8"?>
<coverage generated="1770158196724" clover="3.2.0">
  <project timestamp="1770158196724" name="All files">
    <metrics statements="2519" coveredstatements="2314" conditionals="2499" coveredconditionals="1892" methods="581" coveredmethods="551" elements="5599" coveredelements="4757" complexity="0" loc="2519" ncloc="2519" packages="4" files="28" classes="28"/>
    <package name="constants">
      <metrics statements="9" coveredstatements="9" conditionals="2" coveredconditionals="2" methods="2" coveredmethods="2"/>
      <file name="homeAway.js" path="/Users/maxmccarty/Dropbox/Source (Selective Sync Conflict)/nextmake-shot-tracker/src/constants/homeAway.js">
        <metrics statements="1" coveredstatements="1" conditionals="0" coveredconditionals="0" methods="0" coveredmethods="0"/>
        <line num="1" count="1" type="stmt"/>
      </file>
      <file name="programLevel.js" path="/Users/maxmccarty/Dropbox/Source (Selective Sync Conflict)/nextmake-shot-tracker/src/constants/programLevel.js">
        <metrics statements="1" coveredstatements="1" conditionals="0" coveredconditionals="0" methods="0" coveredmethods="0"/>
        <line num="1" count="1" type="stmt"/>
      </file>
      <file name="shotTypes.js" path="/Users/maxmccarty/Dropbox/Source (Selective Sync Conflict)/nextmake-shot-tracker/src/constants/shotTypes.js">
        <metrics statements="3" coveredstatements="3" conditionals="0" coveredconditionals="0" methods="0" coveredmethods="0"/>
        <line num="1" count="2" type="stmt"/>
        <line num="10" count="2" type="stmt"/>
        <line num="19" count="2" type="stmt"/>
      </file>
      <file name="timeRange.js" path="/Users/maxmccarty/Dropbox/Source (Selective Sync Conflict)/nextmake-shot-tracker/src/constants/timeRange.js">
        <metrics statements="2" coveredstatements="2" conditionals="2" coveredconditionals="2" methods="2" coveredmethods="2"/>
        <line num="4" count="3" type="stmt"/>
        <line num="13" count="354" type="cond" truecount="2" falsecount="0"/>
      </file>
      <file name="zoneAnchors.js" path="/Users/maxmccarty/Dropbox/Source (Selective Sync Conflict)/nextmake-shot-tracker/src/constants/zoneAnchors.js">
        <metrics statements="1" coveredstatements="1" conditionals="0" coveredconditionals="0" methods="0" coveredmethods="0"/>
        <line num="2" count="3" type="stmt"/>
      </file>
      <file name="zones.js" path="/Users/maxmccarty/Dropbox/Source (Selective Sync Conflict)/nextmake-shot-tracker/src/constants/zones.js">
        <metrics statements="1" coveredstatements="1" conditionals="0" coveredconditionals="0" methods="0" coveredmethods="0"/>
        <line num="2" count="10" type="stmt"/>
      </file>
    </package>
    <package name="lib">
      <metrics statements="1096" coveredstatements="977" conditionals="1073" coveredconditionals="835" methods="152" coveredmethods="138"/>
      <file name="game-db.js" path="/Users/maxmccarty/Dropbox/Source (Selective Sync Conflict)/nextmake-shot-tracker/src/lib/game-db.js">
        <metrics statements="194" coveredstatements="134" conditionals="198" coveredconditionals="126" methods="24" coveredmethods="18"/>
        <line num="8" count="1" type="stmt"/>
        <line num="9" count="23" type="stmt"/>
        <line num="11" count="1" type="stmt"/>
        <line num="19" count="16" type="cond" truecount="2" falsecount="0"/>
        <line num="20" count="11" type="stmt"/>
        <line num="21" count="11" type="cond" truecount="4" falsecount="0"/>
        <line num="22" count="7" type="cond" truecount="4" falsecount="0"/>
        <line num="23" count="1" type="stmt"/>
        <line num="33" count="9" type="stmt"/>
        <line num="34" count="9" type="cond" truecount="1" falsecount="1"/>
        <line num="36" count="9" type="stmt"/>
        <line num="37" count="9" type="stmt"/>
        <line num="38" count="9" type="stmt"/>
        <line num="39" count="0" type="stmt"/>
        <line num="40" count="0" type="cond" truecount="0" falsecount="2"/>
        <line num="41" count="0" type="cond" truecount="0" falsecount="2"/>
        <line num="42" count="0" type="cond" truecount="0" falsecount="2"/>
        <line num="43" count="0" type="stmt"/>
        <line num="46" count="9" type="stmt"/>
        <line num="48" count="9" type="stmt"/>
        <line num="49" count="9" type="stmt"/>
        <line num="50" count="9" type="stmt"/>
        <line num="51" count="9" type="stmt"/>
        <line num="53" count="9" type="stmt"/>
        <line num="55" count="0" type="cond" truecount="0" falsecount="4"/>
        <line num="57" count="0" type="cond" truecount="0" falsecount="4"/>
        <line num="58" count="0" type="cond" truecount="0" falsecount="2"/>
        <line num="59" count="0" type="stmt"/>
        <line num="60" count="0" type="stmt"/>
        <line num="62" count="0" type="stmt"/>
        <line num="63" count="0" type="stmt"/>
        <line num="65" count="0" type="cond" truecount="0" falsecount="4"/>
        <line num="66" count="0" type="stmt"/>
        <line num="67" count="0" type="stmt"/>
        <line num="70" count="0" type="stmt"/>
        <line num="80" count="0" type="stmt"/>
        <line num="89" count="6" type="stmt"/>
        <line num="90" count="6" type="stmt"/>
        <line num="91" count="6" type="stmt"/>
        <line num="92" count="6" type="stmt"/>
        <line num="93" count="13" type="stmt"/>
        <line num="94" count="13" type="cond" truecount="4" falsecount="0"/>
        <line num="96" count="7" type="cond" truecount="2" falsecount="2"/>
        <line num="97" count="6" type="stmt"/>
        <line num="101" count="7" type="stmt"/>
        <line num="102" count="7" type="cond" truecount="2" falsecount="0"/>
        <line num="103" count="6" type="stmt"/>
        <line num="107" count="2" type="stmt"/>
        <line num="108" count="2" type="stmt"/>
        <line num="109" count="3" type="cond" truecount="4" falsecount="0"/>
        <line num="113" count="13" type="stmt"/>
        <line num="114" count="13" type="stmt"/>
        <line num="115" count="13" type="stmt"/>
        <line num="117" count="13" type="cond" truecount="3" falsecount="0"/>
        <line num="119" count="13" type="stmt"/>
        <line num="137" count="13" type="stmt"/>
        <line num="138" count="13" type="stmt"/>
        <line num="139" count="13" type="stmt"/>
        <line num="143" count="4" type="stmt"/>
        <line num="144" count="4" type="stmt"/>
        <line num="145" count="4" type="cond" truecount="2" falsecount="0"/>
        <line num="147" count="3" type="stmt"/>
        <line num="158" count="3" type="stmt"/>
        <line num="159" count="3" type="stmt"/>
        <line num="160" count="3" type="stmt"/>
        <line num="168" count="2" type="stmt"/>
        <line num="169" count="2" type="cond" truecount="2" falsecount="0"/>
        <line num="172" count="1" type="stmt"/>
        <line num="173" count="1" type="stmt"/>
        <line num="174" count="3" type="stmt"/>
        <line num="175" count="3" type="cond" truecount="2" falsecount="0"/>
        <line num="176" count="2" type="stmt"/>
        <line num="182" count="2" type="stmt"/>
        <line num="187" count="1" type="stmt"/>
        <line num="188" count="1" type="cond" truecount="1" falsecount="1"/>
        <line num="189" count="1" type="stmt"/>
        <line num="195" count="1" type="stmt"/>
        <line num="198" count="1" type="stmt"/>
        <line num="199" count="1" type="stmt"/>
        <line num="207" count="10" type="stmt"/>
        <line num="209" count="10" type="cond" truecount="2" falsecount="0"/>
        <line num="210" count="10" type="cond" truecount="3" falsecount="0"/>
        <line num="211" count="10" type="cond" truecount="3" falsecount="0"/>
        <line num="213" count="10" type="cond" truecount="4" falsecount="0"/>
        <line num="214" count="10" type="cond" truecount="2" falsecount="0"/>
        <line num="215" count="10" type="stmt"/>
        <line num="216" count="10" type="cond" truecount="2" falsecount="0"/>
        <line num="217" count="10" type="cond" truecount="2" falsecount="0"/>
        <line num="220" count="10" type="cond" truecount="3" falsecount="0"/>
        <line num="221" count="10" type="cond" truecount="3" falsecount="0"/>
        <line num="225" count="10" type="cond" truecount="2" falsecount="0"/>
        <line num="233" count="10" type="cond" truecount="2" falsecount="0"/>
        <line num="234" count="9" type="cond" truecount="2" falsecount="0"/>
        <line num="237" count="8" type="cond" truecount="1" falsecount="1"/>
        <line num="238" count="8" type="cond" truecount="2" falsecount="0"/>
        <line num="239" count="7" type="stmt"/>
        <line num="241" count="8" type="cond" truecount="2" falsecount="0"/>
        <line num="244" count="10" type="stmt"/>
        <line num="246" count="8" type="stmt"/>
        <line num="272" count="10" type="stmt"/>
        <line num="275" count="8" type="cond" truecount="3" falsecount="1"/>
        <line num="276" count="8" type="stmt"/>
        <line num="279" count="8" type="stmt"/>
        <line num="280" count="8" type="stmt"/>
        <line num="288" count="3" type="stmt"/>
        <line num="289" count="3" type="cond" truecount="2" falsecount="0"/>
        <line num="291" count="2" type="stmt"/>
        <line num="292" count="2" type="cond" truecount="2" falsecount="0"/>
        <line num="294" count="1" type="stmt"/>
        <line num="301" count="1" type="stmt"/>
        <line num="304" count="1" type="cond" truecount="2" falsecount="2"/>
        <line num="305" count="1" type="stmt"/>
        <line num="308" count="1" type="stmt"/>
        <line num="309" count="1" type="stmt"/>
        <line num="313" count="3" type="stmt"/>
        <line num="314" count="3" type="stmt"/>
        <line num="315" count="3" type="stmt"/>
        <line num="316" count="3" type="stmt"/>
        <line num="317" count="7" type="stmt"/>
        <line num="318" count="7" type="cond" truecount="4" falsecount="0"/>
        <line num="320" count="4" type="stmt"/>
        <line num="321" count="3" type="stmt"/>
        <line num="329" count="2" type="stmt"/>
        <line num="330" count="2" type="stmt"/>
        <line num="333" count="2" type="stmt"/>
        <line num="334" count="2" type="stmt"/>
        <line num="335" count="3" type="stmt"/>
        <line num="336" count="3" type="cond" truecount="2" falsecount="0"/>
        <line num="341" count="2" type="stmt"/>
        <line num="342" count="2" type="stmt"/>
        <line num="343" count="3" type="stmt"/>
        <line num="344" count="3" type="cond" truecount="2" falsecount="0"/>
        <line num="347" count="2" type="stmt"/>
        <line num="351" count="4" type="stmt"/>
        <line num="352" count="4" type="cond" truecount="2" falsecount="0"/>
        <line num="353" count="3" type="cond" truecount="2" falsecount="0"/>
        <line num="354" count="2" type="stmt"/>
        <line num="355" count="2" type="cond" truecount="2" falsecount="0"/>
        <line num="356" count="1" type="stmt"/>
        <line num="357" count="1" type="stmt"/>
        <line num="359" count="1" type="cond" truecount="1" falsecount="1"/>
        <line num="360" count="1" type="stmt"/>
        <line num="361" count="1" type="cond" truecount="1" falsecount="1"/>
        <line num="362" count="1" type="stmt"/>
        <line num="363" count="1" type="stmt"/>
        <line num="373" count="3" type="stmt"/>
        <line num="374" count="3" type="cond" truecount="2" falsecount="0"/>
        <line num="375" count="2" type="cond" truecount="2" falsecount="0"/>
        <line num="376" count="1" type="stmt"/>
        <line num="377" count="1" type="cond" truecount="1" falsecount="1"/>
        <line num="378" count="1" type="stmt"/>
        <line num="387" count="0" type="stmt"/>
        <line num="388" count="0" type="stmt"/>
        <line num="391" count="0" type="stmt"/>
        <line num="392" count="0" type="stmt"/>
        <line num="393" count="0" type="stmt"/>
        <line num="394" count="0" type="cond" truecount="0" falsecount="2"/>
        <line num="395" count="0" type="cond" truecount="0" falsecount="2"/>
        <line num="396" count="0" type="cond" truecount="0" falsecount="2"/>
        <line num="397" count="0" type="stmt"/>
        <line num="402" count="0" type="stmt"/>
        <line num="403" count="0" type="cond" truecount="0" falsecount="2"/>
        <line num="404" count="0" type="stmt"/>
        <line num="405" count="0" type="stmt"/>
        <line num="413" count="0" type="stmt"/>
        <line num="418" count="0" type="stmt"/>
        <line num="419" count="0" type="stmt"/>
        <line num="422" count="0" type="stmt"/>
        <line num="423" count="0" type="stmt"/>
        <line num="424" count="0" type="stmt"/>
        <line num="425" count="0" type="cond" truecount="0" falsecount="2"/>
        <line num="426" count="0" type="cond" truecount="0" falsecount="2"/>
        <line num="427" count="0" type="cond" truecount="0" falsecount="2"/>
        <line num="428" count="0" type="stmt"/>
        <line num="433" count="0" type="stmt"/>
        <line num="434" count="0" type="cond" truecount="0" falsecount="2"/>
        <line num="435" count="0" type="stmt"/>
        <line num="436" count="0" type="stmt"/>
        <line num="443" count="0" type="stmt"/>
        <line num="448" count="0" type="stmt"/>
        <line num="450" count="0" type="stmt"/>
        <line num="451" count="0" type="cond" truecount="0" falsecount="2"/>
        <line num="452" count="0" type="stmt"/>
        <line num="453" count="0" type="stmt"/>
        <line num="456" count="0" type="stmt"/>
        <line num="457" count="0" type="cond" truecount="0" falsecount="2"/>
        <line num="458" count="0" type="stmt"/>
        <line num="461" count="0" type="stmt"/>
        <line num="464" count="0" type="stmt"/>
        <line num="477" count="0" type="cond" truecount="0" falsecount="2"/>
        <line num="478" count="0" type="cond" truecount="0" falsecount="2"/>
        <line num="480" count="0" type="cond" truecount="0" falsecount="2"/>
        <line num="481" count="0" type="cond" truecount="0" falsecount="2"/>
        <line num="483" count="0" type="cond" truecount="0" falsecount="4"/>
      </file>
      <file name="goal-metrics.js" path="/Users/maxmccarty/Dropbox/Source (Selective Sync Conflict)/nextmake-shot-tracker/src/lib/goal-metrics.js">
        <metrics statements="181" coveredstatements="180" conditionals="219" coveredconditionals="197" methods="10" coveredmethods="10"/>
        <line num="9" count="2" type="stmt"/>
        <line num="22" count="2" type="stmt"/>
        <line num="30" count="2" type="stmt"/>
        <line num="39" count="2" type="stmt"/>
        <line num="50" count="29" type="stmt"/>
        <line num="54" count="15" type="stmt"/>
        <line num="60" count="61" type="cond" truecount="2" falsecount="0"/>
        <line num="61" count="53" type="cond" truecount="2" falsecount="0"/>
        <line num="62" count="41" type="cond" truecount="2" falsecount="0"/>
        <line num="63" count="38" type="stmt"/>
        <line num="71" count="89" type="cond" truecount="5" falsecount="1"/>
        <line num="73" count="15" type="stmt"/>
        <line num="74" count="15" type="stmt"/>
        <line num="76" count="15" type="cond" truecount="2" falsecount="0"/>
        <line num="77" count="32" type="stmt"/>
        <line num="78" count="32" type="cond" truecount="2" falsecount="0"/>
        <line num="79" count="31" type="stmt"/>
        <line num="80" count="31" type="cond" truecount="1" falsecount="1"/>
        <line num="81" count="31" type="cond" truecount="4" falsecount="0"/>
        <line num="82" count="23" type="cond" truecount="4" falsecount="0"/>
        <line num="83" count="19" type="stmt"/>
        <line num="88" count="2" type="stmt"/>
        <line num="90" count="2" type="stmt"/>
        <line num="92" count="2" type="cond" truecount="1" falsecount="1"/>
        <line num="93" count="48" type="cond" truecount="3" falsecount="1"/>
        <line num="94" count="48" type="stmt"/>
        <line num="96" count="48" type="cond" truecount="1" falsecount="2"/>
        <line num="97" count="48" type="cond" truecount="4" falsecount="0"/>
        <line num="98" count="2" type="stmt"/>
        <line num="110" count="54" type="stmt"/>
        <line num="111" count="54" type="stmt"/>
        <line num="112" count="54" type="stmt"/>
        <line num="114" count="54" type="stmt"/>
        <line num="115" count="54" type="stmt"/>
        <line num="117" count="54" type="stmt"/>
        <line num="118" count="54" type="stmt"/>
        <line num="119" count="54" type="stmt"/>
        <line num="120" count="54" type="stmt"/>
        <line num="122" count="54" type="stmt"/>
        <line num="125" count="54" type="stmt"/>
        <line num="126" count="54" type="stmt"/>
        <line num="128" count="54" type="stmt"/>
        <line num="129" count="54" type="stmt"/>
        <line num="131" count="54" type="stmt"/>
        <line num="132" count="54" type="stmt"/>
        <line num="134" count="54" type="cond" truecount="2" falsecount="0"/>
        <line num="135" count="201" type="cond" truecount="5" falsecount="1"/>
        <line num="137" count="19" type="stmt"/>
        <line num="138" count="19" type="stmt"/>
        <line num="140" count="21" type="stmt"/>
        <line num="141" count="21" type="stmt"/>
        <line num="143" count="17" type="stmt"/>
        <line num="144" count="17" type="stmt"/>
        <line num="148" count="29" type="stmt"/>
        <line num="149" count="29" type="cond" truecount="2" falsecount="0"/>
        <line num="150" count="25" type="stmt"/>
        <line num="151" count="25" type="stmt"/>
        <line num="153" count="29" type="stmt"/>
        <line num="157" count="115" type="stmt"/>
        <line num="158" count="115" type="stmt"/>
        <line num="159" count="115" type="stmt"/>
        <line num="161" count="115" type="cond" truecount="2" falsecount="0"/>
        <line num="162" count="115" type="cond" truecount="2" falsecount="0"/>
        <line num="163" count="79" type="stmt"/>
        <line num="164" count="79" type="cond" truecount="2" falsecount="0"/>
        <line num="165" count="79" type="cond" truecount="2" falsecount="0"/>
        <line num="169" count="115" type="cond" truecount="2" falsecount="0"/>
        <line num="170" count="115" type="cond" truecount="2" falsecount="0"/>
        <line num="171" count="115" type="cond" truecount="2" falsecount="0"/>
        <line num="172" count="79" type="cond" truecount="2" falsecount="0"/>
        <line num="176" count="115" type="cond" truecount="3" falsecount="0"/>
        <line num="178" count="115" type="cond" truecount="2" falsecount="0"/>
        <line num="180" count="115" type="cond" truecount="2" falsecount="0"/>
        <line num="181" count="34" type="stmt"/>
        <line num="182" count="34" type="cond" truecount="2" falsecount="0"/>
        <line num="186" count="115" type="cond" truecount="2" falsecount="0"/>
        <line num="187" count="20" type="stmt"/>
        <line num="188" count="20" type="cond" truecount="2" falsecount="0"/>
        <line num="191" count="115" type="stmt"/>
        <line num="194" count="0" type="stmt"/>
        <line num="198" count="54" type="cond" truecount="2" falsecount="0"/>
        <line num="199" count="54" type="cond" truecount="2" falsecount="0"/>
        <line num="200" count="54" type="cond" truecount="2" falsecount="0"/>
        <line num="201" count="54" type="cond" truecount="2" falsecount="0"/>
        <line num="203" count="54" type="stmt"/>
        <line num="241" count="38" type="stmt"/>
        <line num="242" count="38" type="stmt"/>
        <line num="244" count="38" type="cond" truecount="14" falsecount="0"/>
        <line num="246" count="3" type="cond" truecount="2" falsecount="0"/>
        <line num="249" count="3" type="cond" truecount="2" falsecount="0"/>
        <line num="252" count="3" type="cond" truecount="2" falsecount="0"/>
        <line num="255" count="4" type="cond" truecount="2" falsecount="0"/>
        <line num="256" count="1" type="cond" truecount="1" falsecount="1"/>
        <line num="258" count="3" type="cond" truecount="2" falsecount="0"/>
        <line num="259" count="4" type="cond" truecount="2" falsecount="0"/>
        <line num="260" count="4" type="cond" truecount="2" falsecount="0"/>
        <line num="264" count="3" type="cond" truecount="2" falsecount="0"/>
        <line num="265" count="2" type="cond" truecount="1" falsecount="1"/>
        <line num="266" count="3" type="stmt"/>
        <line num="270" count="3" type="stmt"/>
        <line num="271" count="3" type="cond" truecount="2" falsecount="0"/>
        <line num="275" count="3" type="stmt"/>
        <line num="276" count="3" type="cond" truecount="2" falsecount="0"/>
        <line num="281" count="3" type="stmt"/>
        <line num="286" count="2" type="stmt"/>
        <line num="292" count="4" type="stmt"/>
        <line num="295" count="2" type="stmt"/>
        <line num="298" count="2" type="stmt"/>
        <line num="301" count="2" type="stmt"/>
        <line num="305" count="1" type="stmt"/>
        <line num="314" count="18" type="cond" truecount="4" falsecount="0"/>
        <line num="316" count="12" type="cond" truecount="2" falsecount="0"/>
        <line num="317" count="7" type="stmt"/>
        <line num="318" count="7" type="stmt"/>
        <line num="321" count="5" type="stmt"/>
        <line num="339" count="40" type="stmt"/>
        <line num="340" count="40" type="stmt"/>
        <line num="342" count="40" type="stmt"/>
        <line num="343" count="40" type="stmt"/>
        <line num="344" count="40" type="stmt"/>
        <line num="345" count="40" type="stmt"/>
        <line num="347" count="40" type="stmt"/>
        <line num="348" count="40" type="stmt"/>
        <line num="350" count="40" type="stmt"/>
        <line num="351" count="40" type="stmt"/>
        <line num="353" count="40" type="stmt"/>
        <line num="354" count="40" type="stmt"/>
        <line num="356" count="40" type="cond" truecount="1" falsecount="1"/>
        <line num="358" count="84" type="cond" truecount="2" falsecount="0"/>
        <line num="365" count="84" type="cond" truecount="2" falsecount="0"/>
        <line num="371" count="84" type="cond" truecount="2" falsecount="0"/>
        <line num="373" count="83" type="cond" truecount="2" falsecount="0"/>
        <line num="374" count="84" type="cond" truecount="3" falsecount="0"/>
        <line num="375" count="84" type="cond" truecount="2" falsecount="0"/>
        <line num="382" count="84" type="cond" truecount="5" falsecount="0"/>
        <line num="387" count="84" type="cond" truecount="2" falsecount="0"/>
        <line num="389" count="20" type="stmt"/>
        <line num="390" count="20" type="stmt"/>
        <line num="391" count="20" type="stmt"/>
        <line num="395" count="63" type="stmt"/>
        <line num="396" count="63" type="stmt"/>
        <line num="398" count="63" type="cond" truecount="2" falsecount="0"/>
        <line num="400" count="84" type="cond" truecount="2" falsecount="0"/>
        <line num="401" count="17" type="stmt"/>
        <line num="402" count="17" type="stmt"/>
        <line num="405" count="63" type="cond" truecount="2" falsecount="0"/>
        <line num="406" count="84" type="cond" truecount="2" falsecount="0"/>
        <line num="409" count="84" type="cond" truecount="2" falsecount="0"/>
        <line num="410" count="84" type="cond" truecount="2" falsecount="0"/>
        <line num="411" count="16" type="stmt"/>
        <line num="412" count="16" type="stmt"/>
        <line num="415" count="63" type="cond" truecount="2" falsecount="0"/>
        <line num="416" count="15" type="stmt"/>
        <line num="417" count="15" type="stmt"/>
        <line num="421" count="40" type="cond" truecount="2" falsecount="0"/>
        <line num="422" count="40" type="cond" truecount="2" falsecount="0"/>
        <line num="423" count="40" type="cond" truecount="2" falsecount="0"/>
        <line num="424" count="40" type="cond" truecount="2" falsecount="0"/>
        <line num="426" count="40" type="stmt"/>
        <line num="459" count="40" type="stmt"/>
        <line num="460" count="40" type="stmt"/>
        <line num="462" count="40" type="cond" truecount="14" falsecount="0"/>
        <line num="464" count="3" type="cond" truecount="1" falsecount="1"/>
        <line num="467" count="2" type="cond" truecount="1" falsecount="1"/>
        <line num="470" count="4" type="cond" truecount="1" falsecount="1"/>
        <line num="473" count="3" type="cond" truecount="2" falsecount="0"/>
        <line num="474" count="1" type="cond" truecount="1" falsecount="1"/>
        <line num="476" count="2" type="cond" truecount="1" falsecount="1"/>
        <line num="477" count="3" type="cond" truecount="1" falsecount="1"/>
        <line num="478" count="3" type="cond" truecount="1" falsecount="1"/>
        <line num="482" count="3" type="cond" truecount="2" falsecount="0"/>
        <line num="483" count="2" type="cond" truecount="1" falsecount="1"/>
        <line num="484" count="3" type="stmt"/>
        <line num="488" count="3" type="stmt"/>
        <line num="489" count="3" type="cond" truecount="1" falsecount="1"/>
        <line num="493" count="2" type="stmt"/>
        <line num="494" count="2" type="cond" truecount="1" falsecount="1"/>
        <line num="499" count="7" type="stmt"/>
        <line num="504" count="4" type="stmt"/>
        <line num="512" count="8" type="stmt"/>
        <line num="515" count="1" type="stmt"/>
      </file>
      <file name="goals-db.js" path="/Users/maxmccarty/Dropbox/Source (Selective Sync Conflict)/nextmake-shot-tracker/src/lib/goals-db.js">
        <metrics statements="62" coveredstatements="62" conditionals="36" coveredconditionals="36" methods="12" coveredmethods="12"/>
        <line num="10" count="42" type="stmt"/>
        <line num="11" count="42" type="cond" truecount="2" falsecount="0"/>
        <line num="12" count="6" type="stmt"/>
        <line num="14" count="36" type="stmt"/>
        <line num="25" count="9" type="stmt"/>
        <line num="27" count="8" type="stmt"/>
        <line num="33" count="8" type="cond" truecount="2" falsecount="0"/>
        <line num="34" count="1" type="stmt"/>
        <line num="35" count="1" type="stmt"/>
        <line num="38" count="7" type="cond" truecount="2" falsecount="0"/>
        <line num="40" count="7" type="stmt"/>
        <line num="42" count="5" type="stmt"/>
        <line num="49" count="5" type="cond" truecount="2" falsecount="0"/>
        <line num="50" count="1" type="stmt"/>
        <line num="51" count="1" type="stmt"/>
        <line num="54" count="4" type="stmt"/>
        <line num="55" count="4" type="cond" truecount="2" falsecount="0"/>
        <line num="56" count="53" type="cond" truecount="2" falsecount="0"/>
        <line num="57" count="53" type="stmt"/>
        <line num="60" count="6" type="stmt"/>
        <line num="76" count="8" type="stmt"/>
        <line num="78" count="7" type="stmt"/>
        <line num="93" count="7" type="cond" truecount="2" falsecount="0"/>
        <line num="94" count="1" type="stmt"/>
        <line num="95" count="1" type="stmt"/>
        <line num="98" count="6" type="stmt"/>
        <line num="105" count="5" type="stmt"/>
        <line num="112" count="5" type="cond" truecount="2" falsecount="0"/>
        <line num="113" count="2" type="stmt"/>
        <line num="114" count="2" type="stmt"/>
        <line num="116" count="3" type="stmt"/>
        <line num="124" count="2" type="stmt"/>
        <line num="125" count="2" type="stmt"/>
        <line num="126" count="1" type="stmt"/>
        <line num="128" count="1" type="stmt"/>
        <line num="129" count="1" type="stmt"/>
        <line num="137" count="4" type="stmt"/>
        <line num="139" count="3" type="stmt"/>
        <line num="145" count="3" type="cond" truecount="2" falsecount="0"/>
        <line num="146" count="1" type="stmt"/>
        <line num="147" count="1" type="stmt"/>
        <line num="155" count="4" type="stmt"/>
        <line num="157" count="3" type="stmt"/>
        <line num="163" count="3" type="cond" truecount="2" falsecount="0"/>
        <line num="164" count="1" type="stmt"/>
        <line num="165" count="1" type="stmt"/>
        <line num="195" count="13" type="stmt"/>
        <line num="197" count="12" type="stmt"/>
        <line num="215" count="12" type="cond" truecount="2" falsecount="0"/>
        <line num="216" count="1" type="stmt"/>
        <line num="217" count="1" type="stmt"/>
        <line num="220" count="11" type="stmt"/>
        <line num="230" count="4" type="stmt"/>
        <line num="237" count="4" type="cond" truecount="2" falsecount="0"/>
        <line num="238" count="1" type="stmt"/>
        <line num="239" count="1" type="stmt"/>
        <line num="241" count="3" type="stmt"/>
        <line num="248" count="4" type="stmt"/>
        <line num="250" count="3" type="stmt"/>
        <line num="256" count="3" type="cond" truecount="2" falsecount="0"/>
        <line num="257" count="1" type="stmt"/>
        <line num="258" count="1" type="stmt"/>
      </file>
      <file name="idb-init.js" path="/Users/maxmccarty/Dropbox/Source (Selective Sync Conflict)/nextmake-shot-tracker/src/lib/idb-init.js">
        <metrics statements="10" coveredstatements="10" conditionals="12" coveredconditionals="9" methods="4" coveredmethods="4"/>
        <line num="6" count="10" type="cond" truecount="2" falsecount="0"/>
        <line num="7" count="8" type="stmt"/>
        <line num="9" count="8" type="stmt"/>
        <line num="11" count="3" type="cond" truecount="2" falsecount="0"/>
        <line num="12" count="3" type="cond" truecount="1" falsecount="1"/>
        <line num="16" count="7" type="stmt"/>
        <line num="18" count="2" type="cond" truecount="2" falsecount="0"/>
        <line num="19" count="2" type="cond" truecount="1" falsecount="1"/>
        <line num="20" count="2" type="cond" truecount="1" falsecount="1"/>
        <line num="24" count="8" type="stmt"/>
      </file>
      <file name="performance-db.js" path="/Users/maxmccarty/Dropbox/Source (Selective Sync Conflict)/nextmake-shot-tracker/src/lib/performance-db.js">
        <metrics statements="290" coveredstatements="286" conditionals="289" coveredconditionals="214" methods="36" coveredmethods="36"/>
        <line num="15" count="1" type="stmt"/>
        <line num="19" count="1" type="stmt"/>
        <line num="20" count="1" type="cond" truecount="1" falsecount="1"/>
        <line num="21" count="1" type="stmt"/>
        <line num="22" count="24" type="cond" truecount="3" falsecount="1"/>
        <line num="23" count="24" type="cond" truecount="1" falsecount="2"/>
        <line num="28" count="46" type="cond" truecount="1" falsecount="1"/>
        <line num="29" count="46" type="cond" truecount="1" falsecount="1"/>
        <line num="33" count="1" type="stmt"/>
        <line num="34" count="1" type="cond" truecount="1" falsecount="1"/>
        <line num="35" count="1" type="stmt"/>
        <line num="36" count="24" type="cond" truecount="3" falsecount="1"/>
        <line num="37" count="24" type="stmt"/>
        <line num="42" count="1" type="stmt"/>
        <line num="43" count="1" type="cond" truecount="1" falsecount="1"/>
        <line num="44" count="1" type="stmt"/>
        <line num="45" count="24" type="cond" truecount="3" falsecount="1"/>
        <line num="46" count="24" type="cond" truecount="1" falsecount="2"/>
        <line num="47" count="24" type="cond" truecount="4" falsecount="0"/>
        <line num="48" count="1" type="stmt"/>
        <line num="56" count="7" type="cond" truecount="1" falsecount="1"/>
        <line num="57" count="7" type="cond" truecount="1" falsecount="1"/>
        <line num="59" count="7" type="cond" truecount="2" falsecount="0"/>
        <line num="66" count="5" type="stmt"/>
        <line num="68" count="2" type="cond" truecount="1" falsecount="1"/>
        <line num="75" count="2" type="stmt"/>
        <line num="77" count="0" type="stmt"/>
        <line num="81" count="23" type="cond" truecount="2" falsecount="0"/>
        <line num="82" count="23" type="cond" truecount="2" falsecount="0"/>
        <line num="83" count="20" type="cond" truecount="1" falsecount="1"/>
        <line num="84" count="20" type="stmt"/>
        <line num="89" count="45" type="cond" truecount="2" falsecount="0"/>
        <line num="90" count="7" type="stmt"/>
        <line num="91" count="7" type="stmt"/>
        <line num="99" count="23" type="cond" truecount="2" falsecount="0"/>
        <line num="100" count="23" type="cond" truecount="2" falsecount="0"/>
        <line num="101" count="21" type="cond" truecount="1" falsecount="1"/>
        <line num="102" count="21" type="stmt"/>
        <line num="106" count="50" type="cond" truecount="2" falsecount="0"/>
        <line num="107" count="6" type="stmt"/>
        <line num="108" count="6" type="cond" truecount="1" falsecount="1"/>
        <line num="110" count="0" type="stmt"/>
        <line num="115" count="126" type="cond" truecount="1" falsecount="1"/>
        <line num="116" count="126" type="stmt"/>
        <line num="120" count="43" type="cond" truecount="1" falsecount="1"/>
        <line num="121" count="43" type="stmt"/>
        <line num="122" count="43" type="cond" truecount="1" falsecount="1"/>
        <line num="123" count="43" type="stmt"/>
        <line num="128" count="46" type="stmt"/>
        <line num="129" count="46" type="stmt"/>
        <line num="131" count="0" type="stmt"/>
        <line num="136" count="70" type="cond" truecount="1" falsecount="1"/>
        <line num="137" count="70" type="stmt"/>
        <line num="138" count="70" type="cond" truecount="1" falsecount="1"/>
        <line num="139" count="70" type="cond" truecount="2" falsecount="0"/>
        <line num="144" count="43" type="cond" truecount="1" falsecount="1"/>
        <line num="145" count="43" type="stmt"/>
        <line num="146" count="43" type="cond" truecount="1" falsecount="1"/>
        <line num="147" count="43" type="stmt"/>
        <line num="152" count="43" type="cond" truecount="1" falsecount="1"/>
        <line num="153" count="43" type="stmt"/>
        <line num="154" count="43" type="cond" truecount="1" falsecount="1"/>
        <line num="155" count="43" type="stmt"/>
        <line num="159" count="24" type="stmt"/>
        <line num="160" count="24" type="stmt"/>
        <line num="161" count="24" type="cond" truecount="1" falsecount="1"/>
        <line num="163" count="0" type="stmt"/>
        <line num="176" count="12" type="stmt"/>
        <line num="178" count="12" type="stmt"/>
        <line num="179" count="12" type="stmt"/>
        <line num="182" count="12" type="cond" truecount="2" falsecount="0"/>
        <line num="187" count="12" type="stmt"/>
        <line num="188" count="12" type="stmt"/>
        <line num="190" count="12" type="stmt"/>
        <line num="191" count="12" type="stmt"/>
        <line num="192" count="17" type="stmt"/>
        <line num="193" count="17" type="cond" truecount="4" falsecount="0"/>
        <line num="194" count="16" type="cond" truecount="2" falsecount="0"/>
        <line num="197" count="17" type="cond" truecount="2" falsecount="0"/>
        <line num="198" count="15" type="stmt"/>
        <line num="199" count="15" type="stmt"/>
        <line num="203" count="12" type="cond" truecount="2" falsecount="0"/>
        <line num="204" count="1" type="stmt"/>
        <line num="219" count="11" type="stmt"/>
        <line num="220" count="11" type="stmt"/>
        <line num="221" count="11" type="stmt"/>
        <line num="222" count="11" type="stmt"/>
        <line num="223" count="11" type="stmt"/>
        <line num="224" count="11" type="stmt"/>
        <line num="225" count="11" type="stmt"/>
        <line num="227" count="11" type="stmt"/>
        <line num="228" count="11" type="stmt"/>
        <line num="229" count="34" type="stmt"/>
        <line num="230" count="34" type="cond" truecount="4" falsecount="0"/>
        <line num="231" count="33" type="cond" truecount="2" falsecount="0"/>
        <line num="232" count="31" type="cond" truecount="3" falsecount="1"/>
        <line num="235" count="31" type="cond" truecount="2" falsecount="0"/>
        <line num="237" count="28" type="cond" truecount="2" falsecount="0"/>
        <line num="240" count="27" type="cond" truecount="2" falsecount="0"/>
        <line num="242" count="26" type="cond" truecount="1" falsecount="1"/>
        <line num="243" count="28" type="stmt"/>
        <line num="245" count="28" type="stmt"/>
        <line num="246" count="28" type="cond" truecount="2" falsecount="0"/>
        <line num="247" count="15" type="stmt"/>
        <line num="248" count="15" type="stmt"/>
        <line num="250" count="26" type="stmt"/>
        <line num="251" count="26" type="cond" truecount="2" falsecount="0"/>
        <line num="254" count="26" type="stmt"/>
        <line num="255" count="26" type="cond" truecount="2" falsecount="0"/>
        <line num="256" count="21" type="stmt"/>
        <line num="257" count="21" type="cond" truecount="2" falsecount="0"/>
        <line num="261" count="26" type="stmt"/>
        <line num="262" count="26" type="cond" truecount="1" falsecount="1"/>
        <line num="263" count="26" type="stmt"/>
        <line num="264" count="26" type="cond" truecount="2" falsecount="0"/>
        <line num="265" count="12" type="stmt"/>
        <line num="266" count="12" type="stmt"/>
        <line num="268" count="26" type="stmt"/>
        <line num="269" count="26" type="cond" truecount="2" falsecount="0"/>
        <line num="270" count="21" type="stmt"/>
        <line num="271" count="21" type="cond" truecount="2" falsecount="0"/>
        <line num="276" count="26" type="stmt"/>
        <line num="277" count="26" type="cond" truecount="1" falsecount="2"/>
        <line num="278" count="28" type="stmt"/>
        <line num="279" count="28" type="cond" truecount="2" falsecount="0"/>
        <line num="280" count="26" type="stmt"/>
        <line num="281" count="26" type="cond" truecount="2" falsecount="0"/>
        <line num="282" count="15" type="stmt"/>
        <line num="289" count="15" type="stmt"/>
        <line num="291" count="26" type="stmt"/>
        <line num="292" count="26" type="cond" truecount="2" falsecount="0"/>
        <line num="293" count="21" type="stmt"/>
        <line num="294" count="21" type="cond" truecount="2" falsecount="0"/>
        <line num="299" count="26" type="stmt"/>
        <line num="304" count="28" type="cond" truecount="2" falsecount="0"/>
        <line num="305" count="26" type="stmt"/>
        <line num="306" count="26" type="cond" truecount="2" falsecount="0"/>
        <line num="307" count="13" type="stmt"/>
        <line num="308" count="13" type="stmt"/>
        <line num="310" count="26" type="stmt"/>
        <line num="311" count="26" type="cond" truecount="2" falsecount="0"/>
        <line num="312" count="21" type="stmt"/>
        <line num="313" count="21" type="cond" truecount="2" falsecount="0"/>
        <line num="316" count="3" type="cond" truecount="1" falsecount="1"/>
        <line num="318" count="3" type="cond" truecount="2" falsecount="0"/>
        <line num="321" count="2" type="cond" truecount="1" falsecount="1"/>
        <line num="324" count="2" type="stmt"/>
        <line num="325" count="2" type="stmt"/>
        <line num="326" count="2" type="stmt"/>
        <line num="327" count="2" type="cond" truecount="2" falsecount="0"/>
        <line num="328" count="1" type="stmt"/>
        <line num="329" count="1" type="stmt"/>
        <line num="331" count="2" type="stmt"/>
        <line num="332" count="2" type="cond" truecount="2" falsecount="0"/>
        <line num="337" count="11" type="stmt"/>
        <line num="338" count="16" type="stmt"/>
        <line num="339" count="16" type="stmt"/>
        <line num="346" count="5" type="stmt"/>
        <line num="349" count="11" type="stmt"/>
        <line num="350" count="1" type="cond" truecount="1" falsecount="1"/>
        <line num="352" count="12" type="stmt"/>
        <line num="353" count="12" type="cond" truecount="1" falsecount="1"/>
        <line num="356" count="12" type="stmt"/>
        <line num="367" count="11" type="stmt"/>
        <line num="368" count="4" type="cond" truecount="1" falsecount="1"/>
        <line num="370" count="15" type="stmt"/>
        <line num="371" count="15" type="cond" truecount="1" falsecount="1"/>
        <line num="374" count="15" type="stmt"/>
        <line num="384" count="11" type="stmt"/>
        <line num="385" count="2" type="cond" truecount="1" falsecount="1"/>
        <line num="387" count="13" type="stmt"/>
        <line num="388" count="13" type="cond" truecount="1" falsecount="1"/>
        <line num="391" count="13" type="stmt"/>
        <line num="401" count="11" type="stmt"/>
        <line num="402" count="11" type="cond" truecount="1" falsecount="1"/>
        <line num="406" count="12" type="stmt"/>
        <line num="428" count="11" type="stmt"/>
        <line num="430" count="11" type="stmt"/>
        <line num="431" count="11" type="stmt"/>
        <line num="434" count="11" type="cond" truecount="2" falsecount="0"/>
        <line num="439" count="11" type="stmt"/>
        <line num="440" count="11" type="stmt"/>
        <line num="442" count="11" type="stmt"/>
        <line num="443" count="11" type="stmt"/>
        <line num="444" count="13" type="stmt"/>
        <line num="445" count="13" type="cond" truecount="4" falsecount="0"/>
        <line num="446" count="12" type="cond" truecount="2" falsecount="0"/>
        <line num="449" count="13" type="cond" truecount="2" falsecount="0"/>
        <line num="450" count="11" type="stmt"/>
        <line num="451" count="11" type="stmt"/>
        <line num="455" count="11" type="cond" truecount="2" falsecount="0"/>
        <line num="456" count="1" type="stmt"/>
        <line num="471" count="10" type="stmt"/>
        <line num="472" count="10" type="stmt"/>
        <line num="473" count="10" type="stmt"/>
        <line num="474" count="10" type="stmt"/>
        <line num="475" count="10" type="stmt"/>
        <line num="476" count="10" type="stmt"/>
        <line num="477" count="10" type="stmt"/>
        <line num="479" count="10" type="stmt"/>
        <line num="480" count="10" type="stmt"/>
        <line num="481" count="24" type="stmt"/>
        <line num="482" count="24" type="cond" truecount="4" falsecount="0"/>
        <line num="483" count="23" type="cond" truecount="2" falsecount="0"/>
        <line num="484" count="21" type="cond" truecount="3" falsecount="1"/>
        <line num="487" count="21" type="cond" truecount="2" falsecount="0"/>
        <line num="494" count="24" type="cond" truecount="1" falsecount="1"/>
        <line num="500" count="24" type="cond" truecount="2" falsecount="0"/>
        <line num="502" count="20" type="cond" truecount="1" falsecount="1"/>
        <line num="503" count="24" type="cond" truecount="1" falsecount="2"/>
        <line num="506" count="24" type="cond" truecount="2" falsecount="0"/>
        <line num="507" count="24" type="cond" truecount="2" falsecount="0"/>
        <line num="509" count="24" type="cond" truecount="4" falsecount="0"/>
        <line num="522" count="24" type="cond" truecount="2" falsecount="0"/>
        <line num="523" count="1" type="cond" truecount="1" falsecount="1"/>
        <line num="524" count="1" type="cond" truecount="1" falsecount="1"/>
        <line num="526" count="1" type="stmt"/>
        <line num="527" count="1" type="stmt"/>
        <line num="529" count="1" type="stmt"/>
        <line num="530" count="1" type="cond" truecount="1" falsecount="1"/>
        <line num="531" count="1" type="stmt"/>
        <line num="532" count="1" type="stmt"/>
        <line num="534" count="1" type="stmt"/>
        <line num="535" count="1" type="stmt"/>
        <line num="538" count="1" type="stmt"/>
        <line num="542" count="19" type="cond" truecount="2" falsecount="0"/>
        <line num="545" count="18" type="cond" truecount="2" falsecount="0"/>
        <line num="549" count="17" type="stmt"/>
        <line num="550" count="17" type="stmt"/>
        <line num="552" count="17" type="stmt"/>
        <line num="553" count="17" type="cond" truecount="2" falsecount="0"/>
        <line num="554" count="15" type="stmt"/>
        <line num="555" count="15" type="stmt"/>
        <line num="557" count="17" type="stmt"/>
        <line num="558" count="17" type="stmt"/>
        <line num="562" count="17" type="stmt"/>
        <line num="563" count="17" type="stmt"/>
        <line num="565" count="17" type="cond" truecount="2" falsecount="0"/>
        <line num="566" count="24" type="cond" truecount="2" falsecount="0"/>
        <line num="569" count="17" type="stmt"/>
        <line num="570" count="17" type="cond" truecount="1" falsecount="1"/>
        <line num="571" count="17" type="stmt"/>
        <line num="572" count="17" type="cond" truecount="2" falsecount="0"/>
        <line num="573" count="11" type="stmt"/>
        <line num="574" count="11" type="stmt"/>
        <line num="576" count="17" type="stmt"/>
        <line num="577" count="17" type="stmt"/>
        <line num="578" count="17" type="cond" truecount="2" falsecount="0"/>
        <line num="582" count="17" type="stmt"/>
        <line num="583" count="17" type="cond" truecount="1" falsecount="2"/>
        <line num="584" count="24" type="stmt"/>
        <line num="585" count="24" type="cond" truecount="2" falsecount="0"/>
        <line num="586" count="17" type="stmt"/>
        <line num="587" count="17" type="cond" truecount="2" falsecount="0"/>
        <line num="588" count="11" type="stmt"/>
        <line num="595" count="11" type="stmt"/>
        <line num="597" count="17" type="stmt"/>
        <line num="598" count="17" type="stmt"/>
        <line num="599" count="17" type="cond" truecount="2" falsecount="0"/>
        <line num="603" count="17" type="stmt"/>
        <line num="608" count="24" type="cond" truecount="2" falsecount="0"/>
        <line num="609" count="17" type="stmt"/>
        <line num="610" count="17" type="cond" truecount="2" falsecount="0"/>
        <line num="611" count="11" type="stmt"/>
        <line num="612" count="11" type="stmt"/>
        <line num="614" count="17" type="stmt"/>
        <line num="615" count="17" type="stmt"/>
        <line num="616" count="17" type="cond" truecount="2" falsecount="0"/>
        <line num="621" count="10" type="stmt"/>
        <line num="622" count="16" type="stmt"/>
        <line num="623" count="16" type="stmt"/>
        <line num="629" count="6" type="stmt"/>
        <line num="632" count="10" type="stmt"/>
        <line num="633" count="1" type="cond" truecount="1" falsecount="1"/>
        <line num="635" count="11" type="stmt"/>
        <line num="636" count="11" type="cond" truecount="1" falsecount="1"/>
        <line num="639" count="11" type="stmt"/>
        <line num="650" count="10" type="stmt"/>
        <line num="651" count="1" type="cond" truecount="1" falsecount="1"/>
        <line num="653" count="11" type="stmt"/>
        <line num="654" count="11" type="cond" truecount="1" falsecount="1"/>
        <line num="657" count="11" type="stmt"/>
        <line num="667" count="10" type="stmt"/>
        <line num="668" count="1" type="cond" truecount="1" falsecount="1"/>
        <line num="670" count="11" type="stmt"/>
        <line num="671" count="11" type="cond" truecount="1" falsecount="1"/>
        <line num="674" count="11" type="stmt"/>
        <line num="684" count="10" type="stmt"/>
        <line num="685" count="10" type="cond" truecount="1" falsecount="1"/>
        <line num="689" count="11" type="stmt"/>
      </file>
      <file name="practice-db.js" path="/Users/maxmccarty/Dropbox/Source (Selective Sync Conflict)/nextmake-shot-tracker/src/lib/practice-db.js">
        <metrics statements="184" coveredstatements="139" conditionals="153" coveredconditionals="103" methods="32" coveredmethods="26"/>
        <line num="10" count="1" type="stmt"/>
        <line num="19" count="1" type="stmt"/>
        <line num="20" count="7" type="stmt"/>
        <line num="21" count="12" type="stmt"/>
        <line num="24" count="37" type="cond" truecount="1" falsecount="1"/>
        <line num="27" count="15" type="stmt"/>
        <line num="30" count="15" type="stmt"/>
        <line num="31" count="15" type="cond" truecount="2" falsecount="0"/>
        <line num="32" count="12" type="stmt"/>
        <line num="33" count="12" type="stmt"/>
        <line num="37" count="3" type="stmt"/>
        <line num="38" count="6" type="stmt"/>
        <line num="39" count="3" type="cond" truecount="1" falsecount="1"/>
        <line num="40" count="3" type="stmt"/>
        <line num="45" count="24" type="stmt"/>
        <line num="49" count="3" type="stmt"/>
        <line num="50" count="3" type="stmt"/>
        <line num="63" count="3" type="stmt"/>
        <line num="64" count="3" type="stmt"/>
        <line num="65" count="3" type="stmt"/>
        <line num="66" count="3" type="stmt"/>
        <line num="70" count="2" type="stmt"/>
        <line num="71" count="2" type="cond" truecount="2" falsecount="0"/>
        <line num="72" count="1" type="stmt"/>
        <line num="79" count="1" type="stmt"/>
        <line num="80" count="1" type="stmt"/>
        <line num="81" count="1" type="stmt"/>
        <line num="85" count="4" type="stmt"/>
        <line num="86" count="4" type="stmt"/>
        <line num="87" count="4" type="stmt"/>
        <line num="88" count="8" type="stmt"/>
        <line num="89" count="8" type="cond" truecount="4" falsecount="0"/>
        <line num="91" count="6" type="cond" truecount="2" falsecount="2"/>
        <line num="92" count="4" type="stmt"/>
        <line num="111" count="7" type="stmt"/>
        <line num="114" count="7" type="cond" truecount="2" falsecount="0"/>
        <line num="120" count="7" type="stmt"/>
        <line num="140" count="7" type="stmt"/>
        <line num="141" count="7" type="stmt"/>
        <line num="142" count="7" type="stmt"/>
        <line num="143" count="7" type="stmt"/>
        <line num="162" count="5" type="cond" truecount="2" falsecount="0"/>
        <line num="164" count="4" type="stmt"/>
        <line num="165" count="4" type="cond" truecount="2" falsecount="0"/>
        <line num="167" count="3" type="stmt"/>
        <line num="183" count="5" type="stmt"/>
        <line num="184" count="3" type="stmt"/>
        <line num="185" count="3" type="stmt"/>
        <line num="186" count="3" type="stmt"/>
        <line num="193" count="3" type="cond" truecount="2" falsecount="0"/>
        <line num="194" count="2" type="stmt"/>
        <line num="195" count="2" type="cond" truecount="2" falsecount="0"/>
        <line num="197" count="1" type="stmt"/>
        <line num="204" count="1" type="stmt"/>
        <line num="205" count="1" type="stmt"/>
        <line num="206" count="1" type="stmt"/>
        <line num="210" count="2" type="stmt"/>
        <line num="211" count="2" type="stmt"/>
        <line num="222" count="2" type="stmt"/>
        <line num="223" count="2" type="stmt"/>
        <line num="224" count="2" type="stmt"/>
        <line num="225" count="2" type="stmt"/>
        <line num="230" count="5" type="stmt"/>
        <line num="231" count="5" type="stmt"/>
        <line num="233" count="5" type="stmt"/>
        <line num="234" count="5" type="stmt"/>
        <line num="235" count="5" type="stmt"/>
        <line num="236" count="5" type="stmt"/>
        <line num="238" count="5" type="stmt"/>
        <line num="239" count="9" type="stmt"/>
        <line num="240" count="9" type="cond" truecount="4" falsecount="0"/>
        <line num="242" count="8" type="stmt"/>
        <line num="243" count="8" type="cond" truecount="5" falsecount="0"/>
        <line num="245" count="7" type="cond" truecount="1" falsecount="1"/>
        <line num="246" count="9" type="cond" truecount="1" falsecount="1"/>
        <line num="247" count="9" type="stmt"/>
        <line num="248" count="9" type="stmt"/>
        <line num="250" count="9" type="cond" truecount="2" falsecount="0"/>
        <line num="251" count="1" type="stmt"/>
        <line num="252" count="1" type="stmt"/>
        <line num="256" count="5" type="cond" truecount="2" falsecount="0"/>
        <line num="257" count="5" type="cond" truecount="2" falsecount="0"/>
        <line num="258" count="5" type="stmt"/>
        <line num="263" count="2" type="cond" truecount="2" falsecount="0"/>
        <line num="265" count="1" type="stmt"/>
        <line num="266" count="3" type="stmt"/>
        <line num="267" count="3" type="cond" truecount="2" falsecount="0"/>
        <line num="268" count="2" type="stmt"/>
        <line num="274" count="2" type="stmt"/>
        <line num="278" count="1" type="stmt"/>
        <line num="279" count="2" type="stmt"/>
        <line num="280" count="2" type="cond" truecount="2" falsecount="0"/>
        <line num="281" count="1" type="stmt"/>
        <line num="287" count="1" type="stmt"/>
        <line num="291" count="1" type="stmt"/>
        <line num="292" count="1" type="cond" truecount="1" falsecount="1"/>
        <line num="293" count="1" type="stmt"/>
        <line num="299" count="1" type="stmt"/>
        <line num="301" count="1" type="stmt"/>
        <line num="306" count="2" type="stmt"/>
        <line num="307" count="2" type="stmt"/>
        <line num="308" count="2" type="stmt"/>
        <line num="309" count="2" type="cond" truecount="2" falsecount="0"/>
        <line num="311" count="2" type="stmt"/>
        <line num="312" count="2" type="stmt"/>
        <line num="313" count="2" type="cond" truecount="2" falsecount="0"/>
        <line num="315" count="2" type="stmt"/>
        <line num="316" count="2" type="stmt"/>
        <line num="317" count="2" type="cond" truecount="2" falsecount="0"/>
        <line num="319" count="2" type="stmt"/>
        <line num="323" count="4" type="cond" truecount="2" falsecount="0"/>
        <line num="324" count="3" type="stmt"/>
        <line num="325" count="3" type="cond" truecount="2" falsecount="0"/>
        <line num="326" count="2" type="cond" truecount="2" falsecount="0"/>
        <line num="327" count="1" type="cond" truecount="1" falsecount="1"/>
        <line num="328" count="3" type="cond" truecount="1" falsecount="1"/>
        <line num="329" count="3" type="stmt"/>
        <line num="330" count="3" type="cond" truecount="1" falsecount="1"/>
        <line num="331" count="3" type="stmt"/>
        <line num="332" count="3" type="stmt"/>
        <line num="340" count="4" type="cond" truecount="2" falsecount="0"/>
        <line num="341" count="3" type="stmt"/>
        <line num="342" count="3" type="cond" truecount="2" falsecount="0"/>
        <line num="343" count="2" type="cond" truecount="2" falsecount="0"/>
        <line num="344" count="1" type="cond" truecount="1" falsecount="1"/>
        <line num="345" count="3" type="cond" truecount="1" falsecount="1"/>
        <line num="347" count="3" type="stmt"/>
        <line num="348" count="3" type="stmt"/>
        <line num="352" count="1" type="stmt"/>
        <line num="353" count="1" type="stmt"/>
        <line num="354" count="3" type="cond" truecount="2" falsecount="0"/>
        <line num="355" count="1" type="cond" truecount="2" falsecount="2"/>
        <line num="360" count="2" type="stmt"/>
        <line num="361" count="2" type="stmt"/>
        <line num="362" count="2" type="stmt"/>
        <line num="363" count="6" type="stmt"/>
        <line num="364" count="6" type="cond" truecount="4" falsecount="0"/>
        <line num="366" count="4" type="cond" truecount="2" falsecount="2"/>
        <line num="367" count="2" type="stmt"/>
        <line num="375" count="0" type="stmt"/>
        <line num="377" count="0" type="stmt"/>
        <line num="378" count="0" type="stmt"/>
        <line num="379" count="0" type="stmt"/>
        <line num="380" count="0" type="cond" truecount="0" falsecount="2"/>
        <line num="381" count="0" type="cond" truecount="0" falsecount="2"/>
        <line num="382" count="0" type="cond" truecount="0" falsecount="2"/>
        <line num="383" count="0" type="stmt"/>
        <line num="384" count="0" type="stmt"/>
        <line num="388" count="0" type="stmt"/>
        <line num="389" count="0" type="cond" truecount="0" falsecount="2"/>
        <line num="390" count="0" type="stmt"/>
        <line num="391" count="0" type="stmt"/>
        <line num="398" count="0" type="stmt"/>
        <line num="399" count="0" type="stmt"/>
        <line num="404" count="0" type="stmt"/>
        <line num="406" count="0" type="stmt"/>
        <line num="407" count="0" type="stmt"/>
        <line num="408" count="0" type="stmt"/>
        <line num="409" count="0" type="cond" truecount="0" falsecount="2"/>
        <line num="410" count="0" type="cond" truecount="0" falsecount="2"/>
        <line num="411" count="0" type="cond" truecount="0" falsecount="2"/>
        <line num="412" count="0" type="stmt"/>
        <line num="413" count="0" type="stmt"/>
        <line num="417" count="0" type="stmt"/>
        <line num="418" count="0" type="cond" truecount="0" falsecount="2"/>
        <line num="419" count="0" type="stmt"/>
        <line num="420" count="0" type="stmt"/>
        <line num="427" count="0" type="stmt"/>
        <line num="428" count="0" type="stmt"/>
        <line num="433" count="0" type="stmt"/>
        <line num="435" count="0" type="stmt"/>
        <line num="436" count="0" type="stmt"/>
        <line num="437" count="0" type="stmt"/>
        <line num="438" count="0" type="cond" truecount="0" falsecount="2"/>
        <line num="439" count="0" type="cond" truecount="0" falsecount="2"/>
        <line num="440" count="0" type="cond" truecount="0" falsecount="2"/>
        <line num="441" count="0" type="stmt"/>
        <line num="442" count="0" type="stmt"/>
        <line num="446" count="0" type="stmt"/>
        <line num="447" count="0" type="cond" truecount="0" falsecount="2"/>
        <line num="448" count="0" type="stmt"/>
        <line num="449" count="0" type="stmt"/>
        <line num="456" count="0" type="stmt"/>
        <line num="457" count="0" type="stmt"/>
      </file>
      <file name="sync-notify.js" path="/Users/maxmccarty/Dropbox/Source (Selective Sync Conflict)/nextmake-shot-tracker/src/lib/sync-notify.js">
        <metrics statements="5" coveredstatements="5" conditionals="0" coveredconditionals="0" methods="3" coveredmethods="3"/>
        <line num="6" count="1" type="stmt"/>
        <line num="13" count="32" type="stmt"/>
        <line num="14" count="32" type="stmt"/>
        <line num="22" count="26" type="stmt"/>
        <line num="23" count="58" type="stmt"/>
      </file>
      <file name="sync.js" path="/Users/maxmccarty/Dropbox/Source (Selective Sync Conflict)/nextmake-shot-tracker/src/lib/sync.js">
        <metrics statements="167" coveredstatements="158" conditionals="164" coveredconditionals="148" methods="29" coveredmethods="27"/>
        <line num="21" count="1" type="stmt"/>
        <line num="22" count="1" type="stmt"/>
        <line num="23" count="1" type="stmt"/>
        <line num="25" count="1" type="stmt"/>
        <line num="26" count="1" type="stmt"/>
        <line num="27" count="1" type="stmt"/>
        <line num="28" count="1" type="stmt"/>
        <line num="29" count="1" type="stmt"/>
        <line num="30" count="1" type="stmt"/>
        <line num="31" count="1" type="stmt"/>
        <line num="32" count="1" type="stmt"/>
        <line num="37" count="54" type="stmt"/>
        <line num="38" count="54" type="cond" truecount="2" falsecount="0"/>
        <line num="39" count="53" type="stmt"/>
        <line num="40" count="54" type="cond" truecount="2" falsecount="0"/>
        <line num="42" count="51" type="stmt"/>
        <line num="51" count="51" type="stmt"/>
        <line num="83" count="51" type="cond" truecount="2" falsecount="0"/>
        <line num="84" count="50" type="cond" truecount="2" falsecount="0"/>
        <line num="85" count="49" type="cond" truecount="2" falsecount="0"/>
        <line num="86" count="48" type="cond" truecount="2" falsecount="0"/>
        <line num="87" count="47" type="cond" truecount="2" falsecount="0"/>
        <line num="90" count="46" type="stmt"/>
        <line num="98" count="46" type="stmt"/>
        <line num="110" count="1" type="stmt"/>
        <line num="116" count="40" type="stmt"/>
        <line num="120" count="42" type="stmt"/>
        <line num="121" count="42" type="cond" truecount="2" falsecount="0"/>
        <line num="125" count="81" type="cond" truecount="2" falsecount="0"/>
        <line num="126" count="79" type="cond" truecount="2" falsecount="0"/>
        <line num="127" count="2" type="cond" truecount="1" falsecount="1"/>
        <line num="128" count="2" type="stmt"/>
        <line num="129" count="0" type="stmt"/>
        <line num="133" count="12" type="cond" truecount="2" falsecount="0"/>
        <line num="134" count="6" type="stmt"/>
        <line num="135" count="6" type="cond" truecount="4" falsecount="0"/>
        <line num="136" count="3" type="cond" truecount="3" falsecount="1"/>
        <line num="137" count="0" type="stmt"/>
        <line num="145" count="34" type="stmt"/>
        <line num="147" count="34" type="cond" truecount="2" falsecount="0"/>
        <line num="148" count="34" type="cond" truecount="1" falsecount="1"/>
        <line num="149" count="0" type="stmt"/>
        <line num="150" count="34" type="cond" truecount="1" falsecount="1"/>
        <line num="151" count="0" type="stmt"/>
        <line num="154" count="34" type="cond" truecount="2" falsecount="0"/>
        <line num="155" count="34" type="cond" truecount="4" falsecount="0"/>
        <line num="156" count="1" type="stmt"/>
        <line num="159" count="34" type="cond" truecount="2" falsecount="0"/>
        <line num="160" count="12" type="stmt"/>
        <line num="161" count="12" type="cond" truecount="2" falsecount="0"/>
        <line num="165" count="34" type="cond" truecount="2" falsecount="0"/>
        <line num="166" count="3" type="stmt"/>
        <line num="167" count="3" type="stmt"/>
        <line num="170" count="31" type="cond" truecount="2" falsecount="0"/>
        <line num="183" count="5" type="stmt"/>
        <line num="186" count="5" type="cond" truecount="2" falsecount="0"/>
        <line num="192" count="5" type="stmt"/>
        <line num="205" count="26" type="cond" truecount="2" falsecount="0"/>
        <line num="206" count="2" type="stmt"/>
        <line num="207" count="2" type="stmt"/>
        <line num="210" count="24" type="stmt"/>
        <line num="223" count="9" type="cond" truecount="1" falsecount="1"/>
        <line num="224" count="9" type="cond" truecount="2" falsecount="0"/>
        <line num="225" count="9" type="cond" truecount="4" falsecount="0"/>
        <line num="227" count="5" type="cond" truecount="3" falsecount="0"/>
        <line num="228" count="9" type="cond" truecount="5" falsecount="0"/>
        <line num="229" count="2" type="stmt"/>
        <line num="233" count="34" type="stmt"/>
        <line num="234" count="34" type="stmt"/>
        <line num="235" count="34" type="cond" truecount="2" falsecount="0"/>
        <line num="236" count="8" type="stmt"/>
        <line num="237" count="8" type="stmt"/>
        <line num="242" count="2" type="stmt"/>
        <line num="243" count="2" type="cond" truecount="1" falsecount="1"/>
        <line num="244" count="2" type="stmt"/>
        <line num="245" count="2" type="cond" truecount="2" falsecount="0"/>
        <line num="246" count="1" type="stmt"/>
        <line num="247" count="1" type="stmt"/>
        <line num="255" count="41" type="stmt"/>
        <line num="256" count="41" type="stmt"/>
        <line num="259" count="40" type="stmt"/>
        <line num="260" count="40" type="stmt"/>
        <line num="264" count="40" type="stmt"/>
        <line num="265" count="8" type="cond" truecount="2" falsecount="0"/>
        <line num="266" count="7" type="cond" truecount="1" falsecount="1"/>
        <line num="267" count="7" type="cond" truecount="1" falsecount="1"/>
        <line num="268" count="7" type="cond" truecount="2" falsecount="0"/>
        <line num="269" count="6" type="cond" truecount="1" falsecount="1"/>
        <line num="270" count="0" type="stmt"/>
        <line num="273" count="40" type="stmt"/>
        <line num="274" count="6" type="cond" truecount="5" falsecount="0"/>
        <line num="275" count="6" type="cond" truecount="1" falsecount="1"/>
        <line num="276" count="0" type="stmt"/>
        <line num="277" count="0" type="cond" truecount="0" falsecount="2"/>
        <line num="280" count="40" type="stmt"/>
        <line num="281" count="40" type="cond" truecount="3" falsecount="0"/>
        <line num="283" count="4" type="stmt"/>
        <line num="284" count="4" type="stmt"/>
        <line num="285" count="4" type="cond" truecount="2" falsecount="0"/>
        <line num="286" count="3" type="stmt"/>
        <line num="289" count="40" type="stmt"/>
        <line num="290" count="36" type="stmt"/>
        <line num="291" count="36" type="cond" truecount="1" falsecount="1"/>
        <line num="293" count="36" type="stmt"/>
        <line num="294" count="36" type="cond" truecount="2" falsecount="0"/>
        <line num="295" count="36" type="cond" truecount="2" falsecount="0"/>
        <line num="297" count="36" type="stmt"/>
        <line num="298" count="36" type="cond" truecount="2" falsecount="0"/>
        <line num="299" count="2" type="stmt"/>
        <line num="300" count="1" type="stmt"/>
        <line num="302" count="34" type="stmt"/>
        <line num="303" count="26" type="stmt"/>
        <line num="306" count="9" type="cond" truecount="2" falsecount="0"/>
        <line num="307" count="7" type="stmt"/>
        <line num="317" count="7" type="stmt"/>
        <line num="325" count="7" type="stmt"/>
        <line num="328" count="2" type="stmt"/>
        <line num="329" count="2" type="cond" truecount="2" falsecount="0"/>
        <line num="330" count="1" type="stmt"/>
        <line num="336" count="43" type="cond" truecount="1" falsecount="1"/>
        <line num="337" count="43" type="cond" truecount="2" falsecount="0"/>
        <line num="338" count="42" type="stmt"/>
        <line num="340" count="42" type="stmt"/>
        <line num="341" count="42" type="cond" truecount="2" falsecount="0"/>
        <line num="343" count="41" type="stmt"/>
        <line num="344" count="41" type="stmt"/>
        <line num="345" count="41" type="stmt"/>
        <line num="346" count="40" type="stmt"/>
        <line num="348" count="1" type="stmt"/>
        <line num="350" count="41" type="stmt"/>
        <line num="355" count="40" type="cond" truecount="2" falsecount="0"/>
        <line num="356" count="1" type="stmt"/>
        <line num="357" count="1" type="stmt"/>
        <line num="358" count="0" type="stmt"/>
        <line num="359" count="0" type="stmt"/>
        <line num="364" count="18" type="cond" truecount="2" falsecount="0"/>
        <line num="365" count="17" type="stmt"/>
        <line num="367" count="17" type="stmt"/>
        <line num="368" count="17" type="stmt"/>
        <line num="370" count="17" type="stmt"/>
        <line num="371" count="1" type="cond" truecount="1" falsecount="1"/>
        <line num="373" count="17" type="stmt"/>
        <line num="375" count="17" type="stmt"/>
        <line num="376" count="17" type="stmt"/>
        <line num="377" count="2" type="cond" truecount="2" falsecount="0"/>
        <line num="379" count="17" type="stmt"/>
        <line num="380" count="17" type="stmt"/>
        <line num="382" count="17" type="stmt"/>
        <line num="384" count="17" type="stmt"/>
        <line num="388" count="151" type="cond" truecount="2" falsecount="0"/>
        <line num="389" count="17" type="stmt"/>
        <line num="390" count="17" type="stmt"/>
        <line num="392" count="151" type="cond" truecount="2" falsecount="0"/>
        <line num="393" count="17" type="stmt"/>
        <line num="394" count="17" type="stmt"/>
        <line num="396" count="151" type="cond" truecount="2" falsecount="0"/>
        <line num="397" count="17" type="stmt"/>
        <line num="398" count="17" type="stmt"/>
        <line num="400" count="151" type="cond" truecount="2" falsecount="0"/>
        <line num="401" count="17" type="stmt"/>
        <line num="402" count="17" type="stmt"/>
        <line num="404" count="151" type="cond" truecount="2" falsecount="0"/>
        <line num="405" count="17" type="stmt"/>
        <line num="406" count="17" type="stmt"/>
        <line num="408" count="151" type="stmt"/>
        <line num="413" count="43" type="stmt"/>
        <line num="414" count="43" type="stmt"/>
      </file>
      <file name="util-id.js" path="/Users/maxmccarty/Dropbox/Source (Selective Sync Conflict)/nextmake-shot-tracker/src/lib/util-id.js">
        <metrics statements="3" coveredstatements="3" conditionals="2" coveredconditionals="2" methods="2" coveredmethods="2"/>
        <line num="4" count="113" type="cond" truecount="2" falsecount="0"/>
        <line num="6" count="4" type="stmt"/>
        <line num="7" count="94" type="stmt"/>
      </file>
    </package>
    <package name="screens">
      <metrics statements="1414" coveredstatements="1328" conditionals="1424" coveredconditionals="1055" methods="427" coveredmethods="411"/>
      <file name="Account.jsx" path="/Users/maxmccarty/Dropbox/Source (Selective Sync Conflict)/nextmake-shot-tracker/src/screens/Account.jsx">
        <metrics statements="15" coveredstatements="15" conditionals="10" coveredconditionals="9" methods="6" coveredmethods="6"/>
        <line num="4" count="1" type="stmt"/>
        <line num="7" count="9" type="cond" truecount="2" falsecount="0"/>
        <line num="8" count="9" type="stmt"/>
        <line num="10" count="9" type="stmt"/>
        <line num="13" count="1" type="cond" truecount="1" falsecount="1"/>
        <line num="15" count="1" type="stmt"/>
        <line num="16" count="1" type="stmt"/>
        <line num="18" count="6" type="stmt"/>
        <line num="19" count="6" type="stmt"/>
        <line num="20" count="6" type="stmt"/>
        <line num="21" count="6" type="stmt"/>
        <line num="22" count="6" type="stmt"/>
        <line num="23" count="6" type="stmt"/>
        <line num="24" count="6" type="stmt"/>
        <line num="28" count="9" type="stmt"/>
      </file>
      <file name="GameDetail.jsx" path="/Users/maxmccarty/Dropbox/Source (Selective Sync Conflict)/nextmake-shot-tracker/src/screens/GameDetail.jsx">
        <metrics statements="141" coveredstatements="126" conditionals="162" coveredconditionals="114" methods="35" coveredmethods="33"/>
        <line num="16" count="11" type="cond" truecount="1" falsecount="1"/>
        <line num="17" count="0" type="stmt"/>
        <line num="24" count="253" type="cond" truecount="1" falsecount="1"/>
        <line num="33" count="11" type="stmt"/>
        <line num="34" count="11" type="stmt"/>
        <line num="35" count="11" type="stmt"/>
        <line num="36" count="253" type="cond" truecount="1" falsecount="1"/>
        <line num="37" count="253" type="cond" truecount="1" falsecount="1"/>
        <line num="39" count="11" type="cond" truecount="2" falsecount="2"/>
        <line num="40" count="11" type="cond" truecount="2" falsecount="2"/>
        <line num="41" count="0" type="stmt"/>
        <line num="45" count="1" type="stmt"/>
        <line num="47" count="23" type="cond" truecount="1" falsecount="1"/>
        <line num="48" count="0" type="stmt"/>
        <line num="49" count="0" type="stmt"/>
        <line num="50" count="23" type="cond" truecount="1" falsecount="1"/>
        <line num="51" count="23" type="stmt"/>
        <line num="52" count="23" type="stmt"/>
        <line num="54" count="0" type="stmt"/>
        <line num="55" count="0" type="stmt"/>
        <line num="57" count="23" type="stmt"/>
        <line num="66" count="2" type="cond" truecount="1" falsecount="1"/>
        <line num="67" count="0" type="stmt"/>
        <line num="68" count="0" type="stmt"/>
        <line num="69" count="0" type="stmt"/>
        <line num="70" count="0" type="stmt"/>
        <line num="75" count="41" type="stmt"/>
        <line num="76" count="41" type="stmt"/>
        <line num="77" count="41" type="stmt"/>
        <line num="80" count="41" type="stmt"/>
        <line num="81" count="41" type="stmt"/>
        <line num="82" count="41" type="stmt"/>
        <line num="85" count="41" type="stmt"/>
        <line num="86" count="41" type="stmt"/>
        <line num="87" count="41" type="stmt"/>
        <line num="88" count="12" type="cond" truecount="4" falsecount="0"/>
        <line num="89" count="1" type="stmt"/>
        <line num="93" count="41" type="stmt"/>
        <line num="94" count="11" type="stmt"/>
        <line num="95" count="264" type="cond" truecount="1" falsecount="1"/>
        <line num="96" count="11" type="stmt"/>
        <line num="100" count="41" type="stmt"/>
        <line num="101" count="22" type="stmt"/>
        <line num="102" count="22" type="cond" truecount="1" falsecount="1"/>
        <line num="103" count="60" type="cond" truecount="4" falsecount="0"/>
        <line num="104" count="20" type="cond" truecount="1" falsecount="1"/>
        <line num="105" count="20" type="stmt"/>
        <line num="107" count="22" type="stmt"/>
        <line num="110" count="41" type="stmt"/>
        <line num="111" count="11" type="stmt"/>
        <line num="112" count="11" type="stmt"/>
        <line num="116" count="11" type="cond" truecount="1" falsecount="1"/>
        <line num="117" count="11" type="cond" truecount="1" falsecount="1"/>
        <line num="119" count="11" type="cond" truecount="1" falsecount="1"/>
        <line num="120" count="11" type="stmt"/>
        <line num="123" count="11" type="stmt"/>
        <line num="129" count="0" type="stmt"/>
        <line num="130" count="0" type="stmt"/>
        <line num="136" count="1" type="stmt"/>
        <line num="137" count="1" type="cond" truecount="1" falsecount="1"/>
        <line num="138" count="1" type="cond" truecount="1" falsecount="1"/>
        <line num="139" count="1" type="cond" truecount="3" falsecount="1"/>
        <line num="143" count="41" type="cond" truecount="2" falsecount="0"/>
        <line num="144" count="30" type="cond" truecount="2" falsecount="2"/>
        <line num="145" count="41" type="cond" truecount="1" falsecount="1"/>
        <line num="149" count="41" type="stmt"/>
        <line num="150" count="22" type="stmt"/>
        <line num="151" count="22" type="stmt"/>
        <line num="152" count="22" type="stmt"/>
        <line num="153" count="22" type="stmt"/>
        <line num="154" count="22" type="stmt"/>
        <line num="155" count="22" type="stmt"/>
        <line num="156" count="22" type="stmt"/>
        <line num="157" count="22" type="stmt"/>
        <line num="159" count="22" type="stmt"/>
        <line num="160" count="60" type="cond" truecount="5" falsecount="1"/>
        <line num="162" count="10" type="stmt"/>
        <line num="163" count="10" type="stmt"/>
        <line num="165" count="10" type="stmt"/>
        <line num="166" count="10" type="stmt"/>
        <line num="168" count="10" type="stmt"/>
        <line num="169" count="10" type="stmt"/>
        <line num="171" count="10" type="stmt"/>
        <line num="172" count="10" type="cond" truecount="1" falsecount="1"/>
        <line num="173" count="10" type="stmt"/>
        <line num="175" count="20" type="stmt"/>
        <line num="176" count="20" type="cond" truecount="2" falsecount="0"/>
        <line num="177" count="10" type="stmt"/>
        <line num="178" count="10" type="cond" truecount="1" falsecount="1"/>
        <line num="180" count="20" type="stmt"/>
        <line num="182" count="0" type="stmt"/>
        <line num="186" count="22" type="cond" truecount="2" falsecount="0"/>
        <line num="187" count="22" type="cond" truecount="2" falsecount="0"/>
        <line num="191" count="22" type="stmt"/>
        <line num="192" count="22" type="stmt"/>
        <line num="193" count="22" type="stmt"/>
        <line num="195" count="22" type="stmt"/>
        <line num="212" count="2" type="cond" truecount="1" falsecount="2"/>
        <line num="213" count="2" type="stmt"/>
        <line num="216" count="2" type="cond" truecount="3" falsecount="1"/>
        <line num="217" count="2" type="cond" truecount="4" falsecount="0"/>
        <line num="219" count="1" type="cond" truecount="1" falsecount="1"/>
        <line num="220" count="0" type="stmt"/>
        <line num="224" count="58" type="stmt"/>
        <line num="225" count="58" type="cond" truecount="1" falsecount="2"/>
        <line num="226" count="58" type="cond" truecount="1" falsecount="1"/>
        <line num="227" count="58" type="cond" truecount="2" falsecount="0"/>
        <line num="228" count="58" type="cond" truecount="2" falsecount="0"/>
        <line num="229" count="58" type="stmt"/>
        <line num="233" count="164" type="stmt"/>
        <line num="242" count="41" type="cond" truecount="3" falsecount="0"/>
        <line num="247" count="3" type="cond" truecount="1" falsecount="1"/>
        <line num="248" count="3" type="stmt"/>
        <line num="249" count="3" type="stmt"/>
        <line num="251" count="3" type="cond" truecount="1" falsecount="1"/>
        <line num="253" count="3" type="cond" truecount="2" falsecount="0"/>
        <line num="255" count="3" type="stmt"/>
        <line num="266" count="3" type="stmt"/>
        <line num="267" count="2" type="cond" truecount="1" falsecount="1"/>
        <line num="268" count="3" type="stmt"/>
        <line num="271" count="3" type="stmt"/>
        <line num="275" count="1" type="stmt"/>
        <line num="276" count="1" type="stmt"/>
        <line num="278" count="3" type="stmt"/>
        <line num="283" count="164" type="stmt"/>
        <line num="294" count="41" type="stmt"/>
        <line num="300" count="0" type="stmt"/>
        <line num="337" count="8" type="stmt"/>
        <line num="347" count="4" type="stmt"/>
        <line num="375" count="58" type="stmt"/>
        <line num="376" count="58" type="cond" truecount="2" falsecount="0"/>
        <line num="377" count="2" type="stmt"/>
        <line num="379" count="2" type="stmt"/>
        <line num="380" count="2" type="stmt"/>
        <line num="381" count="2" type="stmt"/>
        <line num="449" count="174" type="cond" truecount="2" falsecount="0"/>
        <line num="456" count="174" type="stmt"/>
        <line num="460" count="58" type="stmt"/>
        <line num="461" count="58" type="stmt"/>
        <line num="494" count="328" type="cond" truecount="2" falsecount="0"/>
        <line num="499" count="328" type="stmt"/>
      </file>
      <file name="GameGate.jsx" path="/Users/maxmccarty/Dropbox/Source (Selective Sync Conflict)/nextmake-shot-tracker/src/screens/GameGate.jsx">
        <metrics statements="70" coveredstatements="65" conditionals="62" coveredconditionals="40" methods="21" coveredmethods="19"/>
[...]
        <line num="602" count="149" type="stmt"/>
        <line num="607" count="288" type="stmt"/>
        <line num="608" count="134" type="cond" truecount="1" falsecount="1"/>
        <line num="609" count="134" type="cond" truecount="2" falsecount="2"/>
        <line num="610" count="0" type="cond" truecount="0" falsecount="4"/>
        <line num="611" count="0" type="cond" truecount="0" falsecount="2"/>
        <line num="612" count="0" type="cond" truecount="0" falsecount="3"/>
        <line num="613" count="0" type="cond" truecount="0" falsecount="2"/>
        <line num="616" count="288" type="stmt"/>
        <line num="617" count="135" type="stmt"/>
        <line num="622" count="4" type="stmt"/>
        <line num="623" count="4" type="stmt"/>
        <line num="624" count="4" type="stmt"/>
        <line num="625" count="4" type="stmt"/>
        <line num="627" count="4" type="stmt"/>
        <line num="632" count="2" type="stmt"/>
        <line num="633" count="2" type="stmt"/>
        <line num="634" count="2" type="stmt"/>
        <line num="635" count="2" type="stmt"/>
        <line num="637" count="2" type="stmt"/>
        <line num="641" count="288" type="stmt"/>
        <line num="698" count="249" type="stmt"/>
        <line num="779" count="288" type="stmt"/>
      </file>
      <file name="PracticeGate.jsx" path="/Users/maxmccarty/Dropbox/Source (Selective Sync Conflict)/nextmake-shot-tracker/src/screens/PracticeGate.jsx">
        <metrics statements="70" coveredstatements="64" conditionals="48" coveredconditionals="29" methods="24" coveredmethods="21"/>
        <line num="13" count="3" type="cond" truecount="0" falsecount="2"/>
        <line num="17" count="3" type="stmt"/>
        <line num="21" count="4" type="stmt"/>
        <line num="22" count="4" type="cond" truecount="1" falsecount="1"/>
        <line num="23" count="4" type="stmt"/>
        <line num="24" count="4" type="stmt"/>
        <line num="25" count="4" type="stmt"/>
        <line num="27" count="0" type="stmt"/>
        <line num="32" count="4" type="stmt"/>
        <line num="33" count="4" type="cond" truecount="1" falsecount="1"/>
        <line num="34" count="4" type="stmt"/>
        <line num="36" count="0" type="stmt"/>
        <line num="41" count="23" type="stmt"/>
        <line num="42" count="23" type="stmt"/>
        <line num="43" count="23" type="stmt"/>
        <line num="44" count="23" type="stmt"/>
        <line num="46" count="23" type="stmt"/>
        <line num="47" count="16" type="stmt"/>
        <line num="49" count="7" type="cond" truecount="2" falsecount="0"/>
        <line num="50" count="4" type="cond" truecount="1" falsecount="1"/>
        <line num="52" count="16" type="cond" truecount="2" falsecount="0"/>
        <line num="54" count="4" type="stmt"/>
        <line num="55" count="4" type="stmt"/>
        <line num="56" count="4" type="cond" truecount="1" falsecount="1"/>
        <line num="57" count="4" type="stmt"/>
        <line num="58" count="4" type="stmt"/>
        <line num="59" count="4" type="cond" truecount="1" falsecount="1"/>
        <line num="60" count="4" type="stmt"/>
        <line num="62" count="4" type="stmt"/>
        <line num="65" count="4" type="stmt"/>
        <line num="67" count="4" type="stmt"/>
        <line num="69" count="4" type="stmt"/>
        <line num="70" count="4" type="stmt"/>
        <line num="71" count="0" type="cond" truecount="0" falsecount="3"/>
        <line num="72" count="0" type="cond" truecount="0" falsecount="3"/>
        <line num="73" count="0" type="stmt"/>
        <line num="76" count="4" type="stmt"/>
        <line num="80" count="11" type="stmt"/>
        <line num="81" count="11" type="stmt"/>
        <line num="82" count="11" type="stmt"/>
        <line num="83" count="11" type="cond" truecount="2" falsecount="0"/>
        <line num="85" count="23" type="stmt"/>
        <line num="88" count="23" type="stmt"/>
        <line num="89" count="3" type="cond" truecount="2" falsecount="0"/>
        <line num="90" count="1" type="stmt"/>
        <line num="91" count="1" type="stmt"/>
        <line num="92" count="1" type="stmt"/>
        <line num="95" count="23" type="stmt"/>
        <line num="96" count="1" type="cond" truecount="1" falsecount="1"/>
        <line num="97" count="1" type="stmt"/>
        <line num="98" count="1" type="stmt"/>
        <line num="99" count="1" type="stmt"/>
        <line num="100" count="1" type="stmt"/>
        <line num="103" count="23" type="stmt"/>
        <line num="104" count="1" type="cond" truecount="1" falsecount="1"/>
        <line num="105" count="1" type="stmt"/>
        <line num="108" count="23" type="stmt"/>
        <line num="109" count="1" type="stmt"/>
        <line num="110" count="1" type="cond" truecount="1" falsecount="1"/>
        <line num="111" count="1" type="stmt"/>
        <line num="114" count="23" type="stmt"/>
        <line num="115" count="1" type="stmt"/>
        <line num="116" count="1" type="stmt"/>
        <line num="119" count="23" type="stmt"/>
        <line num="147" count="10" type="stmt"/>
        <line num="150" count="2" type="cond" truecount="1" falsecount="1"/>
        <line num="165" count="3" type="stmt"/>
        <line num="171" count="1" type="stmt"/>
        <line num="183" count="1" type="stmt"/>
        <line num="209" count="0" type="stmt"/>
      </file>
      <file name="PracticeLog.jsx" path="/Users/maxmccarty/Dropbox/Source (Selective Sync Conflict)/nextmake-shot-tracker/src/screens/PracticeLog.jsx">
        <metrics statements="242" coveredstatements="230" conditionals="238" coveredconditionals="171" methods="76" coveredmethods="75"/>
        <line num="16" count="24" type="stmt"/>
        <line num="17" count="4" type="stmt"/>
        <line num="19" count="1" type="stmt"/>
        <line num="20" count="24" type="cond" truecount="1" falsecount="1"/>
        <line num="24" count="1" type="cond" truecount="1" falsecount="1"/>
        <line num="26" count="24" type="cond" truecount="3" falsecount="0"/>
        <line num="31" count="1" type="cond" truecount="1" falsecount="1"/>
        <line num="33" count="3" type="cond" truecount="3" falsecount="0"/>
        <line num="38" count="8" type="stmt"/>
        <line num="39" count="8" type="stmt"/>
        <line num="41" count="0" type="cond" truecount="0" falsecount="2"/>
        <line num="46" count="69" type="stmt"/>
        <line num="47" count="69" type="stmt"/>
        <line num="48" count="69" type="cond" truecount="3" falsecount="0"/>
        <line num="52" count="69" type="cond" truecount="1" falsecount="1"/>
        <line num="53" count="69" type="stmt"/>
        <line num="54" count="69" type="stmt"/>
        <line num="55" count="69" type="stmt"/>
        <line num="56" count="69" type="stmt"/>
        <line num="57" count="69" type="stmt"/>
        <line num="58" count="69" type="stmt"/>
        <line num="62" count="19" type="stmt"/>
        <line num="88" count="91" type="stmt"/>
        <line num="89" count="91" type="stmt"/>
        <line num="91" count="91" type="cond" truecount="1" falsecount="1"/>
        <line num="92" count="91" type="cond" truecount="1" falsecount="1"/>
        <line num="93" count="91" type="stmt"/>
        <line num="96" count="91" type="stmt"/>
        <line num="97" count="91" type="stmt"/>
        <line num="99" count="91" type="stmt"/>
        <line num="100" count="91" type="stmt"/>
        <line num="101" count="91" type="stmt"/>
        <line num="102" count="91" type="stmt"/>
        <line num="104" count="91" type="stmt"/>
        <line num="105" count="91" type="stmt"/>
        <line num="107" count="91" type="stmt"/>
        <line num="108" count="91" type="stmt"/>
        <line num="109" count="91" type="stmt"/>
        <line num="110" count="91" type="stmt"/>
        <line num="111" count="91" type="stmt"/>
        <line num="112" count="91" type="stmt"/>
        <line num="113" count="91" type="stmt"/>
        <line num="114" count="91" type="stmt"/>
        <line num="115" count="91" type="stmt"/>
        <line num="117" count="91" type="stmt"/>
        <line num="118" count="91" type="stmt"/>
        <line num="120" count="91" type="stmt"/>
        <line num="121" count="336" type="stmt"/>
        <line num="125" count="91" type="stmt"/>
        <line num="126" count="91" type="stmt"/>
        <line num="128" count="91" type="cond" truecount="2" falsecount="0"/>
        <line num="129" count="91" type="cond" truecount="2" falsecount="0"/>
        <line num="131" count="91" type="cond" truecount="3" falsecount="0"/>
        <line num="133" count="91" type="cond" truecount="2" falsecount="0"/>
        <line num="134" count="91" type="cond" truecount="2" falsecount="0"/>
        <line num="137" count="91" type="cond" truecount="3" falsecount="0"/>
        <line num="141" count="91" type="stmt"/>
        <line num="142" count="2" type="stmt"/>
        <line num="143" count="2" type="cond" truecount="1" falsecount="1"/>
        <line num="144" count="2" type="stmt"/>
        <line num="146" count="91" type="stmt"/>
        <line num="147" count="2" type="stmt"/>
        <line num="148" count="2" type="cond" truecount="1" falsecount="1"/>
        <line num="149" count="2" type="stmt"/>
        <line num="151" count="91" type="stmt"/>
        <line num="152" count="2" type="stmt"/>
        <line num="153" count="2" type="cond" truecount="2" falsecount="0"/>
        <line num="154" count="2" type="stmt"/>
        <line num="158" count="19" type="cond" truecount="1" falsecount="1"/>
        <line num="159" count="0" type="stmt"/>
        <line num="160" count="0" type="stmt"/>
        <line num="161" count="0" type="stmt"/>
        <line num="162" count="0" type="stmt"/>
        <line num="163" count="0" type="stmt"/>
        <line num="166" count="19" type="stmt"/>
        <line num="167" count="19" type="stmt"/>
        <line num="168" count="19" type="stmt"/>
        <line num="169" count="19" type="stmt"/>
        <line num="170" count="19" type="stmt"/>
        <line num="171" count="11" type="cond" truecount="1" falsecount="1"/>
        <line num="172" count="11" type="cond" truecount="1" falsecount="1"/>
        <line num="173" count="11" type="stmt"/>
        <line num="174" count="11" type="stmt"/>
        <line num="175" count="11" type="cond" truecount="2" falsecount="0"/>
        <line num="177" count="19" type="cond" truecount="2" falsecount="0"/>
        <line num="179" count="19" type="stmt"/>
        <line num="180" count="19" type="stmt"/>
        <line num="181" count="19" type="stmt"/>
        <line num="183" count="19" type="stmt"/>
        <line num="184" count="11" type="stmt"/>
        <line num="195" count="14" type="stmt"/>
        <line num="196" count="14" type="stmt"/>
        <line num="197" count="14" type="cond" truecount="2" falsecount="0"/>
        <line num="198" count="14" type="cond" truecount="2" falsecount="1"/>
        <line num="201" count="91" type="stmt"/>
        <line num="202" count="14" type="stmt"/>
        <line num="205" count="91" type="stmt"/>
        <line num="206" count="14" type="cond" truecount="2" falsecount="0"/>
        <line num="209" count="91" type="stmt"/>
        <line num="210" count="29" type="cond" truecount="2" falsecount="0"/>
        <line num="213" count="91" type="stmt"/>
        <line num="214" count="30" type="cond" truecount="2" falsecount="0"/>
        <line num="218" count="91" type="stmt"/>
        <line num="220" count="28" type="stmt"/>
        <line num="221" count="14" type="cond" truecount="2" falsecount="0"/>
        <line num="222" count="1" type="stmt"/>
        <line num="229" count="91" type="cond" truecount="3" falsecount="0"/>
        <line num="234" count="2" type="cond" truecount="1" falsecount="1"/>
        <line num="235" count="2" type="stmt"/>
        <line num="236" count="2" type="stmt"/>
        <line num="237" count="2" type="cond" truecount="2" falsecount="2"/>
        <line num="239" count="2" type="cond" truecount="2" falsecount="0"/>
        <line num="240" count="2" type="cond" truecount="2" falsecount="0"/>
        <line num="241" count="2" type="stmt"/>
        <line num="243" count="2" type="stmt"/>
        <line num="255" count="2" type="stmt"/>
        <line num="258" count="2" type="stmt"/>
        <line num="259" count="2" type="stmt"/>
        <line num="260" count="2" type="stmt"/>
        <line num="261" count="2" type="stmt"/>
        <line num="263" count="2" type="stmt"/>
        <line num="267" count="0" type="stmt"/>
        <line num="268" count="0" type="cond" truecount="0" falsecount="5"/>
        <line num="269" count="0" type="stmt"/>
        <line num="270" count="0" type="stmt"/>
        <line num="271" count="0" type="stmt"/>
        <line num="272" count="0" type="cond" truecount="0" falsecount="2"/>
        <line num="276" count="6" type="cond" truecount="1" falsecount="1"/>
        <line num="277" count="6" type="cond" truecount="1" falsecount="2"/>
        <line num="278" count="6" type="cond" truecount="1" falsecount="1"/>
        <line num="279" count="6" type="stmt"/>
        <line num="280" count="6" type="stmt"/>
        <line num="282" count="6" type="stmt"/>
        <line num="283" count="6" type="stmt"/>
        <line num="284" count="6" type="stmt"/>
        <line num="285" count="6" type="cond" truecount="1" falsecount="1"/>
        <line num="286" count="6" type="cond" truecount="1" falsecount="1"/>
        <line num="287" count="6" type="cond" truecount="1" falsecount="1"/>
        <line num="288" count="6" type="cond" truecount="3" falsecount="1"/>
        <line num="289" count="6" type="cond" truecount="3" falsecount="1"/>
        <line num="290" count="6" type="stmt"/>
        <line num="294" count="4" type="cond" truecount="1" falsecount="1"/>
        <line num="295" count="4" type="stmt"/>
        <line num="296" count="4" type="stmt"/>
        <line num="300" count="2" type="cond" truecount="4" falsecount="0"/>
        <line num="301" count="1" type="stmt"/>
        <line num="302" count="1" type="stmt"/>
        <line num="303" count="1" type="stmt"/>
        <line num="305" count="1" type="stmt"/>
        <line num="306" count="1" type="stmt"/>
        <line num="307" count="1" type="stmt"/>
        <line num="308" count="1" type="stmt"/>
        <line num="312" count="1" type="cond" truecount="3" falsecount="1"/>
        <line num="314" count="1" type="stmt"/>
        <line num="315" count="1" type="stmt"/>
        <line num="316" count="1" type="cond" truecount="2" falsecount="2"/>
        <line num="317" count="1" type="cond" truecount="1" falsecount="1"/>
        <line num="318" count="1" type="stmt"/>
        <line num="320" count="1" type="stmt"/>
        <line num="333" count="1" type="stmt"/>
        <line num="334" count="1" type="stmt"/>
        <line num="335" count="1" type="stmt"/>
        <line num="338" count="91" type="stmt"/>
        <line num="344" count="1" type="stmt"/>
        <line num="368" count="1" type="cond" truecount="1" falsecount="1"/>
        <line num="372" count="8" type="stmt"/>
        <line num="448" count="1" type="stmt"/>
        <line num="449" count="1" type="stmt"/>
        <line num="450" count="1" type="cond" truecount="1" falsecount="1"/>
        <line num="454" count="2184" type="stmt"/>
        <line num="467" count="3" type="stmt"/>
        <line num="468" count="3" type="stmt"/>
        <line num="469" count="3" type="cond" truecount="2" falsecount="0"/>
        <line num="470" count="1" type="stmt"/>
        <line num="471" count="1" type="stmt"/>
        <line num="477" count="364" type="stmt"/>
        <line num="490" count="48" type="stmt"/>
        <line num="491" count="48" type="stmt"/>
        <line num="496" count="1" type="cond" truecount="1" falsecount="1"/>
        <line num="513" count="24" type="stmt"/>
        <line num="514" count="24" type="stmt"/>
        <line num="519" count="1" type="cond" truecount="1" falsecount="1"/>
        <line num="539" count="1" type="cond" truecount="1" falsecount="1"/>
        <line num="540" count="1" type="stmt"/>
        <line num="562" count="1" type="stmt"/>
        <line num="574" count="3" type="stmt"/>
        <line num="575" count="3" type="cond" truecount="1" falsecount="1"/>
        <line num="576" count="3" type="stmt"/>
        <line num="577" count="3" type="cond" truecount="1" falsecount="1"/>
        <line num="583" count="1" type="stmt"/>
        <line num="591" count="1" type="stmt"/>
        <line num="608" count="1" type="stmt"/>
        <line num="620" count="4" type="stmt"/>
        <line num="621" count="4" type="cond" truecount="2" falsecount="0"/>
        <line num="622" count="3" type="stmt"/>
        <line num="623" count="3" type="cond" truecount="1" falsecount="1"/>
        <line num="629" count="1" type="stmt"/>
        <line num="637" count="1" type="stmt"/>
        <line num="669" count="35" type="cond" truecount="1" falsecount="2"/>
        <line num="670" count="35" type="stmt"/>
        <line num="671" count="35" type="cond" truecount="1" falsecount="3"/>
        <line num="673" count="35" type="stmt"/>
        <line num="692" count="6" type="stmt"/>
        <line num="702" count="4" type="stmt"/>
        <line num="722" count="1" type="stmt"/>
        <line num="723" count="1" type="stmt"/>
        <line num="733" count="1" type="stmt"/>
        <line num="734" count="1" type="stmt"/>
        <line num="735" count="1" type="cond" truecount="1" falsecount="1"/>
        <line num="736" count="1" type="stmt"/>
        <line num="737" count="1" type="stmt"/>
        <line num="738" count="1" type="stmt"/>
        <line num="739" count="1" type="stmt"/>
        <line num="744" count="360" type="stmt"/>
        <line num="757" count="1" type="stmt"/>
        <line num="758" count="1" type="stmt"/>
        <line num="759" count="1" type="cond" truecount="1" falsecount="1"/>
        <line num="760" count="1" type="stmt"/>
        <line num="761" count="1" type="stmt"/>
        <line num="767" count="60" type="stmt"/>
        <line num="781" count="36" type="stmt"/>
        <line num="782" count="36" type="stmt"/>
        <line num="787" count="1" type="cond" truecount="1" falsecount="1"/>
        <line num="804" count="18" type="stmt"/>
        <line num="805" count="18" type="stmt"/>
        <line num="810" count="1" type="cond" truecount="1" falsecount="1"/>
        <line num="830" count="1" type="cond" truecount="1" falsecount="1"/>
        <line num="831" count="1" type="stmt"/>
        <line num="858" count="2" type="stmt"/>
        <line num="859" count="2" type="cond" truecount="2" falsecount="0"/>
        <line num="860" count="1" type="stmt"/>
        <line num="861" count="1" type="cond" truecount="1" falsecount="1"/>
        <line num="876" count="2" type="stmt"/>
        <line num="877" count="2" type="cond" truecount="2" falsecount="0"/>
        <line num="878" count="1" type="stmt"/>
        <line num="879" count="1" type="cond" truecount="1" falsecount="1"/>
        <line num="891" count="1" type="stmt"/>
        <line num="892" count="1" type="stmt"/>
        <line num="914" count="1" type="stmt"/>
        <line num="915" count="1" type="stmt"/>
        <line num="928" count="1" type="stmt"/>
        <line num="929" count="1" type="stmt"/>
      </file>
    </package>
    <package name="styles">
      <metrics statements="0" coveredstatements="0" conditionals="0" coveredconditionals="0" methods="0" coveredmethods="0"/>
      <file name="GameLogger.css" path="/Users/maxmccarty/Dropbox/Source (Selective Sync Conflict)/nextmake-shot-tracker/src/styles/GameLogger.css">
        <metrics statements="0" coveredstatements="0" conditionals="0" coveredconditionals="0" methods="0" coveredmethods="0"/>
      </file>
    </package>
  </project>
</coverage>
