{"/Users/maxmccarty/Dropbox/Source (Selective Sync Conflict)/nextmake-shot-tracker/src/constants/timeRange.js": {"path":"/Users/maxmccarty/Dropbox/Source (Selective Sync Conflict)/nextmake-shot-tracker/src/constants/timeRange.js","statementMap":{"0":{"start":{"line":4,"column":27},"end":{"line":10,"column":null}},"1":{"start":{"line":13,"column":4},"end":{"line":13,"column":null}},"2":{"start":{"line":13,"column":35},"end":{"line":13,"column":46}}},"fnMap":{"0":{"name":"getRangeById","decl":{"start":{"line":12,"column":18},"end":{"line":12,"column":30}},"loc":{"start":{"line":12,"column":35},"end":{"line":14,"column":null}},"line":12},"1":{"name":"(anonymous_1)","decl":{"start":{"line":13,"column":28},"end":{"line":13,"column":29}},"loc":{"start":{"line":13,"column":35},"end":{"line":13,"column":46}},"line":13}},"branchMap":{"0":{"loc":{"start":{"line":13,"column":11},"end":{"line":13,"column":null}},"type":"binary-expr","locations":[{"start":{"line":13,"column":11},"end":{"line":13,"column":47}},{"start":{"line":13,"column":51},"end":{"line":13,"column":null}}],"line":13}},"s":{"0":1,"1":50,"2":152},"f":{"0":50,"1":152},"b":{"0":[50,0]},"meta":{"lastBranch":1,"lastFunction":2,"lastStatement":3,"seen":{"s:4:27:10:Infinity":0,"f:12:18:12:30":0,"s:13:4:13:Infinity":1,"b:13:11:13:47:13:51:13:Infinity":0,"f:13:28:13:29":1,"s:13:35:13:46":2}}}
,"/Users/maxmccarty/Dropbox/Source (Selective Sync Conflict)/nextmake-shot-tracker/src/constants/zoneAnchors.js": {"path":"/Users/maxmccarty/Dropbox/Source (Selective Sync Conflict)/nextmake-shot-tracker/src/constants/zoneAnchors.js","statementMap":{"0":{"start":{"line":2,"column":32},"end":{"line":99,"column":null}}},"fnMap":{},"branchMap":{},"s":{"0":1},"f":{},"b":{},"meta":{"lastBranch":0,"lastFunction":0,"lastStatement":1,"seen":{"s:2:32:99:Infinity":0}}}
,"/Users/maxmccarty/Dropbox/Source (Selective Sync Conflict)/nextmake-shot-tracker/src/constants/zones.js": {"path":"/Users/maxmccarty/Dropbox/Source (Selective Sync Conflict)/nextmake-shot-tracker/src/constants/zones.js","statementMap":{"0":{"start":{"line":2,"column":21},"end":{"line":29,"column":null}}},"fnMap":{},"branchMap":{},"s":{"0":1},"f":{},"b":{},"meta":{"lastBranch":0,"lastFunction":0,"lastStatement":1,"seen":{"s:2:21:29:Infinity":0}}}
,"/Users/maxmccarty/Dropbox/Source (Selective Sync Conflict)/nextmake-shot-tracker/src/screens/Heatmap.jsx": {"path":"/Users/maxmccarty/Dropbox/Source (Selective Sync Conflict)/nextmake-shot-tracker/src/screens/Heatmap.jsx","statementMap":{"0":{"start":{"line":9,"column":25},"end":{"line":9,"column":null}},"1":{"start":{"line":12,"column":21},"end":{"line":15,"column":null}},"2":{"start":{"line":18,"column":23},"end":{"line":21,"column":null}},"3":{"start":{"line":24,"column":26},"end":{"line":28,"column":null}},"4":{"start":{"line":33,"column":2},"end":{"line":40,"column":null}},"5":{"start":{"line":34,"column":4},"end":{"line":39,"column":null}},"6":{"start":{"line":34,"column":34},"end":{"line":39,"column":6}},"7":{"start":{"line":41,"column":2},"end":{"line":46,"column":null}},"8":{"start":{"line":41,"column":58},"end":{"line":46,"column":4}},"9":{"start":{"line":50,"column":13},"end":{"line":50,"column":null}},"10":{"start":{"line":51,"column":13},"end":{"line":51,"column":null}},"11":{"start":{"line":52,"column":2},"end":{"line":55,"column":null}},"12":{"start":{"line":53,"column":4},"end":{"line":53,"column":null}},"13":{"start":{"line":54,"column":4},"end":{"line":54,"column":null}},"14":{"start":{"line":56,"column":2},"end":{"line":56,"column":null}},"15":{"start":{"line":56,"column":30},"end":{"line":56,"column":null}},"16":{"start":{"line":57,"column":2},"end":{"line":57,"column":null}},"17":{"start":{"line":57,"column":32},"end":{"line":57,"column":null}},"18":{"start":{"line":58,"column":2},"end":{"line":58,"column":null}},"19":{"start":{"line":62,"column":2},"end":{"line":75,"column":null}},"20":{"start":{"line":64,"column":4},"end":{"line":73,"column":null}},"21":{"start":{"line":65,"column":6},"end":{"line":65,"column":null}},"22":{"start":{"line":66,"column":6},"end":{"line":66,"column":null}},"23":{"start":{"line":67,"column":4},"end":{"line":73,"column":null}},"24":{"start":{"line":68,"column":6},"end":{"line":68,"column":null}},"25":{"start":{"line":69,"column":6},"end":{"line":69,"column":null}},"26":{"start":{"line":71,"column":6},"end":{"line":71,"column":null}},"27":{"start":{"line":72,"column":6},"end":{"line":72,"column":null}},"28":{"start":{"line":74,"column":4},"end":{"line":74,"column":null}},"29":{"start":{"line":81,"column":2},"end":{"line":96,"column":null}},"30":{"start":{"line":84,"column":23},"end":{"line":84,"column":null}},"31":{"start":{"line":85,"column":8},"end":{"line":93,"column":null}},"32":{"start":{"line":89,"column":27},"end":{"line":89,"column":null}},"33":{"start":{"line":101,"column":2},"end":{"line":116,"column":null}},"34":{"start":{"line":104,"column":23},"end":{"line":104,"column":null}},"35":{"start":{"line":105,"column":8},"end":{"line":113,"column":null}},"36":{"start":{"line":109,"column":27},"end":{"line":109,"column":null}},"37":{"start":{"line":123,"column":12},"end":{"line":123,"column":null}},"38":{"start":{"line":124,"column":2},"end":{"line":124,"column":null}},"39":{"start":{"line":124,"column":10},"end":{"line":124,"column":null}},"40":{"start":{"line":126,"column":2},"end":{"line":126,"column":null}},"41":{"start":{"line":126,"column":49},"end":{"line":126,"column":null}},"42":{"start":{"line":127,"column":2},"end":{"line":127,"column":null}},"43":{"start":{"line":127,"column":50},"end":{"line":127,"column":null}},"44":{"start":{"line":128,"column":2},"end":{"line":128,"column":null}},"45":{"start":{"line":128,"column":50},"end":{"line":128,"column":null}},"46":{"start":{"line":129,"column":2},"end":{"line":129,"column":null}},"47":{"start":{"line":129,"column":49},"end":{"line":129,"column":null}},"48":{"start":{"line":130,"column":2},"end":{"line":130,"column":null}},"49":{"start":{"line":130,"column":49},"end":{"line":130,"column":null}},"50":{"start":{"line":132,"column":2},"end":{"line":132,"column":null}},"51":{"start":{"line":136,"column":20},"end":{"line":136,"column":null}},"52":{"start":{"line":137,"column":17},"end":{"line":137,"column":null}},"53":{"start":{"line":138,"column":20},"end":{"line":138,"column":null}},"54":{"start":{"line":140,"column":2},"end":{"line":143,"column":null}},"55":{"start":{"line":148,"column":2},"end":{"line":148,"column":null}},"56":{"start":{"line":148,"column":48},"end":{"line":148,"column":null}},"57":{"start":{"line":151,"column":19},"end":{"line":171,"column":null}},"58":{"start":{"line":152,"column":17},"end":{"line":152,"column":null}},"59":{"start":{"line":153,"column":22},"end":{"line":153,"column":null}},"60":{"start":{"line":154,"column":20},"end":{"line":154,"column":null}},"61":{"start":{"line":157,"column":4},"end":{"line":157,"column":null}},"62":{"start":{"line":157,"column":35},"end":{"line":157,"column":null}},"63":{"start":{"line":160,"column":4},"end":{"line":162,"column":null}},"64":{"start":{"line":161,"column":6},"end":{"line":161,"column":null}},"65":{"start":{"line":164,"column":4},"end":{"line":167,"column":null}},"66":{"start":{"line":165,"column":6},"end":{"line":165,"column":null}},"67":{"start":{"line":165,"column":16},"end":{"line":165,"column":null}},"68":{"start":{"line":166,"column":6},"end":{"line":166,"column":null}},"69":{"start":{"line":170,"column":4},"end":{"line":170,"column":null}},"70":{"start":{"line":173,"column":2},"end":{"line":173,"column":null}},"71":{"start":{"line":173,"column":24},"end":{"line":173,"column":null}},"72":{"start":{"line":176,"column":18},"end":{"line":176,"column":null}},"73":{"start":{"line":179,"column":4},"end":{"line":190,"column":null}},"74":{"start":{"line":180,"column":19},"end":{"line":180,"column":null}},"75":{"start":{"line":180,"column":37},"end":{"line":180,"column":48}},"76":{"start":{"line":181,"column":6},"end":{"line":189,"column":null}},"77":{"start":{"line":191,"column":4},"end":{"line":191,"column":null}},"78":{"start":{"line":194,"column":2},"end":{"line":224,"column":null}},"79":{"start":{"line":195,"column":17},"end":{"line":195,"column":null}},"80":{"start":{"line":199,"column":6},"end":{"line":203,"column":null}},"81":{"start":{"line":206,"column":6},"end":{"line":210,"column":null}},"82":{"start":{"line":212,"column":4},"end":{"line":212,"column":null}},"83":{"start":{"line":212,"column":19},"end":{"line":212,"column":null}},"84":{"start":{"line":214,"column":4},"end":{"line":223,"column":null}},"85":{"start":{"line":215,"column":18},"end":{"line":215,"column":null}},"86":{"start":{"line":216,"column":6},"end":{"line":216,"column":null}},"87":{"start":{"line":217,"column":6},"end":{"line":217,"column":null}},"88":{"start":{"line":219,"column":18},"end":{"line":219,"column":null}},"89":{"start":{"line":220,"column":18},"end":{"line":220,"column":null}},"90":{"start":{"line":221,"column":6},"end":{"line":221,"column":null}},"91":{"start":{"line":222,"column":6},"end":{"line":222,"column":null}},"92":{"start":{"line":226,"column":14},"end":{"line":226,"column":null}},"93":{"start":{"line":227,"column":2},"end":{"line":227,"column":null}},"94":{"start":{"line":227,"column":19},"end":{"line":227,"column":null}},"95":{"start":{"line":231,"column":2},"end":{"line":237,"column":null}},"96":{"start":{"line":232,"column":4},"end":{"line":232,"column":null}},"97":{"start":{"line":232,"column":36},"end":{"line":232,"column":53}},"98":{"start":{"line":234,"column":4},"end":{"line":236,"column":null}},"99":{"start":{"line":235,"column":21},"end":{"line":235,"column":39}},"100":{"start":{"line":236,"column":26},"end":{"line":236,"column":44}},"101":{"start":{"line":240,"column":2},"end":{"line":247,"column":null}},"102":{"start":{"line":241,"column":4},"end":{"line":246,"column":null}},"103":{"start":{"line":242,"column":6},"end":{"line":242,"column":null}},"104":{"start":{"line":243,"column":6},"end":{"line":245,"column":null}},"105":{"start":{"line":244,"column":8},"end":{"line":244,"column":null}},"106":{"start":{"line":250,"column":2},"end":{"line":253,"column":null}},"107":{"start":{"line":251,"column":15},"end":{"line":251,"column":null}},"108":{"start":{"line":251,"column":31},"end":{"line":251,"column":48}},"109":{"start":{"line":252,"column":4},"end":{"line":252,"column":null}},"110":{"start":{"line":255,"column":2},"end":{"line":257,"column":null}},"111":{"start":{"line":256,"column":19},"end":{"line":256,"column":55}},"112":{"start":{"line":257,"column":20},"end":{"line":257,"column":50}},"113":{"start":{"line":261,"column":2},"end":{"line":261,"column":null}},"114":{"start":{"line":261,"column":13},"end":{"line":261,"column":null}},"115":{"start":{"line":262,"column":2},"end":{"line":268,"column":null}},"116":{"start":{"line":263,"column":16},"end":{"line":263,"column":null}},"117":{"start":{"line":264,"column":4},"end":{"line":267,"column":null}},"118":{"start":{"line":270,"column":13},"end":{"line":270,"column":null}},"119":{"start":{"line":271,"column":2},"end":{"line":274,"column":null}},"120":{"start":{"line":280,"column":40},"end":{"line":280,"column":null}},"121":{"start":{"line":281,"column":2},"end":{"line":281,"column":null}},"122":{"start":{"line":281,"column":15},"end":{"line":281,"column":null}},"123":{"start":{"line":283,"column":11},"end":{"line":283,"column":null}},"124":{"start":{"line":285,"column":2},"end":{"line":297,"column":null}},"125":{"start":{"line":287,"column":14},"end":{"line":287,"column":null}},"126":{"start":{"line":288,"column":14},"end":{"line":288,"column":null}},"127":{"start":{"line":289,"column":14},"end":{"line":289,"column":null}},"128":{"start":{"line":290,"column":14},"end":{"line":290,"column":null}},"129":{"start":{"line":291,"column":4},"end":{"line":291,"column":null}},"130":{"start":{"line":292,"column":2},"end":{"line":297,"column":null}},"131":{"start":{"line":294,"column":14},"end":{"line":294,"column":null}},"132":{"start":{"line":295,"column":18},"end":{"line":295,"column":null}},"133":{"start":{"line":296,"column":4},"end":{"line":296,"column":null}},"134":{"start":{"line":299,"column":2},"end":{"line":312,"column":null}},"135":{"start":{"line":319,"column":22},"end":{"line":319,"column":null}},"136":{"start":{"line":320,"column":26},"end":{"line":320,"column":null}},"137":{"start":{"line":321,"column":30},"end":{"line":321,"column":null}},"138":{"start":{"line":322,"column":40},"end":{"line":322,"column":null}},"139":{"start":{"line":323,"column":28},"end":{"line":323,"column":null}},"140":{"start":{"line":325,"column":24},"end":{"line":325,"column":null}},"141":{"start":{"line":326,"column":28},"end":{"line":326,"column":null}},"142":{"start":{"line":329,"column":8},"end":{"line":329,"column":null}},"143":{"start":{"line":330,"column":34},"end":{"line":330,"column":null}},"144":{"start":{"line":332,"column":8},"end":{"line":332,"column":null}},"145":{"start":{"line":332,"column":36},"end":{"line":332,"column":66}},"146":{"start":{"line":333,"column":8},"end":{"line":336,"column":null}},"147":{"start":{"line":334,"column":10},"end":{"line":334,"column":null}},"148":{"start":{"line":337,"column":8},"end":{"line":346,"column":null}},"149":{"start":{"line":338,"column":4},"end":{"line":338,"column":null}},"150":{"start":{"line":338,"column":40},"end":{"line":338,"column":null}},"151":{"start":{"line":339,"column":17},"end":{"line":344,"column":null}},"152":{"start":{"line":345,"column":4},"end":{"line":345,"column":null}},"153":{"start":{"line":348,"column":8},"end":{"line":361,"column":null}},"154":{"start":{"line":349,"column":14},"end":{"line":349,"column":null}},"155":{"start":{"line":350,"column":4},"end":{"line":350,"column":null}},"156":{"start":{"line":350,"column":30},"end":{"line":350,"column":44}},"157":{"start":{"line":352,"column":4},"end":{"line":359,"column":null}},"158":{"start":{"line":353,"column":6},"end":{"line":358,"column":null}},"159":{"start":{"line":360,"column":4},"end":{"line":360,"column":null}},"160":{"start":{"line":363,"column":8},"end":{"line":366,"column":null}},"161":{"start":{"line":364,"column":4},"end":{"line":364,"column":null}},"162":{"start":{"line":369,"column":16},"end":{"line":369,"column":null}},"163":{"start":{"line":370,"column":14},"end":{"line":370,"column":null}},"164":{"start":{"line":371,"column":14},"end":{"line":371,"column":null}},"165":{"start":{"line":372,"column":4},"end":{"line":372,"column":null}},"166":{"start":{"line":372,"column":16},"end":{"line":372,"column":null}},"167":{"start":{"line":376,"column":2},"end":{"line":420,"column":null}},"168":{"start":{"line":377,"column":20},"end":{"line":377,"column":null}},"169":{"start":{"line":380,"column":6},"end":{"line":380,"column":null}},"170":{"start":{"line":381,"column":6},"end":{"line":413,"column":null}},"171":{"start":{"line":382,"column":21},"end":{"line":382,"column":null}},"172":{"start":{"line":383,"column":8},"end":{"line":386,"column":null}},"173":{"start":{"line":384,"column":10},"end":{"line":384,"column":null}},"174":{"start":{"line":384,"column":26},"end":{"line":384,"column":null}},"175":{"start":{"line":385,"column":10},"end":{"line":385,"column":null}},"176":{"start":{"line":388,"column":22},"end":{"line":388,"column":null}},"177":{"start":{"line":389,"column":20},"end":{"line":389,"column":null}},"178":{"start":{"line":391,"column":8},"end":{"line":396,"column":null}},"179":{"start":{"line":392,"column":24},"end":{"line":394,"column":null}},"180":{"start":{"line":395,"column":10},"end":{"line":395,"column":null}},"181":{"start":{"line":398,"column":32},"end":{"line":398,"column":null}},"182":{"start":{"line":399,"column":8},"end":{"line":399,"column":null}},"183":{"start":{"line":399,"column":19},"end":{"line":399,"column":null}},"184":{"start":{"line":401,"column":18},"end":{"line":405,"column":null}},"185":{"start":{"line":407,"column":8},"end":{"line":407,"column":null}},"186":{"start":{"line":407,"column":24},"end":{"line":407,"column":null}},"187":{"start":{"line":409,"column":8},"end":{"line":409,"column":null}},"188":{"start":{"line":410,"column":8},"end":{"line":410,"column":null}},"189":{"start":{"line":410,"column":24},"end":{"line":410,"column":null}},"190":{"start":{"line":412,"column":8},"end":{"line":412,"column":null}},"191":{"start":{"line":412,"column":24},"end":{"line":412,"column":null}},"192":{"start":{"line":416,"column":4},"end":{"line":416,"column":null}},"193":{"start":{"line":417,"column":4},"end":{"line":419,"column":null}},"194":{"start":{"line":418,"column":6},"end":{"line":418,"column":null}},"195":{"start":{"line":422,"column":8},"end":{"line":425,"column":null}},"196":{"start":{"line":423,"column":10},"end":{"line":423,"column":null}},"197":{"start":{"line":423,"column":35},"end":{"line":423,"column":53}},"198":{"start":{"line":427,"column":2},"end":{"line":563,"column":null}},"199":{"start":{"line":434,"column":27},"end":{"line":434,"column":null}},"200":{"start":{"line":488,"column":31},"end":{"line":488,"column":null}},"201":{"start":{"line":489,"column":16},"end":{"line":499,"column":null}},"202":{"start":{"line":493,"column":35},"end":{"line":493,"column":null}},"203":{"start":{"line":512,"column":29},"end":{"line":512,"column":null}},"204":{"start":{"line":512,"column":53},"end":{"line":512,"column":55}},"205":{"start":{"line":547,"column":29},"end":{"line":547,"column":null}},"206":{"start":{"line":548,"column":14},"end":{"line":557,"column":null}}},"fnMap":{"0":{"name":"anchorsToArray","decl":{"start":{"line":32,"column":9},"end":{"line":32,"column":24}},"loc":{"start":{"line":32,"column":33},"end":{"line":47,"column":null}},"line":32},"1":{"name":"(anonymous_1)","decl":{"start":{"line":34,"column":23},"end":{"line":34,"column":24}},"loc":{"start":{"line":34,"column":34},"end":{"line":39,"column":6}},"line":34},"2":{"name":"(anonymous_2)","decl":{"start":{"line":41,"column":43},"end":{"line":41,"column":44}},"loc":{"start":{"line":41,"column":58},"end":{"line":46,"column":4}},"line":41},"3":{"name":"detectCoordMode","decl":{"start":{"line":49,"column":9},"end":{"line":49,"column":25}},"loc":{"start":{"line":49,"column":30},"end":{"line":59,"column":null}},"line":49},"4":{"name":"toPercentAnchors","decl":{"start":{"line":61,"column":9},"end":{"line":61,"column":26}},"loc":{"start":{"line":61,"column":49},"end":{"line":76,"column":null}},"line":61},"5":{"name":"(anonymous_5)","decl":{"start":{"line":62,"column":17},"end":{"line":62,"column":18}},"loc":{"start":{"line":62,"column":24},"end":{"line":75,"column":3}},"line":62},"6":{"name":"PillGroup","decl":{"start":{"line":80,"column":9},"end":{"line":80,"column":19}},"loc":{"start":{"line":80,"column":49},"end":{"line":98,"column":null}},"line":80},"7":{"name":"(anonymous_7)","decl":{"start":{"line":83,"column":19},"end":{"line":83,"column":20}},"loc":{"start":{"line":83,"column":28},"end":{"line":95,"column":7}},"line":83},"8":{"name":"(anonymous_8)","decl":{"start":{"line":89,"column":21},"end":{"line":89,"column":27}},"loc":{"start":{"line":89,"column":27},"end":{"line":89,"column":null}},"line":89},"9":{"name":"TimeRangePills","decl":{"start":{"line":100,"column":9},"end":{"line":100,"column":24}},"loc":{"start":{"line":100,"column":45},"end":{"line":118,"column":null}},"line":100},"10":{"name":"(anonymous_10)","decl":{"start":{"line":103,"column":23},"end":{"line":103,"column":24}},"loc":{"start":{"line":103,"column":30},"end":{"line":115,"column":7}},"line":103},"11":{"name":"(anonymous_11)","decl":{"start":{"line":109,"column":21},"end":{"line":109,"column":27}},"loc":{"start":{"line":109,"column":27},"end":{"line":109,"column":null}},"line":109},"12":{"name":"normalizeShotTypeLabel","decl":{"start":{"line":122,"column":9},"end":{"line":122,"column":32}},"loc":{"start":{"line":122,"column":37},"end":{"line":133,"column":null}},"line":122},"13":{"name":"isFreeThrowEvent","decl":{"start":{"line":135,"column":9},"end":{"line":135,"column":26}},"loc":{"start":{"line":135,"column":29},"end":{"line":145,"column":null}},"line":135},"14":{"name":"computeZonesFromEvents","decl":{"start":{"line":147,"column":9},"end":{"line":147,"column":32}},"loc":{"start":{"line":147,"column":75},"end":{"line":258,"column":null}},"line":147},"15":{"name":"(anonymous_15)","decl":{"start":{"line":151,"column":33},"end":{"line":151,"column":34}},"loc":{"start":{"line":151,"column":40},"end":{"line":171,"column":3}},"line":151},"16":{"name":"ensureZone","decl":{"start":{"line":178,"column":11},"end":{"line":178,"column":22}},"loc":{"start":{"line":178,"column":44},"end":{"line":192,"column":null}},"line":178},"17":{"name":"(anonymous_17)","decl":{"start":{"line":180,"column":30},"end":{"line":180,"column":31}},"loc":{"start":{"line":180,"column":37},"end":{"line":180,"column":48}},"line":180},"18":{"name":"(anonymous_18)","decl":{"start":{"line":232,"column":29},"end":{"line":232,"column":30}},"loc":{"start":{"line":232,"column":36},"end":{"line":232,"column":53}},"line":232},"19":{"name":"(anonymous_19)","decl":{"start":{"line":235,"column":14},"end":{"line":235,"column":15}},"loc":{"start":{"line":235,"column":21},"end":{"line":235,"column":39}},"line":235},"20":{"name":"(anonymous_20)","decl":{"start":{"line":236,"column":14},"end":{"line":236,"column":15}},"loc":{"start":{"line":236,"column":26},"end":{"line":236,"column":44}},"line":236},"21":{"name":"(anonymous_21)","decl":{"start":{"line":251,"column":24},"end":{"line":251,"column":25}},"loc":{"start":{"line":251,"column":31},"end":{"line":251,"column":48}},"line":251},"22":{"name":"(anonymous_22)","decl":{"start":{"line":256,"column":12},"end":{"line":256,"column":13}},"loc":{"start":{"line":256,"column":19},"end":{"line":256,"column":55}},"line":256},"23":{"name":"(anonymous_23)","decl":{"start":{"line":257,"column":10},"end":{"line":257,"column":11}},"loc":{"start":{"line":257,"column":20},"end":{"line":257,"column":50}},"line":257},"24":{"name":"zoneDisplayValue","decl":{"start":{"line":260,"column":9},"end":{"line":260,"column":26}},"loc":{"start":{"line":260,"column":38},"end":{"line":275,"column":null}},"line":260},"25":{"name":"ZoneChip","decl":{"start":{"line":279,"column":9},"end":{"line":279,"column":18}},"loc":{"start":{"line":279,"column":51},"end":{"line":314,"column":null}},"line":279},"26":{"name":"Heatmap","decl":{"start":{"line":318,"column":24},"end":{"line":318,"column":32}},"loc":{"start":{"line":318,"column":46},"end":{"line":565,"column":null}},"line":318},"27":{"name":"(anonymous_27)","decl":{"start":{"line":332,"column":30},"end":{"line":332,"column":36}},"loc":{"start":{"line":332,"column":36},"end":{"line":332,"column":66}},"line":332},"28":{"name":"(anonymous_28)","decl":{"start":{"line":334,"column":4},"end":{"line":334,"column":10}},"loc":{"start":{"line":334,"column":10},"end":{"line":334,"column":null}},"line":334},"29":{"name":"(anonymous_29)","decl":{"start":{"line":337,"column":29},"end":{"line":337,"column":35}},"loc":{"start":{"line":337,"column":35},"end":{"line":346,"column":5}},"line":337},"30":{"name":"(anonymous_30)","decl":{"start":{"line":348,"column":28},"end":{"line":348,"column":34}},"loc":{"start":{"line":348,"column":34},"end":{"line":361,"column":5}},"line":348},"31":{"name":"(anonymous_31)","decl":{"start":{"line":350,"column":23},"end":{"line":350,"column":24}},"loc":{"start":{"line":350,"column":30},"end":{"line":350,"column":44}},"line":350},"32":{"name":"(anonymous_32)","decl":{"start":{"line":364,"column":4},"end":{"line":364,"column":10}},"loc":{"start":{"line":364,"column":4},"end":{"line":364,"column":null}},"line":364},"33":{"name":"handleImgLoad","decl":{"start":{"line":368,"column":11},"end":{"line":368,"column":25}},"loc":{"start":{"line":368,"column":28},"end":{"line":373,"column":null}},"line":368},"34":{"name":"(anonymous_34)","decl":{"start":{"line":376,"column":12},"end":{"line":376,"column":18}},"loc":{"start":{"line":376,"column":18},"end":{"line":420,"column":5}},"line":376},"35":{"name":"load","decl":{"start":{"line":379,"column":19},"end":{"line":379,"column":26}},"loc":{"start":{"line":379,"column":26},"end":{"line":414,"column":null}},"line":379},"36":{"name":"(anonymous_36)","decl":{"start":{"line":417,"column":11},"end":{"line":417,"column":17}},"loc":{"start":{"line":417,"column":17},"end":{"line":419,"column":null}},"line":417},"37":{"name":"(anonymous_37)","decl":{"start":{"line":423,"column":4},"end":{"line":423,"column":10}},"loc":{"start":{"line":423,"column":10},"end":{"line":423,"column":null}},"line":423},"38":{"name":"(anonymous_38)","decl":{"start":{"line":423,"column":23},"end":{"line":423,"column":24}},"loc":{"start":{"line":423,"column":35},"end":{"line":423,"column":53}},"line":423},"39":{"name":"(anonymous_39)","decl":{"start":{"line":434,"column":21},"end":{"line":434,"column":27}},"loc":{"start":{"line":434,"column":27},"end":{"line":434,"column":null}},"line":434},"40":{"name":"(anonymous_40)","decl":{"start":{"line":487,"column":37},"end":{"line":487,"column":38}},"loc":{"start":{"line":487,"column":46},"end":{"line":501,"column":15}},"line":487},"41":{"name":"(anonymous_41)","decl":{"start":{"line":493,"column":29},"end":{"line":493,"column":35}},"loc":{"start":{"line":493,"column":35},"end":{"line":493,"column":null}},"line":493},"42":{"name":"(anonymous_42)","decl":{"start":{"line":512,"column":23},"end":{"line":512,"column":29}},"loc":{"start":{"line":512,"column":29},"end":{"line":512,"column":null}},"line":512},"43":{"name":"(anonymous_43)","decl":{"start":{"line":512,"column":46},"end":{"line":512,"column":47}},"loc":{"start":{"line":512,"column":53},"end":{"line":512,"column":55}},"line":512},"44":{"name":"(anonymous_44)","decl":{"start":{"line":546,"column":23},"end":{"line":546,"column":24}},"loc":{"start":{"line":546,"column":30},"end":{"line":559,"column":13}},"line":546},"45":{"name":"(anonymous_45)","decl":{"start":{"line":554,"column":27},"end":{"line":554,"column":33}},"loc":{"start":{"line":554,"column":33},"end":{"line":556,"column":null}},"line":554}},"branchMap":{"0":{"loc":{"start":{"line":9,"column":25},"end":{"line":9,"column":null}},"type":"binary-expr","locations":[{"start":{"line":9,"column":25},"end":{"line":9,"column":47}},{"start":{"line":9,"column":47},"end":{"line":9,"column":69}},{"start":{"line":9,"column":69},"end":{"line":9,"column":null}}],"line":9},"1":{"loc":{"start":{"line":33,"column":2},"end":{"line":40,"column":null}},"type":"if","locations":[{"start":{"line":33,"column":2},"end":{"line":40,"column":null}},{"start":{},"end":{}}],"line":33},"2":{"loc":{"start":{"line":35,"column":10},"end":{"line":35,"column":null}},"type":"binary-expr","locations":[{"start":{"line":35,"column":10},"end":{"line":35,"column":18}},{"start":{"line":35,"column":18},"end":{"line":35,"column":27}},{"start":{"line":35,"column":27},"end":{"line":35,"column":39}},{"start":{"line":35,"column":39},"end":{"line":35,"column":null}}],"line":35},"3":{"loc":{"start":{"line":38,"column":13},"end":{"line":38,"column":null}},"type":"binary-expr","locations":[{"start":{"line":38,"column":13},"end":{"line":38,"column":25}},{"start":{"line":38,"column":25},"end":{"line":38,"column":33}},{"start":{"line":38,"column":33},"end":{"line":38,"column":45}},{"start":{"line":38,"column":45},"end":{"line":38,"column":null}}],"line":38},"4":{"loc":{"start":{"line":41,"column":24},"end":{"line":41,"column":37}},"type":"binary-expr","locations":[{"start":{"line":41,"column":24},"end":{"line":41,"column":35}},{"start":{"line":41,"column":35},"end":{"line":41,"column":37}}],"line":41},"5":{"loc":{"start":{"line":45,"column":11},"end":{"line":45,"column":null}},"type":"binary-expr","locations":[{"start":{"line":45,"column":11},"end":{"line":45,"column":23}},{"start":{"line":45,"column":23},"end":{"line":45,"column":null}}],"line":45},"6":{"loc":{"start":{"line":53,"column":26},"end":{"line":53,"column":34}},"type":"binary-expr","locations":[{"start":{"line":53,"column":26},"end":{"line":53,"column":33}},{"start":{"line":53,"column":33},"end":{"line":53,"column":34}}],"line":53},"7":{"loc":{"start":{"line":54,"column":26},"end":{"line":54,"column":34}},"type":"binary-expr","locations":[{"start":{"line":54,"column":26},"end":{"line":54,"column":33}},{"start":{"line":54,"column":33},"end":{"line":54,"column":34}}],"line":54},"8":{"loc":{"start":{"line":56,"column":2},"end":{"line":56,"column":null}},"type":"if","locations":[{"start":{"line":56,"column":2},"end":{"line":56,"column":null}},{"start":{},"end":{}}],"line":56},"9":{"loc":{"start":{"line":56,"column":6},"end":{"line":56,"column":30}},"type":"binary-expr","locations":[{"start":{"line":56,"column":6},"end":{"line":56,"column":19}},{"start":{"line":56,"column":19},"end":{"line":56,"column":30}}],"line":56},"10":{"loc":{"start":{"line":57,"column":2},"end":{"line":57,"column":null}},"type":"if","locations":[{"start":{"line":57,"column":2},"end":{"line":57,"column":null}},{"start":{},"end":{}}],"line":57},"11":{"loc":{"start":{"line":57,"column":6},"end":{"line":57,"column":32}},"type":"binary-expr","locations":[{"start":{"line":57,"column":6},"end":{"line":57,"column":20}},{"start":{"line":57,"column":20},"end":{"line":57,"column":32}}],"line":57},"12":{"loc":{"start":{"line":64,"column":4},"end":{"line":73,"column":null}},"type":"if","locations":[{"start":{"line":64,"column":4},"end":{"line":73,"column":null}},{"start":{"line":67,"column":4},"end":{"line":73,"column":null}}],"line":64},"13":{"loc":{"start":{"line":67,"column":4},"end":{"line":73,"column":null}},"type":"if","locations":[{"start":{"line":67,"column":4},"end":{"line":73,"column":null}},{"start":{"line":70,"column":11},"end":{"line":73,"column":null}}],"line":67},"14":{"loc":{"start":{"line":90,"column":38},"end":{"line":90,"column":null}},"type":"cond-expr","locations":[{"start":{"line":90,"column":47},"end":{"line":90,"column":70}},{"start":{"line":90,"column":70},"end":{"line":90,"column":null}}],"line":90},"15":{"loc":{"start":{"line":110,"column":38},"end":{"line":110,"column":null}},"type":"cond-expr","locations":[{"start":{"line":110,"column":47},"end":{"line":110,"column":70}},{"start":{"line":110,"column":70},"end":{"line":110,"column":null}}],"line":110},"16":{"loc":{"start":{"line":123,"column":19},"end":{"line":123,"column":28}},"type":"binary-expr","locations":[{"start":{"line":123,"column":19},"end":{"line":123,"column":26}},{"start":{"line":123,"column":26},"end":{"line":123,"column":28}}],"line":123},"17":{"loc":{"start":{"line":124,"column":2},"end":{"line":124,"column":null}},"type":"if","locations":[{"start":{"line":124,"column":2},"end":{"line":124,"column":null}},{"start":{},"end":{}}],"line":124},"18":{"loc":{"start":{"line":126,"column":2},"end":{"line":126,"column":null}},"type":"if","locations":[{"start":{"line":126,"column":2},"end":{"line":126,"column":null}},{"start":{},"end":{}}],"line":126},"19":{"loc":{"start":{"line":126,"column":6},"end":{"line":126,"column":49}},"type":"binary-expr","locations":[{"start":{"line":126,"column":6},"end":{"line":126,"column":28}},{"start":{"line":126,"column":28},"end":{"line":126,"column":49}}],"line":126},"20":{"loc":{"start":{"line":127,"column":2},"end":{"line":127,"column":null}},"type":"if","locations":[{"start":{"line":127,"column":2},"end":{"line":127,"column":null}},{"start":{},"end":{}}],"line":127},"21":{"loc":{"start":{"line":127,"column":6},"end":{"line":127,"column":50}},"type":"binary-expr","locations":[{"start":{"line":127,"column":6},"end":{"line":127,"column":27}},{"start":{"line":127,"column":27},"end":{"line":127,"column":50}}],"line":127},"22":{"loc":{"start":{"line":128,"column":2},"end":{"line":128,"column":null}},"type":"if","locations":[{"start":{"line":128,"column":2},"end":{"line":128,"column":null}},{"start":{},"end":{}}],"line":128},"23":{"loc":{"start":{"line":128,"column":6},"end":{"line":128,"column":50}},"type":"binary-expr","locations":[{"start":{"line":128,"column":6},"end":{"line":128,"column":29}},{"start":{"line":128,"column":29},"end":{"line":128,"column":50}}],"line":128},"24":{"loc":{"start":{"line":129,"column":2},"end":{"line":129,"column":null}},"type":"if","locations":[{"start":{"line":129,"column":2},"end":{"line":129,"column":null}},{"start":{},"end":{}}],"line":129},"25":{"loc":{"start":{"line":129,"column":6},"end":{"line":129,"column":49}},"type":"binary-expr","locations":[{"start":{"line":129,"column":6},"end":{"line":129,"column":29}},{"start":{"line":129,"column":29},"end":{"line":129,"column":49}}],"line":129},"26":{"loc":{"start":{"line":130,"column":2},"end":{"line":130,"column":null}},"type":"if","locations":[{"start":{"line":130,"column":2},"end":{"line":130,"column":null}},{"start":{},"end":{}}],"line":130},"27":{"loc":{"start":{"line":130,"column":6},"end":{"line":130,"column":49}},"type":"binary-expr","locations":[{"start":{"line":130,"column":6},"end":{"line":130,"column":29}},{"start":{"line":130,"column":29},"end":{"line":130,"column":49}}],"line":130},"28":{"loc":{"start":{"line":136,"column":27},"end":{"line":136,"column":40}},"type":"binary-expr","locations":[{"start":{"line":136,"column":27},"end":{"line":136,"column":38}},{"start":{"line":136,"column":38},"end":{"line":136,"column":40}}],"line":136},"29":{"loc":{"start":{"line":141,"column":4},"end":{"line":143,"column":null}},"type":"binary-expr","locations":[{"start":{"line":141,"column":4},"end":{"line":141,"column":null}},{"start":{"line":142,"column":4},"end":{"line":142,"column":null}},{"start":{"line":143,"column":4},"end":{"line":143,"column":null}}],"line":141},"30":{"loc":{"start":{"line":148,"column":2},"end":{"line":148,"column":null}},"type":"if","locations":[{"start":{"line":148,"column":2},"end":{"line":148,"column":null}},{"start":{},"end":{}}],"line":148},"31":{"loc":{"start":{"line":148,"column":6},"end":{"line":148,"column":48}},"type":"binary-expr","locations":[{"start":{"line":148,"column":6},"end":{"line":148,"column":32}},{"start":{"line":148,"column":32},"end":{"line":148,"column":48}}],"line":148},"32":{"loc":{"start":{"line":157,"column":4},"end":{"line":157,"column":null}},"type":"if","locations":[{"start":{"line":157,"column":4},"end":{"line":157,"column":null}},{"start":{},"end":{}}],"line":157},"33":{"loc":{"start":{"line":157,"column":8},"end":{"line":157,"column":35}},"type":"binary-expr","locations":[{"start":{"line":157,"column":8},"end":{"line":157,"column":25}},{"start":{"line":157,"column":25},"end":{"line":157,"column":35}}],"line":157},"34":{"loc":{"start":{"line":160,"column":4},"end":{"line":162,"column":null}},"type":"if","locations":[{"start":{"line":160,"column":4},"end":{"line":162,"column":null}},{"start":{},"end":{}}],"line":160},"35":{"loc":{"start":{"line":164,"column":4},"end":{"line":167,"column":null}},"type":"if","locations":[{"start":{"line":164,"column":4},"end":{"line":167,"column":null}},{"start":{},"end":{}}],"line":164},"36":{"loc":{"start":{"line":164,"column":8},"end":{"line":164,"column":68}},"type":"binary-expr","locations":[{"start":{"line":164,"column":8},"end":{"line":164,"column":40}},{"start":{"line":164,"column":40},"end":{"line":164,"column":68}}],"line":164},"37":{"loc":{"start":{"line":165,"column":6},"end":{"line":165,"column":null}},"type":"if","locations":[{"start":{"line":165,"column":6},"end":{"line":165,"column":null}},{"start":{},"end":{}}],"line":165},"38":{"loc":{"start":{"line":173,"column":2},"end":{"line":173,"column":null}},"type":"if","locations":[{"start":{"line":173,"column":2},"end":{"line":173,"column":null}},{"start":{},"end":{}}],"line":173},"39":{"loc":{"start":{"line":178,"column":26},"end":{"line":178,"column":44}},"type":"default-arg","locations":[{"start":{"line":178,"column":37},"end":{"line":178,"column":44}}],"line":178},"40":{"loc":{"start":{"line":179,"column":4},"end":{"line":190,"column":null}},"type":"if","locations":[{"start":{"line":179,"column":4},"end":{"line":190,"column":null}},{"start":{},"end":{}}],"line":179},"41":{"loc":{"start":{"line":180,"column":19},"end":{"line":180,"column":null}},"type":"binary-expr","locations":[{"start":{"line":180,"column":19},"end":{"line":180,"column":53}},{"start":{"line":180,"column":53},"end":{"line":180,"column":null}}],"line":180},"42":{"loc":{"start":{"line":183,"column":15},"end":{"line":183,"column":null}},"type":"binary-expr","locations":[{"start":{"line":183,"column":15},"end":{"line":183,"column":29}},{"start":{"line":183,"column":29},"end":{"line":183,"column":null}}],"line":183},"43":{"loc":{"start":{"line":188,"column":25},"end":{"line":188,"column":null}},"type":"binary-expr","locations":[{"start":{"line":188,"column":25},"end":{"line":188,"column":37}},{"start":{"line":188,"column":37},"end":{"line":188,"column":null}}],"line":188},"44":{"loc":{"start":{"line":199,"column":6},"end":{"line":203,"column":null}},"type":"cond-expr","locations":[{"start":{"line":200,"column":10},"end":{"line":200,"column":null}},{"start":{"line":201,"column":10},"end":{"line":203,"column":null}}],"line":199},"45":{"loc":{"start":{"line":201,"column":10},"end":{"line":203,"column":null}},"type":"cond-expr","locations":[{"start":{"line":202,"column":10},"end":{"line":202,"column":null}},{"start":{"line":203,"column":10},"end":{"line":203,"column":null}}],"line":201},"46":{"loc":{"start":{"line":206,"column":6},"end":{"line":210,"column":null}},"type":"cond-expr","locations":[{"start":{"line":207,"column":10},"end":{"line":207,"column":null}},{"start":{"line":208,"column":10},"end":{"line":210,"column":null}}],"line":206},"47":{"loc":{"start":{"line":208,"column":10},"end":{"line":210,"column":null}},"type":"cond-expr","locations":[{"start":{"line":209,"column":10},"end":{"line":209,"column":null}},{"start":{"line":210,"column":10},"end":{"line":210,"column":null}}],"line":208},"48":{"loc":{"start":{"line":212,"column":4},"end":{"line":212,"column":null}},"type":"if","locations":[{"start":{"line":212,"column":4},"end":{"line":212,"column":null}},{"start":{},"end":{}}],"line":212},"49":{"loc":{"start":{"line":214,"column":4},"end":{"line":223,"column":null}},"type":"if","locations":[{"start":{"line":214,"column":4},"end":{"line":223,"column":null}},{"start":{"line":218,"column":11},"end":{"line":223,"column":null}}],"line":214},"50":{"loc":{"start":{"line":219,"column":18},"end":{"line":219,"column":null}},"type":"binary-expr","locations":[{"start":{"line":219,"column":18},"end":{"line":219,"column":31}},{"start":{"line":219,"column":31},"end":{"line":219,"column":null}}],"line":219},"51":{"loc":{"start":{"line":227,"column":2},"end":{"line":227,"column":null}},"type":"if","locations":[{"start":{"line":227,"column":2},"end":{"line":227,"column":null}},{"start":{},"end":{}}],"line":227},"52":{"loc":{"start":{"line":231,"column":2},"end":{"line":237,"column":null}},"type":"if","locations":[{"start":{"line":231,"column":2},"end":{"line":237,"column":null}},{"start":{"line":233,"column":9},"end":{"line":237,"column":null}}],"line":231},"53":{"loc":{"start":{"line":232,"column":20},"end":{"line":232,"column":null}},"type":"binary-expr","locations":[{"start":{"line":232,"column":20},"end":{"line":232,"column":68}},{"start":{"line":232,"column":68},"end":{"line":232,"column":null}}],"line":232},"54":{"loc":{"start":{"line":241,"column":4},"end":{"line":246,"column":null}},"type":"if","locations":[{"start":{"line":241,"column":4},"end":{"line":246,"column":null}},{"start":{},"end":{}}],"line":241},"55":{"loc":{"start":{"line":243,"column":6},"end":{"line":245,"column":null}},"type":"if","locations":[{"start":{"line":243,"column":6},"end":{"line":245,"column":null}},{"start":{},"end":{}}],"line":243},"56":{"loc":{"start":{"line":250,"column":2},"end":{"line":253,"column":null}},"type":"if","locations":[{"start":{"line":250,"column":2},"end":{"line":253,"column":null}},{"start":{},"end":{}}],"line":250},"57":{"loc":{"start":{"line":252,"column":11},"end":{"line":252,"column":null}},"type":"cond-expr","locations":[{"start":{"line":252,"column":31},"end":{"line":252,"column":38}},{"start":{"line":252,"column":38},"end":{"line":252,"column":null}}],"line":252},"58":{"loc":{"start":{"line":252,"column":11},"end":{"line":252,"column":31}},"type":"binary-expr","locations":[{"start":{"line":252,"column":11},"end":{"line":252,"column":17}},{"start":{"line":252,"column":17},"end":{"line":252,"column":31}}],"line":252},"59":{"loc":{"start":{"line":256,"column":19},"end":{"line":256,"column":55}},"type":"binary-expr","locations":[{"start":{"line":256,"column":19},"end":{"line":256,"column":41}},{"start":{"line":256,"column":41},"end":{"line":256,"column":55}}],"line":256},"60":{"loc":{"start":{"line":261,"column":2},"end":{"line":261,"column":null}},"type":"if","locations":[{"start":{"line":261,"column":2},"end":{"line":261,"column":null}},{"start":{},"end":{}}],"line":261},"61":{"loc":{"start":{"line":262,"column":2},"end":{"line":268,"column":null}},"type":"if","locations":[{"start":{"line":262,"column":2},"end":{"line":268,"column":null}},{"start":{},"end":{}}],"line":262},"62":{"loc":{"start":{"line":263,"column":16},"end":{"line":263,"column":null}},"type":"binary-expr","locations":[{"start":{"line":263,"column":16},"end":{"line":263,"column":34}},{"start":{"line":263,"column":34},"end":{"line":263,"column":null}}],"line":263},"63":{"loc":{"start":{"line":270,"column":13},"end":{"line":270,"column":null}},"type":"binary-expr","locations":[{"start":{"line":270,"column":13},"end":{"line":270,"column":27}},{"start":{"line":270,"column":27},"end":{"line":270,"column":null}}],"line":270},"64":{"loc":{"start":{"line":281,"column":2},"end":{"line":281,"column":null}},"type":"if","locations":[{"start":{"line":281,"column":2},"end":{"line":281,"column":null}},{"start":{},"end":{}}],"line":281},"65":{"loc":{"start":{"line":285,"column":2},"end":{"line":297,"column":null}},"type":"if","locations":[{"start":{"line":285,"column":2},"end":{"line":297,"column":null}},{"start":{"line":292,"column":2},"end":{"line":297,"column":null}}],"line":285},"66":{"loc":{"start":{"line":292,"column":2},"end":{"line":297,"column":null}},"type":"if","locations":[{"start":{"line":292,"column":2},"end":{"line":297,"column":null}},{"start":{},"end":{}}],"line":292},"67":{"loc":{"start":{"line":338,"column":4},"end":{"line":338,"column":null}},"type":"if","locations":[{"start":{"line":338,"column":4},"end":{"line":338,"column":null}},{"start":{},"end":{}}],"line":338},"68":{"loc":{"start":{"line":338,"column":8},"end":{"line":338,"column":40}},"type":"binary-expr","locations":[{"start":{"line":338,"column":8},"end":{"line":338,"column":25}},{"start":{"line":338,"column":25},"end":{"line":338,"column":40}}],"line":338},"69":{"loc":{"start":{"line":352,"column":4},"end":{"line":359,"column":null}},"type":"if","locations":[{"start":{"line":352,"column":4},"end":{"line":359,"column":null}},{"start":{},"end":{}}],"line":352},"70":{"loc":{"start":{"line":364,"column":4},"end":{"line":364,"column":null}},"type":"binary-expr","locations":[{"start":{"line":364,"column":4},"end":{"line":364,"column":35}},{"start":{"line":364,"column":35},"end":{"line":364,"column":null}}],"line":364},"71":{"loc":{"start":{"line":370,"column":14},"end":{"line":370,"column":null}},"type":"binary-expr","locations":[{"start":{"line":370,"column":14},"end":{"line":370,"column":34}},{"start":{"line":370,"column":34},"end":{"line":370,"column":null}}],"line":370},"72":{"loc":{"start":{"line":371,"column":14},"end":{"line":371,"column":null}},"type":"binary-expr","locations":[{"start":{"line":371,"column":14},"end":{"line":371,"column":35}},{"start":{"line":371,"column":35},"end":{"line":371,"column":null}}],"line":371},"73":{"loc":{"start":{"line":372,"column":4},"end":{"line":372,"column":null}},"type":"if","locations":[{"start":{"line":372,"column":4},"end":{"line":372,"column":null}},{"start":{},"end":{}}],"line":372},"74":{"loc":{"start":{"line":372,"column":8},"end":{"line":372,"column":16}},"type":"binary-expr","locations":[{"start":{"line":372,"column":8},"end":{"line":372,"column":13}},{"start":{"line":372,"column":13},"end":{"line":372,"column":16}}],"line":372},"75":{"loc":{"start":{"line":383,"column":8},"end":{"line":386,"column":null}},"type":"if","locations":[{"start":{"line":383,"column":8},"end":{"line":386,"column":null}},{"start":{},"end":{}}],"line":383},"76":{"loc":{"start":{"line":384,"column":10},"end":{"line":384,"column":null}},"type":"if","locations":[{"start":{"line":384,"column":10},"end":{"line":384,"column":null}},{"start":{},"end":{}}],"line":384},"77":{"loc":{"start":{"line":388,"column":22},"end":{"line":388,"column":null}},"type":"cond-expr","locations":[{"start":{"line":388,"column":42},"end":{"line":388,"column":58}},{"start":{"line":388,"column":58},"end":{"line":388,"column":null}}],"line":388},"78":{"loc":{"start":{"line":391,"column":8},"end":{"line":396,"column":null}},"type":"if","locations":[{"start":{"line":391,"column":8},"end":{"line":396,"column":null}},{"start":{},"end":{}}],"line":391},"79":{"loc":{"start":{"line":391,"column":12},"end":{"line":391,"column":55}},"type":"binary-expr","locations":[{"start":{"line":391,"column":12},"end":{"line":391,"column":26}},{"start":{"line":391,"column":26},"end":{"line":391,"column":55}}],"line":391},"80":{"loc":{"start":{"line":399,"column":8},"end":{"line":399,"column":null}},"type":"if","locations":[{"start":{"line":399,"column":8},"end":{"line":399,"column":null}},{"start":{},"end":{}}],"line":399},"81":{"loc":{"start":{"line":401,"column":41},"end":{"line":401,"column":53}},"type":"binary-expr","locations":[{"start":{"line":401,"column":41},"end":{"line":401,"column":49}},{"start":{"line":401,"column":49},"end":{"line":401,"column":53}}],"line":401},"82":{"loc":{"start":{"line":407,"column":8},"end":{"line":407,"column":null}},"type":"if","locations":[{"start":{"line":407,"column":8},"end":{"line":407,"column":null}},{"start":{},"end":{}}],"line":407},"83":{"loc":{"start":{"line":410,"column":8},"end":{"line":410,"column":null}},"type":"if","locations":[{"start":{"line":410,"column":8},"end":{"line":410,"column":null}},{"start":{},"end":{}}],"line":410},"84":{"loc":{"start":{"line":412,"column":8},"end":{"line":412,"column":null}},"type":"if","locations":[{"start":{"line":412,"column":8},"end":{"line":412,"column":null}},{"start":{},"end":{}}],"line":412},"85":{"loc":{"start":{"line":495,"column":37},"end":{"line":495,"column":null}},"type":"cond-expr","locations":[{"start":{"line":495,"column":46},"end":{"line":495,"column":69}},{"start":{"line":495,"column":69},"end":{"line":495,"column":null}}],"line":495},"86":{"loc":{"start":{"line":514,"column":31},"end":{"line":514,"column":null}},"type":"cond-expr","locations":[{"start":{"line":514,"column":47},"end":{"line":514,"column":70}},{"start":{"line":514,"column":70},"end":{"line":514,"column":null}}],"line":514},"87":{"loc":{"start":{"line":529,"column":15},"end":{"line":533,"column":null}},"type":"cond-expr","locations":[{"start":{"line":530,"column":18},"end":{"line":530,"column":null}},{"start":{"line":531,"column":18},"end":{"line":533,"column":null}}],"line":529},"88":{"loc":{"start":{"line":531,"column":18},"end":{"line":533,"column":null}},"type":"cond-expr","locations":[{"start":{"line":532,"column":18},"end":{"line":532,"column":null}},{"start":{"line":533,"column":18},"end":{"line":533,"column":null}}],"line":531}},"s":{"0":1,"1":1,"2":1,"3":1,"4":48,"5":0,"6":0,"7":48,"8":1104,"9":48,"10":48,"11":48,"12":1104,"13":1104,"14":48,"15":0,"16":48,"17":48,"18":0,"19":12,"20":276,"21":0,"22":0,"23":276,"24":276,"25":276,"26":0,"27":0,"28":276,"29":368,"30":736,"31":736,"32":5,"33":184,"34":736,"35":736,"36":2,"37":129,"38":129,"39":5,"40":124,"41":12,"42":112,"43":7,"44":105,"45":103,"46":2,"47":0,"48":2,"49":0,"50":2,"51":83,"52":83,"53":83,"54":83,"55":60,"56":36,"57":24,"58":46,"59":46,"60":46,"61":46,"62":1,"63":45,"64":3,"65":42,"66":42,"67":4,"68":38,"69":0,"70":24,"71":2,"72":22,"73":36,"74":25,"75":132,"76":25,"77":36,"78":22,"79":37,"80":37,"81":37,"82":37,"83":1,"84":36,"85":3,"86":3,"87":3,"88":33,"89":33,"90":33,"91":33,"92":22,"93":22,"94":0,"95":22,"96":2,"97":2,"98":20,"99":23,"100":23,"101":22,"102":25,"103":25,"104":25,"105":25,"106":22,"107":2,"108":2,"109":2,"110":20,"111":23,"112":3,"113":35,"114":0,"115":35,"116":29,"117":29,"118":6,"119":35,"120":35,"121":35,"122":5,"123":30,"124":30,"125":6,"126":6,"127":6,"128":6,"129":6,"130":24,"131":24,"132":24,"133":24,"134":30,"135":184,"136":184,"137":184,"138":184,"139":184,"140":184,"141":184,"142":184,"143":184,"144":184,"145":48,"146":184,"147":48,"148":184,"149":60,"150":48,"151":12,"152":12,"153":184,"154":60,"155":60,"156":276,"157":60,"158":60,"159":60,"160":184,"161":50,"162":13,"163":13,"164":13,"165":13,"166":13,"167":184,"168":62,"169":62,"170":62,"171":62,"172":62,"173":1,"174":1,"175":1,"176":61,"177":62,"178":62,"179":59,"180":59,"181":61,"182":61,"183":1,"184":60,"185":62,"186":59,"187":1,"188":1,"189":1,"190":62,"191":61,"192":62,"193":62,"194":62,"195":184,"196":108,"197":25,"198":184,"199":2,"200":552,"201":552,"202":4,"203":3,"204":3,"205":35,"206":35},"f":{"0":48,"1":0,"2":1104,"3":48,"4":12,"5":276,"6":368,"7":736,"8":5,"9":184,"10":736,"11":2,"12":129,"13":83,"14":60,"15":46,"16":36,"17":132,"18":2,"19":23,"20":23,"21":2,"22":23,"23":3,"24":35,"25":35,"26":184,"27":48,"28":48,"29":60,"30":60,"31":276,"32":50,"33":13,"34":62,"35":62,"36":62,"37":108,"38":25,"39":2,"40":552,"41":4,"42":3,"43":3,"44":35,"45":1},"b":{"0":[1,0,0],"1":[0,48],"2":[0,0,0,0],"3":[0,0,0,0],"4":[48,0],"5":[1104,1104],"6":[1104,0],"7":[1104,0],"8":[0,48],"9":[48,0],"10":[48,0],"11":[48,0],"12":[0,276],"13":[276,0],"14":[368,368],"15":[184,552],"16":[129,5],"17":[5,124],"18":[12,112],"19":[124,12],"20":[7,105],"21":[112,7],"22":[103,2],"23":[105,103],"24":[0,2],"25":[2,2],"26":[0,2],"27":[2,2],"28":[83,80],"29":[83,80,73],"30":[36,24],"31":[60,60],"32":[1,45],"33":[46,2],"34":[3,42],"35":[42,0],"36":[42,2],"37":[4,38],"38":[2,22],"39":[36],"40":[25,11],"41":[25,2],"42":[25,0],"43":[25,23],"44":[4,33],"45":[1,32],"46":[4,33],"47":[26,7],"48":[1,36],"49":[3,33],"50":[33,1],"51":[0,22],"52":[2,20],"53":[2,0],"54":[25,0],"55":[25,0],"56":[2,20],"57":[2,0],"58":[2,2],"59":[23,23],"60":[0,35],"61":[29,6],"62":[29,0],"63":[6,0],"64":[5,30],"65":[6,24],"66":[24,0],"67":[48,12],"68":[60,12],"69":[60,0],"70":[50,0],"71":[13,0],"72":[13,0],"73":[13,0],"74":[13,13],"75":[1,61],"76":[1,0],"77":[59,2],"78":[59,3],"79":[62,59],"80":[1,60],"81":[60,2],"82":[59,3],"83":[1,0],"84":[61,1],"85":[184,368],"86":[6,178],"87":[62,122],"88":[26,96]},"meta":{"lastBranch":89,"lastFunction":46,"lastStatement":207,"seen":{"s:9:25:9:Infinity":0,"b:9:25:9:47:9:47:9:69:9:69:9:Infinity":0,"s:12:21:15:Infinity":1,"s:18:23:21:Infinity":2,"s:24:26:28:Infinity":3,"f:32:9:32:24":0,"b:33:2:40:Infinity:undefined:undefined:undefined:undefined":1,"s:33:2:40:Infinity":4,"s:34:4:39:Infinity":5,"f:34:23:34:24":1,"s:34:34:39:6":6,"b:35:10:35:18:35:18:35:27:35:27:35:39:35:39:35:Infinity":2,"b:38:13:38:25:38:25:38:33:38:33:38:45:38:45:38:Infinity":3,"s:41:2:46:Infinity":7,"b:41:24:41:35:41:35:41:37":4,"f:41:43:41:44":2,"s:41:58:46:4":8,"b:45:11:45:23:45:23:45:Infinity":5,"f:49:9:49:25":3,"s:50:13:50:Infinity":9,"s:51:13:51:Infinity":10,"s:52:2:55:Infinity":11,"s:53:4:53:Infinity":12,"b:53:26:53:33:53:33:53:34":6,"s:54:4:54:Infinity":13,"b:54:26:54:33:54:33:54:34":7,"b:56:2:56:Infinity:undefined:undefined:undefined:undefined":8,"s:56:2:56:Infinity":14,"b:56:6:56:19:56:19:56:30":9,"s:56:30:56:Infinity":15,"b:57:2:57:Infinity:undefined:undefined:undefined:undefined":10,"s:57:2:57:Infinity":16,"b:57:6:57:20:57:20:57:32":11,"s:57:32:57:Infinity":17,"s:58:2:58:Infinity":18,"f:61:9:61:26":4,"s:62:2:75:Infinity":19,"f:62:17:62:18":5,"b:64:4:73:Infinity:67:4:73:Infinity":12,"s:64:4:73:Infinity":20,"s:65:6:65:Infinity":21,"s:66:6:66:Infinity":22,"b:67:4:73:Infinity:70:11:73:Infinity":13,"s:67:4:73:Infinity":23,"s:68:6:68:Infinity":24,"s:69:6:69:Infinity":25,"s:71:6:71:Infinity":26,"s:72:6:72:Infinity":27,"s:74:4:74:Infinity":28,"f:80:9:80:19":6,"s:81:2:96:Infinity":29,"f:83:19:83:20":7,"s:84:23:84:Infinity":30,"s:85:8:93:Infinity":31,"f:89:21:89:27":8,"s:89:27:89:Infinity":32,"b:90:47:90:70:90:70:90:Infinity":14,"f:100:9:100:24":9,"s:101:2:116:Infinity":33,"f:103:23:103:24":10,"s:104:23:104:Infinity":34,"s:105:8:113:Infinity":35,"f:109:21:109:27":11,"s:109:27:109:Infinity":36,"b:110:47:110:70:110:70:110:Infinity":15,"f:122:9:122:32":12,"s:123:12:123:Infinity":37,"b:123:19:123:26:123:26:123:28":16,"b:124:2:124:Infinity:undefined:undefined:undefined:undefined":17,"s:124:2:124:Infinity":38,"s:124:10:124:Infinity":39,"b:126:2:126:Infinity:undefined:undefined:undefined:undefined":18,"s:126:2:126:Infinity":40,"b:126:6:126:28:126:28:126:49":19,"s:126:49:126:Infinity":41,"b:127:2:127:Infinity:undefined:undefined:undefined:undefined":20,"s:127:2:127:Infinity":42,"b:127:6:127:27:127:27:127:50":21,"s:127:50:127:Infinity":43,"b:128:2:128:Infinity:undefined:undefined:undefined:undefined":22,"s:128:2:128:Infinity":44,"b:128:6:128:29:128:29:128:50":23,"s:128:50:128:Infinity":45,"b:129:2:129:Infinity:undefined:undefined:undefined:undefined":24,"s:129:2:129:Infinity":46,"b:129:6:129:29:129:29:129:49":25,"s:129:49:129:Infinity":47,"b:130:2:130:Infinity:undefined:undefined:undefined:undefined":26,"s:130:2:130:Infinity":48,"b:130:6:130:29:130:29:130:49":27,"s:130:49:130:Infinity":49,"s:132:2:132:Infinity":50,"f:135:9:135:26":13,"s:136:20:136:Infinity":51,"b:136:27:136:38:136:38:136:40":28,"s:137:17:137:Infinity":52,"s:138:20:138:Infinity":53,"s:140:2:143:Infinity":54,"b:141:4:141:Infinity:142:4:142:Infinity:143:4:143:Infinity":29,"f:147:9:147:32":14,"b:148:2:148:Infinity:undefined:undefined:undefined:undefined":30,"s:148:2:148:Infinity":55,"b:148:6:148:32:148:32:148:48":31,"s:148:48:148:Infinity":56,"s:151:19:171:Infinity":57,"f:151:33:151:34":15,"s:152:17:152:Infinity":58,"s:153:22:153:Infinity":59,"s:154:20:154:Infinity":60,"b:157:4:157:Infinity:undefined:undefined:undefined:undefined":32,"s:157:4:157:Infinity":61,"b:157:8:157:25:157:25:157:35":33,"s:157:35:157:Infinity":62,"b:160:4:162:Infinity:undefined:undefined:undefined:undefined":34,"s:160:4:162:Infinity":63,"s:161:6:161:Infinity":64,"b:164:4:167:Infinity:undefined:undefined:undefined:undefined":35,"s:164:4:167:Infinity":65,"b:164:8:164:40:164:40:164:68":36,"b:165:6:165:Infinity:undefined:undefined:undefined:undefined":37,"s:165:6:165:Infinity":66,"s:165:16:165:Infinity":67,"s:166:6:166:Infinity":68,"s:170:4:170:Infinity":69,"b:173:2:173:Infinity:undefined:undefined:undefined:undefined":38,"s:173:2:173:Infinity":70,"s:173:24:173:Infinity":71,"s:176:18:176:Infinity":72,"f:178:11:178:22":16,"b:178:37:178:44":39,"b:179:4:190:Infinity:undefined:undefined:undefined:undefined":40,"s:179:4:190:Infinity":73,"s:180:19:180:Infinity":74,"b:180:19:180:53:180:53:180:Infinity":41,"f:180:30:180:31":17,"s:180:37:180:48":75,"s:181:6:189:Infinity":76,"b:183:15:183:29:183:29:183:Infinity":42,"b:188:25:188:37:188:37:188:Infinity":43,"s:191:4:191:Infinity":77,"s:194:2:224:Infinity":78,"s:195:17:195:Infinity":79,"s:199:6:203:Infinity":80,"b:200:10:200:Infinity:201:10:203:Infinity":44,"b:202:10:202:Infinity:203:10:203:Infinity":45,"s:206:6:210:Infinity":81,"b:207:10:207:Infinity:208:10:210:Infinity":46,"b:209:10:209:Infinity:210:10:210:Infinity":47,"b:212:4:212:Infinity:undefined:undefined:undefined:undefined":48,"s:212:4:212:Infinity":82,"s:212:19:212:Infinity":83,"b:214:4:223:Infinity:218:11:223:Infinity":49,"s:214:4:223:Infinity":84,"s:215:18:215:Infinity":85,"s:216:6:216:Infinity":86,"s:217:6:217:Infinity":87,"s:219:18:219:Infinity":88,"b:219:18:219:31:219:31:219:Infinity":50,"s:220:18:220:Infinity":89,"s:221:6:221:Infinity":90,"s:222:6:222:Infinity":91,"s:226:14:226:Infinity":92,"b:227:2:227:Infinity:undefined:undefined:undefined:undefined":51,"s:227:2:227:Infinity":93,"s:227:19:227:Infinity":94,"b:231:2:237:Infinity:233:9:237:Infinity":52,"s:231:2:237:Infinity":95,"s:232:4:232:Infinity":96,"b:232:20:232:68:232:68:232:Infinity":53,"f:232:29:232:30":18,"s:232:36:232:53":97,"s:234:4:236:Infinity":98,"f:235:14:235:15":19,"s:235:21:235:39":99,"f:236:14:236:15":20,"s:236:26:236:44":100,"s:240:2:247:Infinity":101,"b:241:4:246:Infinity:undefined:undefined:undefined:undefined":54,"s:241:4:246:Infinity":102,"s:242:6:242:Infinity":103,"b:243:6:245:Infinity:undefined:undefined:undefined:undefined":55,"s:243:6:245:Infinity":104,"s:244:8:244:Infinity":105,"b:250:2:253:Infinity:undefined:undefined:undefined:undefined":56,"s:250:2:253:Infinity":106,"s:251:15:251:Infinity":107,"f:251:24:251:25":21,"s:251:31:251:48":108,"s:252:4:252:Infinity":109,"b:252:31:252:38:252:38:252:Infinity":57,"b:252:11:252:17:252:17:252:31":58,"s:255:2:257:Infinity":110,"f:256:12:256:13":22,"s:256:19:256:55":111,"b:256:19:256:41:256:41:256:55":59,"f:257:10:257:11":23,"s:257:20:257:50":112,"f:260:9:260:26":24,"b:261:2:261:Infinity:undefined:undefined:undefined:undefined":60,"s:261:2:261:Infinity":113,"s:261:13:261:Infinity":114,"b:262:2:268:Infinity:undefined:undefined:undefined:undefined":61,"s:262:2:268:Infinity":115,"s:263:16:263:Infinity":116,"b:263:16:263:34:263:34:263:Infinity":62,"s:264:4:267:Infinity":117,"s:270:13:270:Infinity":118,"b:270:13:270:27:270:27:270:Infinity":63,"s:271:2:274:Infinity":119,"f:279:9:279:18":25,"s:280:40:280:Infinity":120,"b:281:2:281:Infinity:undefined:undefined:undefined:undefined":64,"s:281:2:281:Infinity":121,"s:281:15:281:Infinity":122,"s:283:11:283:Infinity":123,"b:285:2:297:Infinity:292:2:297:Infinity":65,"s:285:2:297:Infinity":124,"s:287:14:287:Infinity":125,"s:288:14:288:Infinity":126,"s:289:14:289:Infinity":127,"s:290:14:290:Infinity":128,"s:291:4:291:Infinity":129,"b:292:2:297:Infinity:undefined:undefined:undefined:undefined":66,"s:292:2:297:Infinity":130,"s:294:14:294:Infinity":131,"s:295:18:295:Infinity":132,"s:296:4:296:Infinity":133,"s:299:2:312:Infinity":134,"f:318:24:318:32":26,"s:319:22:319:Infinity":135,"s:320:26:320:Infinity":136,"s:321:30:321:Infinity":137,"s:322:40:322:Infinity":138,"s:323:28:323:Infinity":139,"s:325:24:325:Infinity":140,"s:326:28:326:Infinity":141,"s:329:8:329:Infinity":142,"s:330:34:330:Infinity":143,"s:332:8:332:Infinity":144,"f:332:30:332:36":27,"s:332:36:332:66":145,"s:333:8:336:Infinity":146,"f:334:4:334:10":28,"s:334:10:334:Infinity":147,"s:337:8:346:Infinity":148,"f:337:29:337:35":29,"b:338:4:338:Infinity:undefined:undefined:undefined:undefined":67,"s:338:4:338:Infinity":149,"b:338:8:338:25:338:25:338:40":68,"s:338:40:338:Infinity":150,"s:339:17:344:Infinity":151,"s:345:4:345:Infinity":152,"s:348:8:361:Infinity":153,"f:348:28:348:34":30,"s:349:14:349:Infinity":154,"s:350:4:350:Infinity":155,"f:350:23:350:24":31,"s:350:30:350:44":156,"b:352:4:359:Infinity:undefined:undefined:undefined:undefined":69,"s:352:4:359:Infinity":157,"s:353:6:358:Infinity":158,"s:360:4:360:Infinity":159,"s:363:8:366:Infinity":160,"f:364:4:364:10":32,"s:364:4:364:Infinity":161,"b:364:4:364:35:364:35:364:Infinity":70,"f:368:11:368:25":33,"s:369:16:369:Infinity":162,"s:370:14:370:Infinity":163,"b:370:14:370:34:370:34:370:Infinity":71,"s:371:14:371:Infinity":164,"b:371:14:371:35:371:35:371:Infinity":72,"b:372:4:372:Infinity:undefined:undefined:undefined:undefined":73,"s:372:4:372:Infinity":165,"b:372:8:372:13:372:13:372:16":74,"s:372:16:372:Infinity":166,"s:376:2:420:Infinity":167,"f:376:12:376:18":34,"s:377:20:377:Infinity":168,"f:379:19:379:26":35,"s:380:6:380:Infinity":169,"s:381:6:413:Infinity":170,"s:382:21:382:Infinity":171,"b:383:8:386:Infinity:undefined:undefined:undefined:undefined":75,"s:383:8:386:Infinity":172,"b:384:10:384:Infinity:undefined:undefined:undefined:undefined":76,"s:384:10:384:Infinity":173,"s:384:26:384:Infinity":174,"s:385:10:385:Infinity":175,"s:388:22:388:Infinity":176,"b:388:42:388:58:388:58:388:Infinity":77,"s:389:20:389:Infinity":177,"b:391:8:396:Infinity:undefined:undefined:undefined:undefined":78,"s:391:8:396:Infinity":178,"b:391:12:391:26:391:26:391:55":79,"s:392:24:394:Infinity":179,"s:395:10:395:Infinity":180,"s:398:32:398:Infinity":181,"b:399:8:399:Infinity:undefined:undefined:undefined:undefined":80,"s:399:8:399:Infinity":182,"s:399:19:399:Infinity":183,"s:401:18:405:Infinity":184,"b:401:41:401:49:401:49:401:53":81,"b:407:8:407:Infinity:undefined:undefined:undefined:undefined":82,"s:407:8:407:Infinity":185,"s:407:24:407:Infinity":186,"s:409:8:409:Infinity":187,"b:410:8:410:Infinity:undefined:undefined:undefined:undefined":83,"s:410:8:410:Infinity":188,"s:410:24:410:Infinity":189,"b:412:8:412:Infinity:undefined:undefined:undefined:undefined":84,"s:412:8:412:Infinity":190,"s:412:24:412:Infinity":191,"s:416:4:416:Infinity":192,"s:417:4:419:Infinity":193,"f:417:11:417:17":36,"s:418:6:418:Infinity":194,"s:422:8:425:Infinity":195,"f:423:4:423:10":37,"s:423:10:423:Infinity":196,"f:423:23:423:24":38,"s:423:35:423:53":197,"s:427:2:563:Infinity":198,"f:434:21:434:27":39,"s:434:27:434:Infinity":199,"f:487:37:487:38":40,"s:488:31:488:Infinity":200,"s:489:16:499:Infinity":201,"f:493:29:493:35":41,"s:493:35:493:Infinity":202,"b:495:46:495:69:495:69:495:Infinity":85,"f:512:23:512:29":42,"s:512:29:512:Infinity":203,"f:512:46:512:47":43,"s:512:53:512:55":204,"b:514:47:514:70:514:70:514:Infinity":86,"b:530:18:530:Infinity:531:18:533:Infinity":87,"b:532:18:532:Infinity:533:18:533:Infinity":88,"f:546:23:546:24":44,"s:547:29:547:Infinity":205,"s:548:14:557:Infinity":206,"f:554:27:554:33":45}}}
}
