{"/Users/maxmccarty/Dropbox/Source (Selective Sync Conflict)/nextmake-shot-tracker/src/constants/homeAway.js": {"path":"/Users/maxmccarty/Dropbox/Source (Selective Sync Conflict)/nextmake-shot-tracker/src/constants/homeAway.js","statementMap":{"0":{"start":{"line":1,"column":25},"end":{"line":4,"column":null}}},"fnMap":{},"branchMap":{},"s":{"0":1},"f":{},"b":{},"meta":{"lastBranch":0,"lastFunction":0,"lastStatement":1,"seen":{"s:1:25:4:Infinity":0}}}
,"/Users/maxmccarty/Dropbox/Source (Selective Sync Conflict)/nextmake-shot-tracker/src/constants/programLevel.js": {"path":"/Users/maxmccarty/Dropbox/Source (Selective Sync Conflict)/nextmake-shot-tracker/src/constants/programLevel.js","statementMap":{"0":{"start":{"line":1,"column":22},"end":{"line":7,"column":null}}},"fnMap":{},"branchMap":{},"s":{"0":1},"f":{},"b":{},"meta":{"lastBranch":0,"lastFunction":0,"lastStatement":1,"seen":{"s:1:22:7:Infinity":0}}}
,"/Users/maxmccarty/Dropbox/Source (Selective Sync Conflict)/nextmake-shot-tracker/src/constants/shotTypes.js": {"path":"/Users/maxmccarty/Dropbox/Source (Selective Sync Conflict)/nextmake-shot-tracker/src/constants/shotTypes.js","statementMap":{"0":{"start":{"line":1,"column":26},"end":{"line":6,"column":null}},"1":{"start":{"line":10,"column":28},"end":{"line":17,"column":null}},"2":{"start":{"line":19,"column":28},"end":{"line":23,"column":null}}},"fnMap":{},"branchMap":{},"s":{"0":2,"1":2,"2":2},"f":{},"b":{},"meta":{"lastBranch":0,"lastFunction":0,"lastStatement":3,"seen":{"s:1:26:6:Infinity":0,"s:10:28:17:Infinity":1,"s:19:28:23:Infinity":2}}}
,"/Users/maxmccarty/Dropbox/Source (Selective Sync Conflict)/nextmake-shot-tracker/src/constants/timeRange.js": {"path":"/Users/maxmccarty/Dropbox/Source (Selective Sync Conflict)/nextmake-shot-tracker/src/constants/timeRange.js","statementMap":{"0":{"start":{"line":4,"column":27},"end":{"line":10,"column":null}},"1":{"start":{"line":13,"column":4},"end":{"line":13,"column":null}},"2":{"start":{"line":13,"column":35},"end":{"line":13,"column":46}}},"fnMap":{"0":{"name":"getRangeById","decl":{"start":{"line":12,"column":18},"end":{"line":12,"column":30}},"loc":{"start":{"line":12,"column":35},"end":{"line":14,"column":null}},"line":12},"1":{"name":"(anonymous_1)","decl":{"start":{"line":13,"column":28},"end":{"line":13,"column":29}},"loc":{"start":{"line":13,"column":35},"end":{"line":13,"column":46}},"line":13}},"branchMap":{"0":{"loc":{"start":{"line":13,"column":11},"end":{"line":13,"column":null}},"type":"binary-expr","locations":[{"start":{"line":13,"column":11},"end":{"line":13,"column":47}},{"start":{"line":13,"column":51},"end":{"line":13,"column":null}}],"line":13}},"s":{"0":3,"1":210,"2":354},"f":{"0":210,"1":354},"b":{"0":[210,5]},"meta":{"lastBranch":1,"lastFunction":2,"lastStatement":3,"seen":{"s:4:27:10:Infinity":0,"f:12:18:12:30":0,"s:13:4:13:Infinity":1,"b:13:11:13:47:13:51:13:Infinity":0,"f:13:28:13:29":1,"s:13:35:13:46":2}}}
,"/Users/maxmccarty/Dropbox/Source (Selective Sync Conflict)/nextmake-shot-tracker/src/constants/zoneAnchors.js": {"path":"/Users/maxmccarty/Dropbox/Source (Selective Sync Conflict)/nextmake-shot-tracker/src/constants/zoneAnchors.js","statementMap":{"0":{"start":{"line":2,"column":32},"end":{"line":99,"column":null}}},"fnMap":{},"branchMap":{},"s":{"0":3},"f":{},"b":{},"meta":{"lastBranch":0,"lastFunction":0,"lastStatement":1,"seen":{"s:2:32:99:Infinity":0}}}
,"/Users/maxmccarty/Dropbox/Source (Selective Sync Conflict)/nextmake-shot-tracker/src/constants/zones.js": {"path":"/Users/maxmccarty/Dropbox/Source (Selective Sync Conflict)/nextmake-shot-tracker/src/constants/zones.js","statementMap":{"0":{"start":{"line":2,"column":21},"end":{"line":29,"column":null}}},"fnMap":{},"branchMap":{},"s":{"0":10},"f":{},"b":{},"meta":{"lastBranch":0,"lastFunction":0,"lastStatement":1,"seen":{"s:2:21:29:Infinity":0}}}
,"/Users/maxmccarty/Dropbox/Source (Selective Sync Conflict)/nextmake-shot-tracker/src/lib/game-db.js": {"path":"/Users/maxmccarty/Dropbox/Source (Selective Sync Conflict)/nextmake-shot-tracker/src/lib/game-db.js","statementMap":{"0":{"start":{"line":8,"column":13},"end":{"line":8,"column":null}},"1":{"start":{"line":9,"column":15},"end":{"line":9,"column":null}},"2":{"start":{"line":9,"column":21},"end":{"line":9,"column":null}},"3":{"start":{"line":11,"column":18},"end":{"line":16,"column":null}},"4":{"start":{"line":19,"column":2},"end":{"line":19,"column":null}},"5":{"start":{"line":19,"column":17},"end":{"line":19,"column":null}},"6":{"start":{"line":20,"column":12},"end":{"line":20,"column":null}},"7":{"start":{"line":21,"column":2},"end":{"line":21,"column":null}},"8":{"start":{"line":21,"column":33},"end":{"line":21,"column":null}},"9":{"start":{"line":22,"column":2},"end":{"line":22,"column":null}},"10":{"start":{"line":22,"column":33},"end":{"line":22,"column":null}},"11":{"start":{"line":23,"column":2},"end":{"line":23,"column":null}},"12":{"start":{"line":33,"column":2},"end":{"line":33,"column":null}},"13":{"start":{"line":34,"column":2},"end":{"line":34,"column":null}},"14":{"start":{"line":34,"column":15},"end":{"line":34,"column":null}},"15":{"start":{"line":36,"column":17},"end":{"line":36,"column":null}},"16":{"start":{"line":37,"column":14},"end":{"line":37,"column":null}},"17":{"start":{"line":38,"column":2},"end":{"line":44,"column":null}},"18":{"start":{"line":39,"column":15},"end":{"line":39,"column":null}},"19":{"start":{"line":40,"column":4},"end":{"line":40,"column":null}},"20":{"start":{"line":40,"column":13},"end":{"line":40,"column":null}},"21":{"start":{"line":41,"column":4},"end":{"line":41,"column":null}},"22":{"start":{"line":41,"column":21},"end":{"line":41,"column":null}},"23":{"start":{"line":42,"column":4},"end":{"line":42,"column":null}},"24":{"start":{"line":42,"column":31},"end":{"line":42,"column":null}},"25":{"start":{"line":43,"column":4},"end":{"line":43,"column":null}},"26":{"start":{"line":46,"column":2},"end":{"line":46,"column":null}},"27":{"start":{"line":46,"column":21},"end":{"line":46,"column":72}},"28":{"start":{"line":48,"column":12},"end":{"line":48,"column":null}},"29":{"start":{"line":49,"column":14},"end":{"line":49,"column":null}},"30":{"start":{"line":50,"column":11},"end":{"line":50,"column":null}},"31":{"start":{"line":51,"column":20},"end":{"line":51,"column":null}},"32":{"start":{"line":53,"column":2},"end":{"line":81,"column":null}},"33":{"start":{"line":55,"column":4},"end":{"line":55,"column":null}},"34":{"start":{"line":55,"column":55},"end":{"line":55,"column":null}},"35":{"start":{"line":57,"column":4},"end":{"line":68,"column":null}},"36":{"start":{"line":58,"column":6},"end":{"line":64,"column":null}},"37":{"start":{"line":59,"column":8},"end":{"line":59,"column":null}},"38":{"start":{"line":60,"column":8},"end":{"line":60,"column":null}},"39":{"start":{"line":62,"column":8},"end":{"line":62,"column":null}},"40":{"start":{"line":63,"column":8},"end":{"line":63,"column":null}},"41":{"start":{"line":65,"column":11},"end":{"line":68,"column":null}},"42":{"start":{"line":66,"column":6},"end":{"line":66,"column":null}},"43":{"start":{"line":67,"column":6},"end":{"line":67,"column":null}},"44":{"start":{"line":70,"column":20},"end":{"line":78,"column":null}},"45":{"start":{"line":80,"column":4},"end":{"line":80,"column":null}},"46":{"start":{"line":89,"column":2},"end":{"line":89,"column":null}},"47":{"start":{"line":90,"column":18},"end":{"line":90,"column":null}},"48":{"start":{"line":91,"column":15},"end":{"line":91,"column":null}},"49":{"start":{"line":92,"column":2},"end":{"line":95,"column":null}},"50":{"start":{"line":93,"column":16},"end":{"line":93,"column":null}},"51":{"start":{"line":94,"column":4},"end":{"line":94,"column":null}},"52":{"start":{"line":94,"column":30},"end":{"line":94,"column":null}},"53":{"start":{"line":96,"column":2},"end":{"line":96,"column":null}},"54":{"start":{"line":96,"column":22},"end":{"line":96,"column":76}},"55":{"start":{"line":97,"column":2},"end":{"line":97,"column":null}},"56":{"start":{"line":101,"column":2},"end":{"line":101,"column":null}},"57":{"start":{"line":102,"column":2},"end":{"line":102,"column":null}},"58":{"start":{"line":102,"column":11},"end":{"line":102,"column":null}},"59":{"start":{"line":103,"column":2},"end":{"line":103,"column":null}},"60":{"start":{"line":107,"column":2},"end":{"line":107,"column":null}},"61":{"start":{"line":108,"column":14},"end":{"line":108,"column":null}},"62":{"start":{"line":109,"column":2},"end":{"line":109,"column":null}},"63":{"start":{"line":109,"column":25},"end":{"line":109,"column":63}},"64":{"start":{"line":113,"column":2},"end":{"line":113,"column":null}},"65":{"start":{"line":114,"column":12},"end":{"line":114,"column":null}},"66":{"start":{"line":115,"column":20},"end":{"line":115,"column":null}},"67":{"start":{"line":117,"column":24},"end":{"line":117,"column":null}},"68":{"start":{"line":119,"column":14},"end":{"line":135,"column":null}},"69":{"start":{"line":137,"column":2},"end":{"line":137,"column":null}},"70":{"start":{"line":138,"column":1},"end":{"line":138,"column":null}},"71":{"start":{"line":139,"column":2},"end":{"line":139,"column":null}},"72":{"start":{"line":143,"column":2},"end":{"line":143,"column":null}},"73":{"start":{"line":144,"column":14},"end":{"line":144,"column":null}},"74":{"start":{"line":145,"column":2},"end":{"line":145,"column":null}},"75":{"start":{"line":145,"column":12},"end":{"line":145,"column":null}},"76":{"start":{"line":147,"column":18},"end":{"line":156,"column":null}},"77":{"start":{"line":158,"column":2},"end":{"line":158,"column":null}},"78":{"start":{"line":159,"column":1},"end":{"line":159,"column":null}},"79":{"start":{"line":160,"column":2},"end":{"line":160,"column":null}},"80":{"start":{"line":168,"column":2},"end":{"line":168,"column":null}},"81":{"start":{"line":169,"column":2},"end":{"line":169,"column":null}},"82":{"start":{"line":169,"column":11},"end":{"line":169,"column":null}},"83":{"start":{"line":172,"column":17},"end":{"line":172,"column":null}},"84":{"start":{"line":173,"column":2},"end":{"line":184,"column":null}},"85":{"start":{"line":174,"column":15},"end":{"line":174,"column":null}},"86":{"start":{"line":175,"column":4},"end":{"line":183,"column":null}},"87":{"start":{"line":176,"column":24},"end":{"line":181,"column":null}},"88":{"start":{"line":182,"column":6},"end":{"line":182,"column":null}},"89":{"start":{"line":187,"column":14},"end":{"line":187,"column":null}},"90":{"start":{"line":188,"column":2},"end":{"line":196,"column":null}},"91":{"start":{"line":189,"column":20},"end":{"line":194,"column":null}},"92":{"start":{"line":195,"column":4},"end":{"line":195,"column":null}},"93":{"start":{"line":198,"column":1},"end":{"line":198,"column":null}},"94":{"start":{"line":199,"column":2},"end":{"line":199,"column":null}},"95":{"start":{"line":207,"column":2},"end":{"line":207,"column":null}},"96":{"start":{"line":209,"column":18},"end":{"line":209,"column":null}},"97":{"start":{"line":210,"column":18},"end":{"line":210,"column":null}},"98":{"start":{"line":211,"column":20},"end":{"line":211,"column":null}},"99":{"start":{"line":213,"column":4},"end":{"line":213,"column":null}},"100":{"start":{"line":214,"column":15},"end":{"line":214,"column":null}},"101":{"start":{"line":215,"column":15},"end":{"line":215,"column":null}},"102":{"start":{"line":216,"column":15},"end":{"line":216,"column":null}},"103":{"start":{"line":217,"column":18},"end":{"line":217,"column":null}},"104":{"start":{"line":220,"column":22},"end":{"line":220,"column":null}},"105":{"start":{"line":221,"column":22},"end":{"line":221,"column":null}},"106":{"start":{"line":225,"column":4},"end":{"line":231,"column":null}},"107":{"start":{"line":233,"column":2},"end":{"line":233,"column":null}},"108":{"start":{"line":233,"column":16},"end":{"line":233,"column":null}},"109":{"start":{"line":234,"column":2},"end":{"line":234,"column":null}},"110":{"start":{"line":234,"column":13},"end":{"line":234,"column":null}},"111":{"start":{"line":237,"column":2},"end":{"line":239,"column":null}},"112":{"start":{"line":237,"column":36},"end":{"line":237,"column":null}},"113":{"start":{"line":238,"column":7},"end":{"line":239,"column":null}},"114":{"start":{"line":238,"column":21},"end":{"line":238,"column":null}},"115":{"start":{"line":239,"column":7},"end":{"line":239,"column":null}},"116":{"start":{"line":241,"column":13},"end":{"line":241,"column":null}},"117":{"start":{"line":244,"column":19},"end":{"line":244,"column":null}},"118":{"start":{"line":246,"column":14},"end":{"line":270,"column":null}},"119":{"start":{"line":272,"column":2},"end":{"line":272,"column":null}},"120":{"start":{"line":275,"column":2},"end":{"line":277,"column":null}},"121":{"start":{"line":276,"column":4},"end":{"line":276,"column":null}},"122":{"start":{"line":279,"column":1},"end":{"line":279,"column":null}},"123":{"start":{"line":280,"column":2},"end":{"line":280,"column":null}},"124":{"start":{"line":288,"column":2},"end":{"line":288,"column":null}},"125":{"start":{"line":289,"column":2},"end":{"line":289,"column":null}},"126":{"start":{"line":289,"column":11},"end":{"line":289,"column":null}},"127":{"start":{"line":291,"column":14},"end":{"line":291,"column":null}},"128":{"start":{"line":292,"column":2},"end":{"line":292,"column":null}},"129":{"start":{"line":292,"column":12},"end":{"line":292,"column":null}},"130":{"start":{"line":294,"column":18},"end":{"line":299,"column":null}},"131":{"start":{"line":301,"column":2},"end":{"line":301,"column":null}},"132":{"start":{"line":304,"column":2},"end":{"line":306,"column":null}},"133":{"start":{"line":305,"column":4},"end":{"line":305,"column":null}},"134":{"start":{"line":308,"column":1},"end":{"line":308,"column":null}},"135":{"start":{"line":309,"column":2},"end":{"line":309,"column":null}},"136":{"start":{"line":313,"column":2},"end":{"line":313,"column":null}},"137":{"start":{"line":314,"column":14},"end":{"line":314,"column":null}},"138":{"start":{"line":315,"column":18},"end":{"line":315,"column":null}},"139":{"start":{"line":316,"column":2},"end":{"line":319,"column":null}},"140":{"start":{"line":317,"column":15},"end":{"line":317,"column":null}},"141":{"start":{"line":318,"column":4},"end":{"line":318,"column":null}},"142":{"start":{"line":318,"column":48},"end":{"line":318,"column":null}},"143":{"start":{"line":320,"column":2},"end":{"line":320,"column":null}},"144":{"start":{"line":320,"column":21},"end":{"line":320,"column":72}},"145":{"start":{"line":321,"column":2},"end":{"line":321,"column":null}},"146":{"start":{"line":329,"column":2},"end":{"line":329,"column":null}},"147":{"start":{"line":330,"column":14},"end":{"line":330,"column":null}},"148":{"start":{"line":333,"column":15},"end":{"line":333,"column":null}},"149":{"start":{"line":334,"column":4},"end":{"line":337,"column":null}},"150":{"start":{"line":335,"column":18},"end":{"line":335,"column":null}},"151":{"start":{"line":336,"column":6},"end":{"line":336,"column":null}},"152":{"start":{"line":336,"column":23},"end":{"line":336,"column":null}},"153":{"start":{"line":341,"column":15},"end":{"line":341,"column":null}},"154":{"start":{"line":342,"column":4},"end":{"line":345,"column":null}},"155":{"start":{"line":343,"column":18},"end":{"line":343,"column":null}},"156":{"start":{"line":344,"column":6},"end":{"line":344,"column":null}},"157":{"start":{"line":344,"column":23},"end":{"line":344,"column":null}},"158":{"start":{"line":347,"column":2},"end":{"line":347,"column":null}},"159":{"start":{"line":351,"column":2},"end":{"line":351,"column":null}},"160":{"start":{"line":352,"column":2},"end":{"line":352,"column":null}},"161":{"start":{"line":352,"column":20},"end":{"line":352,"column":null}},"162":{"start":{"line":353,"column":2},"end":{"line":365,"column":null}},"163":{"start":{"line":354,"column":16},"end":{"line":354,"column":null}},"164":{"start":{"line":355,"column":4},"end":{"line":358,"column":null}},"165":{"start":{"line":356,"column":22},"end":{"line":356,"column":null}},"166":{"start":{"line":357,"column":6},"end":{"line":357,"column":null}},"167":{"start":{"line":359,"column":9},"end":{"line":365,"column":null}},"168":{"start":{"line":360,"column":16},"end":{"line":360,"column":null}},"169":{"start":{"line":361,"column":4},"end":{"line":364,"column":null}},"170":{"start":{"line":362,"column":22},"end":{"line":362,"column":null}},"171":{"start":{"line":363,"column":6},"end":{"line":363,"column":null}},"172":{"start":{"line":373,"column":2},"end":{"line":373,"column":null}},"173":{"start":{"line":374,"column":2},"end":{"line":374,"column":null}},"174":{"start":{"line":374,"column":20},"end":{"line":374,"column":null}},"175":{"start":{"line":375,"column":2},"end":{"line":379,"column":null}},"176":{"start":{"line":376,"column":4},"end":{"line":376,"column":null}},"177":{"start":{"line":377,"column":9},"end":{"line":379,"column":null}},"178":{"start":{"line":378,"column":4},"end":{"line":378,"column":null}},"179":{"start":{"line":387,"column":2},"end":{"line":387,"column":null}},"180":{"start":{"line":388,"column":20},"end":{"line":388,"column":null}},"181":{"start":{"line":388,"column":44},"end":{"line":388,"column":48}},"182":{"start":{"line":391,"column":20},"end":{"line":391,"column":null}},"183":{"start":{"line":392,"column":2},"end":{"line":399,"column":null}},"184":{"start":{"line":393,"column":18},"end":{"line":393,"column":null}},"185":{"start":{"line":394,"column":4},"end":{"line":394,"column":null}},"186":{"start":{"line":394,"column":16},"end":{"line":394,"column":null}},"187":{"start":{"line":395,"column":4},"end":{"line":395,"column":30}},"188":{"start":{"line":395,"column":22},"end":{"line":395,"column":30}},"189":{"start":{"line":396,"column":4},"end":{"line":398,"column":null}},"190":{"start":{"line":397,"column":6},"end":{"line":397,"column":null}},"191":{"start":{"line":402,"column":2},"end":{"line":414,"column":null}},"192":{"start":{"line":403,"column":4},"end":{"line":403,"column":null}},"193":{"start":{"line":403,"column":21},"end":{"line":403,"column":null}},"194":{"start":{"line":404,"column":21},"end":{"line":404,"column":null}},"195":{"start":{"line":405,"column":19},"end":{"line":412,"column":null}},"196":{"start":{"line":413,"column":4},"end":{"line":413,"column":null}},"197":{"start":{"line":418,"column":2},"end":{"line":418,"column":null}},"198":{"start":{"line":419,"column":20},"end":{"line":419,"column":null}},"199":{"start":{"line":419,"column":44},"end":{"line":419,"column":48}},"200":{"start":{"line":422,"column":20},"end":{"line":422,"column":null}},"201":{"start":{"line":423,"column":2},"end":{"line":430,"column":null}},"202":{"start":{"line":424,"column":18},"end":{"line":424,"column":null}},"203":{"start":{"line":425,"column":4},"end":{"line":425,"column":null}},"204":{"start":{"line":425,"column":16},"end":{"line":425,"column":null}},"205":{"start":{"line":426,"column":4},"end":{"line":426,"column":30}},"206":{"start":{"line":426,"column":22},"end":{"line":426,"column":30}},"207":{"start":{"line":427,"column":4},"end":{"line":429,"column":null}},"208":{"start":{"line":428,"column":6},"end":{"line":428,"column":null}},"209":{"start":{"line":433,"column":2},"end":{"line":444,"column":null}},"210":{"start":{"line":434,"column":4},"end":{"line":434,"column":null}},"211":{"start":{"line":434,"column":21},"end":{"line":434,"column":null}},"212":{"start":{"line":435,"column":21},"end":{"line":435,"column":null}},"213":{"start":{"line":436,"column":19},"end":{"line":442,"column":null}},"214":{"start":{"line":443,"column":4},"end":{"line":443,"column":null}},"215":{"start":{"line":448,"column":2},"end":{"line":448,"column":null}},"216":{"start":{"line":450,"column":45},"end":{"line":450,"column":null}},"217":{"start":{"line":451,"column":2},"end":{"line":454,"column":null}},"218":{"start":{"line":452,"column":4},"end":{"line":452,"column":null}},"219":{"start":{"line":453,"column":4},"end":{"line":453,"column":null}},"220":{"start":{"line":456,"column":15},"end":{"line":456,"column":null}},"221":{"start":{"line":457,"column":2},"end":{"line":459,"column":null}},"222":{"start":{"line":458,"column":4},"end":{"line":458,"column":null}},"223":{"start":{"line":461,"column":17},"end":{"line":461,"column":null}},"224":{"start":{"line":464,"column":4},"end":{"line":475,"column":null}},"225":{"start":{"line":477,"column":2},"end":{"line":477,"column":null}},"226":{"start":{"line":477,"column":12},"end":{"line":477,"column":null}},"227":{"start":{"line":478,"column":2},"end":{"line":478,"column":null}},"228":{"start":{"line":478,"column":12},"end":{"line":478,"column":null}},"229":{"start":{"line":480,"column":2},"end":{"line":480,"column":null}},"230":{"start":{"line":481,"column":2},"end":{"line":481,"column":null}},"231":{"start":{"line":483,"column":2},"end":{"line":483,"column":null}}},"fnMap":{"0":{"name":"(anonymous_0)","decl":{"start":{"line":9,"column":15},"end":{"line":9,"column":16}},"loc":{"start":{"line":9,"column":21},"end":{"line":9,"column":null}},"line":9},"1":{"name":"normalizeHomeAway","decl":{"start":{"line":18,"column":9},"end":{"line":18,"column":26}},"loc":{"start":{"line":18,"column":30},"end":{"line":24,"column":null}},"line":18},"2":{"name":"recomputeAndPersistScoringTotals","decl":{"start":{"line":32,"column":15},"end":{"line":32,"column":47}},"loc":{"start":{"line":32,"column":56},"end":{"line":82,"column":null}},"line":32},"3":{"name":"(anonymous_3)","decl":{"start":{"line":46,"column":11},"end":{"line":46,"column":12}},"loc":{"start":{"line":46,"column":21},"end":{"line":46,"column":72}},"line":46},"4":{"name":"listGameSessions","decl":{"start":{"line":88,"column":22},"end":{"line":88,"column":38}},"loc":{"start":{"line":88,"column":41},"end":{"line":98,"column":null}},"line":88},"5":{"name":"(anonymous_5)","decl":{"start":{"line":96,"column":12},"end":{"line":96,"column":13}},"loc":{"start":{"line":96,"column":22},"end":{"line":96,"column":76}},"line":96},"6":{"name":"getGameSession","decl":{"start":{"line":100,"column":22},"end":{"line":100,"column":36}},"loc":{"start":{"line":100,"column":41},"end":{"line":104,"column":null}},"line":100},"7":{"name":"getActiveGameSession","decl":{"start":{"line":106,"column":22},"end":{"line":106,"column":42}},"loc":{"start":{"line":106,"column":45},"end":{"line":110,"column":null}},"line":106},"8":{"name":"(anonymous_8)","decl":{"start":{"line":109,"column":18},"end":{"line":109,"column":19}},"loc":{"start":{"line":109,"column":25},"end":{"line":109,"column":63}},"line":109},"9":{"name":"addGameSession","decl":{"start":{"line":112,"column":22},"end":{"line":112,"column":36}},"loc":{"start":{"line":112,"column":48},"end":{"line":140,"column":null}},"line":112},"10":{"name":"endGameSession","decl":{"start":{"line":142,"column":22},"end":{"line":142,"column":36}},"loc":{"start":{"line":142,"column":53},"end":{"line":161,"column":null}},"line":142},"11":{"name":"deleteGameSession","decl":{"start":{"line":167,"column":22},"end":{"line":167,"column":39}},"loc":{"start":{"line":167,"column":44},"end":{"line":200,"column":null}},"line":167},"12":{"name":"addGameEvent","decl":{"start":{"line":206,"column":22},"end":{"line":206,"column":34}},"loc":{"start":{"line":206,"column":42},"end":{"line":281,"column":null}},"line":206},"13":{"name":"deleteGameEvent","decl":{"start":{"line":287,"column":22},"end":{"line":287,"column":37}},"loc":{"start":{"line":287,"column":42},"end":{"line":310,"column":null}},"line":287},"14":{"name":"listGameEventsBySession","decl":{"start":{"line":312,"column":22},"end":{"line":312,"column":45}},"loc":{"start":{"line":312,"column":54},"end":{"line":322,"column":null}},"line":312},"15":{"name":"(anonymous_15)","decl":{"start":{"line":320,"column":11},"end":{"line":320,"column":12}},"loc":{"start":{"line":320,"column":21},"end":{"line":320,"column":72}},"line":320},"16":{"name":"_allDirtyGame","decl":{"start":{"line":328,"column":22},"end":{"line":328,"column":35}},"loc":{"start":{"line":328,"column":38},"end":{"line":348,"column":null}},"line":328},"17":{"name":"_markClean","decl":{"start":{"line":350,"column":22},"end":{"line":350,"column":32}},"loc":{"start":{"line":350,"column":38},"end":{"line":366,"column":null}},"line":350},"18":{"name":"_purgeGameRow","decl":{"start":{"line":372,"column":22},"end":{"line":372,"column":35}},"loc":{"start":{"line":372,"column":41},"end":{"line":380,"column":null}},"line":372},"19":{"name":"upsertGameSessionsFromRemote","decl":{"start":{"line":386,"column":22},"end":{"line":386,"column":50}},"loc":{"start":{"line":386,"column":62},"end":{"line":415,"column":null}},"line":386},"20":{"name":"(anonymous_20)","decl":{"start":{"line":388,"column":37},"end":{"line":388,"column":38}},"loc":{"start":{"line":388,"column":44},"end":{"line":388,"column":48}},"line":388},"21":{"name":"upsertGameEventsFromRemote","decl":{"start":{"line":417,"column":22},"end":{"line":417,"column":48}},"loc":{"start":{"line":417,"column":60},"end":{"line":445,"column":null}},"line":417},"22":{"name":"(anonymous_22)","decl":{"start":{"line":419,"column":37},"end":{"line":419,"column":38}},"loc":{"start":{"line":419,"column":44},"end":{"line":419,"column":48}},"line":419},"23":{"name":"hydrateGameFromSupabase","decl":{"start":{"line":447,"column":22},"end":{"line":447,"column":45}},"loc":{"start":{"line":447,"column":48},"end":{"line":484,"column":null}},"line":447}},"branchMap":{"0":{"loc":{"start":{"line":19,"column":2},"end":{"line":19,"column":null}},"type":"if","locations":[{"start":{"line":19,"column":2},"end":{"line":19,"column":null}},{"start":{},"end":{}}],"line":19},"1":{"loc":{"start":{"line":21,"column":2},"end":{"line":21,"column":null}},"type":"if","locations":[{"start":{"line":21,"column":2},"end":{"line":21,"column":null}},{"start":{},"end":{}}],"line":21},"2":{"loc":{"start":{"line":21,"column":6},"end":{"line":21,"column":31}},"type":"binary-expr","locations":[{"start":{"line":21,"column":6},"end":{"line":21,"column":18}},{"start":{"line":21,"column":22},"end":{"line":21,"column":31}}],"line":21},"3":{"loc":{"start":{"line":22,"column":2},"end":{"line":22,"column":null}},"type":"if","locations":[{"start":{"line":22,"column":2},"end":{"line":22,"column":null}},{"start":{},"end":{}}],"line":22},"4":{"loc":{"start":{"line":22,"column":6},"end":{"line":22,"column":31}},"type":"binary-expr","locations":[{"start":{"line":22,"column":6},"end":{"line":22,"column":18}},{"start":{"line":22,"column":22},"end":{"line":22,"column":31}}],"line":22},"5":{"loc":{"start":{"line":34,"column":2},"end":{"line":34,"column":null}},"type":"if","locations":[{"start":{"line":34,"column":2},"end":{"line":34,"column":null}},{"start":{},"end":{}}],"line":34},"6":{"loc":{"start":{"line":40,"column":4},"end":{"line":40,"column":null}},"type":"if","locations":[{"start":{"line":40,"column":4},"end":{"line":40,"column":null}},{"start":{},"end":{}}],"line":40},"7":{"loc":{"start":{"line":41,"column":4},"end":{"line":41,"column":null}},"type":"if","locations":[{"start":{"line":41,"column":4},"end":{"line":41,"column":null}},{"start":{},"end":{}}],"line":41},"8":{"loc":{"start":{"line":42,"column":4},"end":{"line":42,"column":null}},"type":"if","locations":[{"start":{"line":42,"column":4},"end":{"line":42,"column":null}},{"start":{},"end":{}}],"line":42},"9":{"loc":{"start":{"line":55,"column":4},"end":{"line":55,"column":null}},"type":"if","locations":[{"start":{"line":55,"column":4},"end":{"line":55,"column":null}},{"start":{},"end":{}}],"line":55},"10":{"loc":{"start":{"line":55,"column":8},"end":{"line":55,"column":53}},"type":"binary-expr","locations":[{"start":{"line":55,"column":8},"end":{"line":55,"column":26}},{"start":{"line":55,"column":30},"end":{"line":55,"column":53}}],"line":55},"11":{"loc":{"start":{"line":57,"column":4},"end":{"line":68,"column":null}},"type":"if","locations":[{"start":{"line":57,"column":4},"end":{"line":68,"column":null}},{"start":{"line":65,"column":11},"end":{"line":68,"column":null}}],"line":57},"12":{"loc":{"start":{"line":57,"column":8},"end":{"line":57,"column":37}},"type":"binary-expr","locations":[{"start":{"line":57,"column":8},"end":{"line":57,"column":26}},{"start":{"line":57,"column":30},"end":{"line":57,"column":37}}],"line":57},"13":{"loc":{"start":{"line":58,"column":6},"end":{"line":64,"column":null}},"type":"if","locations":[{"start":{"line":58,"column":6},"end":{"line":64,"column":null}},{"start":{"line":61,"column":13},"end":{"line":64,"column":null}}],"line":58},"14":{"loc":{"start":{"line":65,"column":11},"end":{"line":68,"column":null}},"type":"if","locations":[{"start":{"line":65,"column":11},"end":{"line":68,"column":null}},{"start":{},"end":{}}],"line":65},"15":{"loc":{"start":{"line":65,"column":15},"end":{"line":65,"column":49}},"type":"binary-expr","locations":[{"start":{"line":65,"column":15},"end":{"line":65,"column":38}},{"start":{"line":65,"column":42},"end":{"line":65,"column":49}}],"line":65},"16":{"loc":{"start":{"line":94,"column":4},"end":{"line":94,"column":null}},"type":"if","locations":[{"start":{"line":94,"column":4},"end":{"line":94,"column":null}},{"start":{},"end":{}}],"line":94},"17":{"loc":{"start":{"line":94,"column":8},"end":{"line":94,"column":28}},"type":"binary-expr","locations":[{"start":{"line":94,"column":8},"end":{"line":94,"column":11}},{"start":{"line":94,"column":15},"end":{"line":94,"column":28}}],"line":94},"18":{"loc":{"start":{"line":96,"column":23},"end":{"line":96,"column":41}},"type":"binary-expr","locations":[{"start":{"line":96,"column":23},"end":{"line":96,"column":35}},{"start":{"line":96,"column":39},"end":{"line":96,"column":41}}],"line":96},"19":{"loc":{"start":{"line":96,"column":57},"end":{"line":96,"column":75}},"type":"binary-expr","locations":[{"start":{"line":96,"column":57},"end":{"line":96,"column":69}},{"start":{"line":96,"column":73},"end":{"line":96,"column":75}}],"line":96},"20":{"loc":{"start":{"line":102,"column":2},"end":{"line":102,"column":null}},"type":"if","locations":[{"start":{"line":102,"column":2},"end":{"line":102,"column":null}},{"start":{},"end":{}}],"line":102},"21":{"loc":{"start":{"line":109,"column":9},"end":{"line":109,"column":null}},"type":"binary-expr","locations":[{"start":{"line":109,"column":9},"end":{"line":109,"column":64}},{"start":{"line":109,"column":68},"end":{"line":109,"column":null}}],"line":109},"22":{"loc":{"start":{"line":109,"column":25},"end":{"line":109,"column":63}},"type":"binary-expr","locations":[{"start":{"line":109,"column":25},"end":{"line":109,"column":47}},{"start":{"line":109,"column":51},"end":{"line":109,"column":63}}],"line":109},"23":{"loc":{"start":{"line":112,"column":37},"end":{"line":112,"column":46}},"type":"default-arg","locations":[{"start":{"line":112,"column":44},"end":{"line":112,"column":46}}],"line":112},"24":{"loc":{"start":{"line":117,"column":24},"end":{"line":117,"column":null}},"type":"binary-expr","locations":[{"start":{"line":117,"column":24},"end":{"line":117,"column":38}},{"start":{"line":117,"column":42},"end":{"line":117,"column":55}},{"start":{"line":117,"column":59},"end":{"line":117,"column":null}}],"line":117},"25":{"loc":{"start":{"line":125,"column":14},"end":{"line":125,"column":53}},"type":"binary-expr","locations":[{"start":{"line":125,"column":14},"end":{"line":125,"column":27}},{"start":{"line":125,"column":31},"end":{"line":125,"column":53}}],"line":125},"26":{"loc":{"start":{"line":126,"column":15},"end":{"line":126,"column":52}},"type":"binary-expr","locations":[{"start":{"line":126,"column":15},"end":{"line":126,"column":29}},{"start":{"line":126,"column":33},"end":{"line":126,"column":46}},{"start":{"line":126,"column":50},"end":{"line":126,"column":52}}],"line":126},"27":{"loc":{"start":{"line":127,"column":19},"end":{"line":127,"column":64}},"type":"binary-expr","locations":[{"start":{"line":127,"column":19},"end":{"line":127,"column":37}},{"start":{"line":127,"column":41},"end":{"line":127,"column":58}},{"start":{"line":127,"column":62},"end":{"line":127,"column":64}}],"line":127},"28":{"loc":{"start":{"line":128,"column":11},"end":{"line":128,"column":29}},"type":"binary-expr","locations":[{"start":{"line":128,"column":11},"end":{"line":128,"column":21}},{"start":{"line":128,"column":25},"end":{"line":128,"column":29}}],"line":128},"29":{"loc":{"start":{"line":129,"column":11},"end":{"line":129,"column":38}},"type":"binary-expr","locations":[{"start":{"line":129,"column":11},"end":{"line":129,"column":21}},{"start":{"line":129,"column":25},"end":{"line":129,"column":38}}],"line":129},"30":{"loc":{"start":{"line":142,"column":41},"end":{"line":142,"column":51}},"type":"default-arg","locations":[{"start":{"line":142,"column":49},"end":{"line":142,"column":51}}],"line":142},"31":{"loc":{"start":{"line":145,"column":2},"end":{"line":145,"column":null}},"type":"if","locations":[{"start":{"line":145,"column":2},"end":{"line":145,"column":null}},{"start":{},"end":{}}],"line":145},"32":{"loc":{"start":{"line":169,"column":2},"end":{"line":169,"column":null}},"type":"if","locations":[{"start":{"line":169,"column":2},"end":{"line":169,"column":null}},{"start":{},"end":{}}],"line":169},"33":{"loc":{"start":{"line":175,"column":4},"end":{"line":183,"column":null}},"type":"if","locations":[{"start":{"line":175,"column":4},"end":{"line":183,"column":null}},{"start":{},"end":{}}],"line":175},"34":{"loc":{"start":{"line":188,"column":2},"end":{"line":196,"column":null}},"type":"if","locations":[{"start":{"line":188,"column":2},"end":{"line":196,"column":null}},{"start":{},"end":{}}],"line":188},"35":{"loc":{"start":{"line":209,"column":18},"end":{"line":209,"column":null}},"type":"binary-expr","locations":[{"start":{"line":209,"column":18},"end":{"line":209,"column":31}},{"start":{"line":209,"column":35},"end":{"line":209,"column":null}}],"line":209},"36":{"loc":{"start":{"line":210,"column":18},"end":{"line":210,"column":null}},"type":"binary-expr","locations":[{"start":{"line":210,"column":18},"end":{"line":210,"column":31}},{"start":{"line":210,"column":35},"end":{"line":210,"column":47}},{"start":{"line":210,"column":51},"end":{"line":210,"column":null}}],"line":210},"37":{"loc":{"start":{"line":211,"column":20},"end":{"line":211,"column":null}},"type":"binary-expr","locations":[{"start":{"line":211,"column":20},"end":{"line":211,"column":35}},{"start":{"line":211,"column":39},"end":{"line":211,"column":53}},{"start":{"line":211,"column":57},"end":{"line":211,"column":null}}],"line":211},"38":{"loc":{"start":{"line":213,"column":4},"end":{"line":213,"column":null}},"type":"cond-expr","locations":[{"start":{"line":213,"column":44},"end":{"line":213,"column":58}},{"start":{"line":213,"column":61},"end":{"line":213,"column":null}}],"line":213},"39":{"loc":{"start":{"line":213,"column":61},"end":{"line":213,"column":null}},"type":"binary-expr","locations":[{"start":{"line":213,"column":61},"end":{"line":213,"column":74}},{"start":{"line":213,"column":78},"end":{"line":213,"column":null}}],"line":213},"40":{"loc":{"start":{"line":214,"column":15},"end":{"line":214,"column":null}},"type":"cond-expr","locations":[{"start":{"line":214,"column":51},"end":{"line":214,"column":61}},{"start":{"line":214,"column":64},"end":{"line":214,"column":null}}],"line":214},"41":{"loc":{"start":{"line":216,"column":15},"end":{"line":216,"column":null}},"type":"binary-expr","locations":[{"start":{"line":216,"column":15},"end":{"line":216,"column":25}},{"start":{"line":216,"column":29},"end":{"line":216,"column":null}}],"line":216},"42":{"loc":{"start":{"line":217,"column":18},"end":{"line":217,"column":null}},"type":"binary-expr","locations":[{"start":{"line":217,"column":18},"end":{"line":217,"column":31}},{"start":{"line":217,"column":35},"end":{"line":217,"column":null}}],"line":217},"43":{"loc":{"start":{"line":220,"column":22},"end":{"line":220,"column":null}},"type":"binary-expr","locations":[{"start":{"line":220,"column":22},"end":{"line":220,"column":39}},{"start":{"line":220,"column":43},"end":{"line":220,"column":59}},{"start":{"line":220,"column":63},"end":{"line":220,"column":null}}],"line":220},"44":{"loc":{"start":{"line":221,"column":22},"end":{"line":221,"column":null}},"type":"binary-expr","locations":[{"start":{"line":221,"column":22},"end":{"line":221,"column":39}},{"start":{"line":221,"column":43},"end":{"line":221,"column":59}},{"start":{"line":221,"column":63},"end":{"line":221,"column":null}}],"line":221},"45":{"loc":{"start":{"line":225,"column":4},"end":{"line":231,"column":null}},"type":"cond-expr","locations":[{"start":{"line":226,"column":8},"end":{"line":226,"column":null}},{"start":{"line":227,"column":8},"end":{"line":231,"column":null}}],"line":225},"46":{"loc":{"start":{"line":227,"column":8},"end":{"line":231,"column":null}},"type":"cond-expr","locations":[{"start":{"line":228,"column":10},"end":{"line":228,"column":null}},{"start":{"line":229,"column":10},"end":{"line":231,"column":null}}],"line":227},"47":{"loc":{"start":{"line":229,"column":10},"end":{"line":231,"column":null}},"type":"cond-expr","locations":[{"start":{"line":230,"column":12},"end":{"line":230,"column":null}},{"start":{"line":231,"column":12},"end":{"line":231,"column":null}}],"line":229},"48":{"loc":{"start":{"line":233,"column":2},"end":{"line":233,"column":null}},"type":"if","locations":[{"start":{"line":233,"column":2},"end":{"line":233,"column":null}},{"start":{},"end":{}}],"line":233},"49":{"loc":{"start":{"line":234,"column":2},"end":{"line":234,"column":null}},"type":"if","locations":[{"start":{"line":234,"column":2},"end":{"line":234,"column":null}},{"start":{},"end":{}}],"line":234},"50":{"loc":{"start":{"line":237,"column":2},"end":{"line":239,"column":null}},"type":"if","locations":[{"start":{"line":237,"column":2},"end":{"line":239,"column":null}},{"start":{"line":238,"column":7},"end":{"line":239,"column":null}}],"line":237},"51":{"loc":{"start":{"line":238,"column":7},"end":{"line":239,"column":null}},"type":"if","locations":[{"start":{"line":238,"column":7},"end":{"line":239,"column":null}},{"start":{"line":239,"column":7},"end":{"line":239,"column":null}}],"line":238},"52":{"loc":{"start":{"line":241,"column":13},"end":{"line":241,"column":null}},"type":"binary-expr","locations":[{"start":{"line":241,"column":13},"end":{"line":241,"column":21}},{"start":{"line":241,"column":24},"end":{"line":241,"column":null}}],"line":241},"53":{"loc":{"start":{"line":247,"column":8},"end":{"line":247,"column":22}},"type":"binary-expr","locations":[{"start":{"line":247,"column":8},"end":{"line":247,"column":16}},{"start":{"line":247,"column":20},"end":{"line":247,"column":22}}],"line":247},"54":{"loc":{"start":{"line":250,"column":13},"end":{"line":250,"column":49}},"type":"binary-expr","locations":[{"start":{"line":250,"column":13},"end":{"line":250,"column":20}},{"start":{"line":250,"column":24},"end":{"line":250,"column":41}},{"start":{"line":250,"column":45},"end":{"line":250,"column":49}}],"line":250},"55":{"loc":{"start":{"line":260,"column":6},"end":{"line":262,"column":37}},"type":"cond-expr","locations":[{"start":{"line":261,"column":10},"end":{"line":261,"column":null}},{"start":{"line":262,"column":10},"end":{"line":262,"column":37}}],"line":260},"56":{"loc":{"start":{"line":260,"column":6},"end":{"line":260,"column":null}},"type":"binary-expr","locations":[{"start":{"line":260,"column":6},"end":{"line":260,"column":38}},{"start":{"line":260,"column":42},"end":{"line":260,"column":null}}],"line":260},"57":{"loc":{"start":{"line":262,"column":10},"end":{"line":262,"column":37}},"type":"binary-expr","locations":[{"start":{"line":262,"column":10},"end":{"line":262,"column":29}},{"start":{"line":262,"column":33},"end":{"line":262,"column":37}}],"line":262},"58":{"loc":{"start":{"line":275,"column":2},"end":{"line":277,"column":null}},"type":"if","locations":[{"start":{"line":275,"column":2},"end":{"line":277,"column":null}},{"start":{},"end":{}}],"line":275},"59":{"loc":{"start":{"line":275,"column":6},"end":{"line":275,"column":45}},"type":"binary-expr","locations":[{"start":{"line":275,"column":6},"end":{"line":275,"column":21}},{"start":{"line":275,"column":25},"end":{"line":275,"column":45}}],"line":275},"60":{"loc":{"start":{"line":289,"column":2},"end":{"line":289,"column":null}},"type":"if","locations":[{"start":{"line":289,"column":2},"end":{"line":289,"column":null}},{"start":{},"end":{}}],"line":289},"61":{"loc":{"start":{"line":292,"column":2},"end":{"line":292,"column":null}},"type":"if","locations":[{"start":{"line":292,"column":2},"end":{"line":292,"column":null}},{"start":{},"end":{}}],"line":292},"62":{"loc":{"start":{"line":304,"column":2},"end":{"line":306,"column":null}},"type":"if","locations":[{"start":{"line":304,"column":2},"end":{"line":306,"column":null}},{"start":{},"end":{}}],"line":304},"63":{"loc":{"start":{"line":304,"column":6},"end":{"line":304,"column":53}},"type":"binary-expr","locations":[{"start":{"line":304,"column":6},"end":{"line":304,"column":25}},{"start":{"line":304,"column":29},"end":{"line":304,"column":53}}],"line":304},"64":{"loc":{"start":{"line":318,"column":4},"end":{"line":318,"column":null}},"type":"if","locations":[{"start":{"line":318,"column":4},"end":{"line":318,"column":null}},{"start":{},"end":{}}],"line":318},"65":{"loc":{"start":{"line":318,"column":8},"end":{"line":318,"column":46}},"type":"binary-expr","locations":[{"start":{"line":318,"column":8},"end":{"line":318,"column":30}},{"start":{"line":318,"column":34},"end":{"line":318,"column":46}}],"line":318},"66":{"loc":{"start":{"line":336,"column":6},"end":{"line":336,"column":null}},"type":"if","locations":[{"start":{"line":336,"column":6},"end":{"line":336,"column":null}},{"start":{},"end":{}}],"line":336},"67":{"loc":{"start":{"line":344,"column":6},"end":{"line":344,"column":null}},"type":"if","locations":[{"start":{"line":344,"column":6},"end":{"line":344,"column":null}},{"start":{},"end":{}}],"line":344},"68":{"loc":{"start":{"line":352,"column":2},"end":{"line":352,"column":null}},"type":"if","locations":[{"start":{"line":352,"column":2},"end":{"line":352,"column":null}},{"start":{},"end":{}}],"line":352},"69":{"loc":{"start":{"line":353,"column":2},"end":{"line":365,"column":null}},"type":"if","locations":[{"start":{"line":353,"column":2},"end":{"line":365,"column":null}},{"start":{"line":359,"column":9},"end":{"line":365,"column":null}}],"line":353},"70":{"loc":{"start":{"line":355,"column":4},"end":{"line":358,"column":null}},"type":"if","locations":[{"start":{"line":355,"column":4},"end":{"line":358,"column":null}},{"start":{},"end":{}}],"line":355},"71":{"loc":{"start":{"line":359,"column":9},"end":{"line":365,"column":null}},"type":"if","locations":[{"start":{"line":359,"column":9},"end":{"line":365,"column":null}},{"start":{},"end":{}}],"line":359},"72":{"loc":{"start":{"line":361,"column":4},"end":{"line":364,"column":null}},"type":"if","locations":[{"start":{"line":361,"column":4},"end":{"line":364,"column":null}},{"start":{},"end":{}}],"line":361},"73":{"loc":{"start":{"line":374,"column":2},"end":{"line":374,"column":null}},"type":"if","locations":[{"start":{"line":374,"column":2},"end":{"line":374,"column":null}},{"start":{},"end":{}}],"line":374},"74":{"loc":{"start":{"line":375,"column":2},"end":{"line":379,"column":null}},"type":"if","locations":[{"start":{"line":375,"column":2},"end":{"line":379,"column":null}},{"start":{"line":377,"column":9},"end":{"line":379,"column":null}}],"line":375},"75":{"loc":{"start":{"line":377,"column":9},"end":{"line":379,"column":null}},"type":"if","locations":[{"start":{"line":377,"column":9},"end":{"line":379,"column":null}},{"start":{},"end":{}}],"line":377},"76":{"loc":{"start":{"line":386,"column":51},"end":{"line":386,"column":60}},"type":"default-arg","locations":[{"start":{"line":386,"column":58},"end":{"line":386,"column":60}}],"line":386},"77":{"loc":{"start":{"line":394,"column":4},"end":{"line":394,"column":null}},"type":"if","locations":[{"start":{"line":394,"column":4},"end":{"line":394,"column":null}},{"start":{},"end":{}}],"line":394},"78":{"loc":{"start":{"line":395,"column":4},"end":{"line":395,"column":30}},"type":"if","locations":[{"start":{"line":395,"column":4},"end":{"line":395,"column":30}},{"start":{},"end":{}}],"line":395},"79":{"loc":{"start":{"line":396,"column":4},"end":{"line":398,"column":null}},"type":"if","locations":[{"start":{"line":396,"column":4},"end":{"line":398,"column":null}},{"start":{},"end":{}}],"line":396},"80":{"loc":{"start":{"line":403,"column":4},"end":{"line":403,"column":null}},"type":"if","locations":[{"start":{"line":403,"column":4},"end":{"line":403,"column":null}},{"start":{},"end":{}}],"line":403},"81":{"loc":{"start":{"line":406,"column":10},"end":{"line":406,"column":24}},"type":"binary-expr","locations":[{"start":{"line":406,"column":10},"end":{"line":406,"column":18}},{"start":{"line":406,"column":22},"end":{"line":406,"column":24}}],"line":406},"82":{"loc":{"start":{"line":408,"column":35},"end":{"line":408,"column":74}},"type":"binary-expr","locations":[{"start":{"line":408,"column":35},"end":{"line":408,"column":51}},{"start":{"line":408,"column":55},"end":{"line":408,"column":74}}],"line":408},"83":{"loc":{"start":{"line":417,"column":49},"end":{"line":417,"column":58}},"type":"default-arg","locations":[{"start":{"line":417,"column":56},"end":{"line":417,"column":58}}],"line":417},"84":{"loc":{"start":{"line":425,"column":4},"end":{"line":425,"column":null}},"type":"if","locations":[{"start":{"line":425,"column":4},"end":{"line":425,"column":null}},{"start":{},"end":{}}],"line":425},"85":{"loc":{"start":{"line":426,"column":4},"end":{"line":426,"column":30}},"type":"if","locations":[{"start":{"line":426,"column":4},"end":{"line":426,"column":30}},{"start":{},"end":{}}],"line":426},"86":{"loc":{"start":{"line":427,"column":4},"end":{"line":429,"column":null}},"type":"if","locations":[{"start":{"line":427,"column":4},"end":{"line":429,"column":null}},{"start":{},"end":{}}],"line":427},"87":{"loc":{"start":{"line":434,"column":4},"end":{"line":434,"column":null}},"type":"if","locations":[{"start":{"line":434,"column":4},"end":{"line":434,"column":null}},{"start":{},"end":{}}],"line":434},"88":{"loc":{"start":{"line":437,"column":10},"end":{"line":437,"column":24}},"type":"binary-expr","locations":[{"start":{"line":437,"column":10},"end":{"line":437,"column":18}},{"start":{"line":437,"column":22},"end":{"line":437,"column":24}}],"line":437},"89":{"loc":{"start":{"line":451,"column":2},"end":{"line":454,"column":null}},"type":"if","locations":[{"start":{"line":451,"column":2},"end":{"line":454,"column":null}},{"start":{},"end":{}}],"line":451},"90":{"loc":{"start":{"line":457,"column":2},"end":{"line":459,"column":null}},"type":"if","locations":[{"start":{"line":457,"column":2},"end":{"line":459,"column":null}},{"start":{},"end":{}}],"line":457},"91":{"loc":{"start":{"line":477,"column":2},"end":{"line":477,"column":null}},"type":"if","locations":[{"start":{"line":477,"column":2},"end":{"line":477,"column":null}},{"start":{},"end":{}}],"line":477},"92":{"loc":{"start":{"line":478,"column":2},"end":{"line":478,"column":null}},"type":"if","locations":[{"start":{"line":478,"column":2},"end":{"line":478,"column":null}},{"start":{},"end":{}}],"line":478},"93":{"loc":{"start":{"line":480,"column":37},"end":{"line":480,"column":51}},"type":"binary-expr","locations":[{"start":{"line":480,"column":37},"end":{"line":480,"column":45}},{"start":{"line":480,"column":49},"end":{"line":480,"column":51}}],"line":480},"94":{"loc":{"start":{"line":481,"column":35},"end":{"line":481,"column":47}},"type":"binary-expr","locations":[{"start":{"line":481,"column":35},"end":{"line":481,"column":41}},{"start":{"line":481,"column":45},"end":{"line":481,"column":47}}],"line":481},"95":{"loc":{"start":{"line":483,"column":29},"end":{"line":483,"column":43}},"type":"binary-expr","locations":[{"start":{"line":483,"column":29},"end":{"line":483,"column":37}},{"start":{"line":483,"column":41},"end":{"line":483,"column":43}}],"line":483},"96":{"loc":{"start":{"line":483,"column":53},"end":{"line":483,"column":65}},"type":"binary-expr","locations":[{"start":{"line":483,"column":53},"end":{"line":483,"column":59}},{"start":{"line":483,"column":63},"end":{"line":483,"column":65}}],"line":483}},"s":{"0":1,"1":1,"2":23,"3":1,"4":16,"5":5,"6":11,"7":11,"8":4,"9":7,"10":6,"11":1,"12":9,"13":9,"14":0,"15":9,"16":9,"17":9,"18":0,"19":0,"20":0,"21":0,"22":0,"23":0,"24":0,"25":0,"26":9,"27":0,"28":9,"29":9,"30":9,"31":9,"32":9,"33":0,"34":0,"35":0,"36":0,"37":0,"38":0,"39":0,"40":0,"41":0,"42":0,"43":0,"44":0,"45":0,"46":6,"47":6,"48":6,"49":6,"50":13,"51":13,"52":10,"53":6,"54":7,"55":6,"56":7,"57":7,"58":1,"59":6,"60":2,"61":2,"62":2,"63":3,"64":13,"65":13,"66":13,"67":13,"68":13,"69":13,"70":13,"71":13,"72":4,"73":4,"74":4,"75":1,"76":3,"77":3,"78":3,"79":3,"80":2,"81":2,"82":1,"83":1,"84":1,"85":3,"86":3,"87":2,"88":2,"89":1,"90":1,"91":1,"92":1,"93":1,"94":1,"95":10,"96":10,"97":10,"98":10,"99":10,"100":10,"101":10,"102":10,"103":10,"104":10,"105":10,"106":10,"107":10,"108":1,"109":9,"110":9,"111":8,"112":0,"113":8,"114":1,"115":7,"116":8,"117":10,"118":8,"119":10,"120":8,"121":8,"122":8,"123":8,"124":3,"125":3,"126":1,"127":2,"128":2,"129":2,"130":1,"131":1,"132":1,"133":1,"134":1,"135":1,"136":3,"137":3,"138":3,"139":3,"140":7,"141":7,"142":4,"143":3,"144":4,"145":3,"146":2,"147":2,"148":2,"149":2,"150":3,"151":3,"152":1,"153":2,"154":2,"155":3,"156":3,"157":1,"158":2,"159":4,"160":4,"161":1,"162":3,"163":2,"164":2,"165":1,"166":1,"167":1,"168":1,"169":1,"170":1,"171":1,"172":3,"173":3,"174":1,"175":2,"176":1,"177":1,"178":1,"179":0,"180":0,"181":0,"182":0,"183":0,"184":0,"185":0,"186":0,"187":0,"188":0,"189":0,"190":0,"191":0,"192":0,"193":0,"194":0,"195":0,"196":0,"197":0,"198":0,"199":0,"200":0,"201":0,"202":0,"203":0,"204":0,"205":0,"206":0,"207":0,"208":0,"209":0,"210":0,"211":0,"212":0,"213":0,"214":0,"215":0,"216":0,"217":0,"218":0,"219":0,"220":0,"221":0,"222":0,"223":0,"224":0,"225":0,"226":0,"227":0,"228":0,"229":0,"230":0,"231":0},"f":{"0":23,"1":16,"2":9,"3":0,"4":6,"5":7,"6":7,"7":2,"8":3,"9":13,"10":4,"11":2,"12":10,"13":3,"14":3,"15":4,"16":2,"17":4,"18":3,"19":0,"20":0,"21":0,"22":0,"23":0},"b":{"0":[5,11],"1":[4,7],"2":[11,8],"3":[6,1],"4":[7,3],"5":[0,9],"6":[0,0],"7":[0,0],"8":[0,0],"9":[0,0],"10":[0,0],"11":[0,0],"12":[0,0],"13":[0,0],"14":[0,0],"15":[0,0],"16":[10,3],"17":[13,11],"18":[7,0],"19":[7,0],"20":[1,6],"21":[2,1],"22":[3,2],"23":[13],"24":[13,6,5],"25":[13,12],"26":[13,12,11],"27":[13,12,11],"28":[13,12],"29":[13,12],"30":[4],"31":[1,3],"32":[1,1],"33":[2,1],"34":[1,0],"35":[10,2],"36":[10,9,8],"37":[10,9,8],"38":[1,9],"39":[9,8],"40":[8,2],"41":[10,10],"42":[10,10],"43":[10,9,9],"44":[10,9,9],"45":[1,9],"46":[0,9],"47":[1,8],"48":[1,9],"49":[1,8],"50":[0,8],"51":[1,7],"52":[8,7],"53":[8,7],"54":[10,8,7],"55":[2,6],"56":[10,8],"57":[6,6],"58":[8,0],"59":[8,1],"60":[1,2],"61":[1,1],"62":[1,0],"63":[1,0],"64":[4,3],"65":[7,5],"66":[1,2],"67":[1,2],"68":[1,3],"69":[2,1],"70":[1,1],"71":[1,0],"72":[1,0],"73":[1,2],"74":[1,1],"75":[1,0],"76":[0],"77":[0,0],"78":[0,0],"79":[0,0],"80":[0,0],"81":[0,0],"82":[0,0],"83":[0],"84":[0,0],"85":[0,0],"86":[0,0],"87":[0,0],"88":[0,0],"89":[0,0],"90":[0,0],"91":[0,0],"92":[0,0],"93":[0,0],"94":[0,0],"95":[0,0],"96":[0,0]},"meta":{"lastBranch":97,"lastFunction":24,"lastStatement":232,"seen":{"s:8:13:8:Infinity":0,"s:9:15:9:Infinity":1,"f:9:15:9:16":0,"s:9:21:9:Infinity":2,"s:11:18:16:Infinity":3,"f:18:9:18:26":1,"b:19:2:19:Infinity:undefined:undefined:undefined:undefined":0,"s:19:2:19:Infinity":4,"s:19:17:19:Infinity":5,"s:20:12:20:Infinity":6,"b:21:2:21:Infinity:undefined:undefined:undefined:undefined":1,"s:21:2:21:Infinity":7,"b:21:6:21:18:21:22:21:31":2,"s:21:33:21:Infinity":8,"b:22:2:22:Infinity:undefined:undefined:undefined:undefined":3,"s:22:2:22:Infinity":9,"b:22:6:22:18:22:22:22:31":4,"s:22:33:22:Infinity":10,"s:23:2:23:Infinity":11,"f:32:15:32:47":2,"s:33:2:33:Infinity":12,"b:34:2:34:Infinity:undefined:undefined:undefined:undefined":5,"s:34:2:34:Infinity":13,"s:34:15:34:Infinity":14,"s:36:17:36:Infinity":15,"s:37:14:37:Infinity":16,"s:38:2:44:Infinity":17,"s:39:15:39:Infinity":18,"b:40:4:40:Infinity:undefined:undefined:undefined:undefined":6,"s:40:4:40:Infinity":19,"s:40:13:40:Infinity":20,"b:41:4:41:Infinity:undefined:undefined:undefined:undefined":7,"s:41:4:41:Infinity":21,"s:41:21:41:Infinity":22,"b:42:4:42:Infinity:undefined:undefined:undefined:undefined":8,"s:42:4:42:Infinity":23,"s:42:31:42:Infinity":24,"s:43:4:43:Infinity":25,"s:46:2:46:Infinity":26,"f:46:11:46:12":3,"s:46:21:46:72":27,"s:48:12:48:Infinity":28,"s:49:14:49:Infinity":29,"s:50:11:50:Infinity":30,"s:51:20:51:Infinity":31,"s:53:2:81:Infinity":32,"b:55:4:55:Infinity:undefined:undefined:undefined:undefined":9,"s:55:4:55:Infinity":33,"b:55:8:55:26:55:30:55:53":10,"s:55:55:55:Infinity":34,"b:57:4:68:Infinity:65:11:68:Infinity":11,"s:57:4:68:Infinity":35,"b:57:8:57:26:57:30:57:37":12,"b:58:6:64:Infinity:61:13:64:Infinity":13,"s:58:6:64:Infinity":36,"s:59:8:59:Infinity":37,"s:60:8:60:Infinity":38,"s:62:8:62:Infinity":39,"s:63:8:63:Infinity":40,"b:65:11:68:Infinity:undefined:undefined:undefined:undefined":14,"s:65:11:68:Infinity":41,"b:65:15:65:38:65:42:65:49":15,"s:66:6:66:Infinity":42,"s:67:6:67:Infinity":43,"s:70:20:78:Infinity":44,"s:80:4:80:Infinity":45,"f:88:22:88:38":4,"s:89:2:89:Infinity":46,"s:90:18:90:Infinity":47,"s:91:15:91:Infinity":48,"s:92:2:95:Infinity":49,"s:93:16:93:Infinity":50,"b:94:4:94:Infinity:undefined:undefined:undefined:undefined":16,"s:94:4:94:Infinity":51,"b:94:8:94:11:94:15:94:28":17,"s:94:30:94:Infinity":52,"s:96:2:96:Infinity":53,"f:96:12:96:13":5,"s:96:22:96:76":54,"b:96:23:96:35:96:39:96:41":18,"b:96:57:96:69:96:73:96:75":19,"s:97:2:97:Infinity":55,"f:100:22:100:36":6,"s:101:2:101:Infinity":56,"b:102:2:102:Infinity:undefined:undefined:undefined:undefined":20,"s:102:2:102:Infinity":57,"s:102:11:102:Infinity":58,"s:103:2:103:Infinity":59,"f:106:22:106:42":7,"s:107:2:107:Infinity":60,"s:108:14:108:Infinity":61,"s:109:2:109:Infinity":62,"b:109:9:109:64:109:68:109:Infinity":21,"f:109:18:109:19":8,"s:109:25:109:63":63,"b:109:25:109:47:109:51:109:63":22,"f:112:22:112:36":9,"b:112:44:112:46":23,"s:113:2:113:Infinity":64,"s:114:12:114:Infinity":65,"s:115:20:115:Infinity":66,"s:117:24:117:Infinity":67,"b:117:24:117:38:117:42:117:55:117:59:117:Infinity":24,"s:119:14:135:Infinity":68,"b:125:14:125:27:125:31:125:53":25,"b:126:15:126:29:126:33:126:46:126:50:126:52":26,"b:127:19:127:37:127:41:127:58:127:62:127:64":27,"b:128:11:128:21:128:25:128:29":28,"b:129:11:129:21:129:25:129:38":29,"s:137:2:137:Infinity":69,"s:138:1:138:Infinity":70,"s:139:2:139:Infinity":71,"f:142:22:142:36":10,"b:142:49:142:51":30,"s:143:2:143:Infinity":72,"s:144:14:144:Infinity":73,"b:145:2:145:Infinity:undefined:undefined:undefined:undefined":31,"s:145:2:145:Infinity":74,"s:145:12:145:Infinity":75,"s:147:18:156:Infinity":76,"s:158:2:158:Infinity":77,"s:159:1:159:Infinity":78,"s:160:2:160:Infinity":79,"f:167:22:167:39":11,"s:168:2:168:Infinity":80,"b:169:2:169:Infinity:undefined:undefined:undefined:undefined":32,"s:169:2:169:Infinity":81,"s:169:11:169:Infinity":82,"s:172:17:172:Infinity":83,"s:173:2:184:Infinity":84,"s:174:15:174:Infinity":85,"b:175:4:183:Infinity:undefined:undefined:undefined:undefined":33,"s:175:4:183:Infinity":86,"s:176:24:181:Infinity":87,"s:182:6:182:Infinity":88,"s:187:14:187:Infinity":89,"b:188:2:196:Infinity:undefined:undefined:undefined:undefined":34,"s:188:2:196:Infinity":90,"s:189:20:194:Infinity":91,"s:195:4:195:Infinity":92,"s:198:1:198:Infinity":93,"s:199:2:199:Infinity":94,"f:206:22:206:34":12,"s:207:2:207:Infinity":95,"s:209:18:209:Infinity":96,"b:209:18:209:31:209:35:209:Infinity":35,"s:210:18:210:Infinity":97,"b:210:18:210:31:210:35:210:47:210:51:210:Infinity":36,"s:211:20:211:Infinity":98,"b:211:20:211:35:211:39:211:53:211:57:211:Infinity":37,"s:213:4:213:Infinity":99,"b:213:44:213:58:213:61:213:Infinity":38,"b:213:61:213:74:213:78:213:Infinity":39,"s:214:15:214:Infinity":100,"b:214:51:214:61:214:64:214:Infinity":40,"s:215:15:215:Infinity":101,"s:216:15:216:Infinity":102,"b:216:15:216:25:216:29:216:Infinity":41,"s:217:18:217:Infinity":103,"b:217:18:217:31:217:35:217:Infinity":42,"s:220:22:220:Infinity":104,"b:220:22:220:39:220:43:220:59:220:63:220:Infinity":43,"s:221:22:221:Infinity":105,"b:221:22:221:39:221:43:221:59:221:63:221:Infinity":44,"s:225:4:231:Infinity":106,"b:226:8:226:Infinity:227:8:231:Infinity":45,"b:228:10:228:Infinity:229:10:231:Infinity":46,"b:230:12:230:Infinity:231:12:231:Infinity":47,"b:233:2:233:Infinity:undefined:undefined:undefined:undefined":48,"s:233:2:233:Infinity":107,"s:233:16:233:Infinity":108,"b:234:2:234:Infinity:undefined:undefined:undefined:undefined":49,"s:234:2:234:Infinity":109,"s:234:13:234:Infinity":110,"b:237:2:239:Infinity:238:7:239:Infinity":50,"s:237:2:239:Infinity":111,"s:237:36:237:Infinity":112,"b:238:7:239:Infinity:239:7:239:Infinity":51,"s:238:7:239:Infinity":113,"s:238:21:238:Infinity":114,"s:239:7:239:Infinity":115,"s:241:13:241:Infinity":116,"b:241:13:241:21:241:24:241:Infinity":52,"s:244:19:244:Infinity":117,"s:246:14:270:Infinity":118,"b:247:8:247:16:247:20:247:22":53,"b:250:13:250:20:250:24:250:41:250:45:250:49":54,"b:261:10:261:Infinity:262:10:262:37":55,"b:260:6:260:38:260:42:260:Infinity":56,"b:262:10:262:29:262:33:262:37":57,"s:272:2:272:Infinity":119,"b:275:2:277:Infinity:undefined:undefined:undefined:undefined":58,"s:275:2:277:Infinity":120,"b:275:6:275:21:275:25:275:45":59,"s:276:4:276:Infinity":121,"s:279:1:279:Infinity":122,"s:280:2:280:Infinity":123,"f:287:22:287:37":13,"s:288:2:288:Infinity":124,"b:289:2:289:Infinity:undefined:undefined:undefined:undefined":60,"s:289:2:289:Infinity":125,"s:289:11:289:Infinity":126,"s:291:14:291:Infinity":127,"b:292:2:292:Infinity:undefined:undefined:undefined:undefined":61,"s:292:2:292:Infinity":128,"s:292:12:292:Infinity":129,"s:294:18:299:Infinity":130,"s:301:2:301:Infinity":131,"b:304:2:306:Infinity:undefined:undefined:undefined:undefined":62,"s:304:2:306:Infinity":132,"b:304:6:304:25:304:29:304:53":63,"s:305:4:305:Infinity":133,"s:308:1:308:Infinity":134,"s:309:2:309:Infinity":135,"f:312:22:312:45":14,"s:313:2:313:Infinity":136,"s:314:14:314:Infinity":137,"s:315:18:315:Infinity":138,"s:316:2:319:Infinity":139,"s:317:15:317:Infinity":140,"b:318:4:318:Infinity:undefined:undefined:undefined:undefined":64,"s:318:4:318:Infinity":141,"b:318:8:318:30:318:34:318:46":65,"s:318:48:318:Infinity":142,"s:320:2:320:Infinity":143,"f:320:11:320:12":15,"s:320:21:320:72":144,"s:321:2:321:Infinity":145,"f:328:22:328:35":16,"s:329:2:329:Infinity":146,"s:330:14:330:Infinity":147,"s:333:15:333:Infinity":148,"s:334:4:337:Infinity":149,"s:335:18:335:Infinity":150,"b:336:6:336:Infinity:undefined:undefined:undefined:undefined":66,"s:336:6:336:Infinity":151,"s:336:23:336:Infinity":152,"s:341:15:341:Infinity":153,"s:342:4:345:Infinity":154,"s:343:18:343:Infinity":155,"b:344:6:344:Infinity:undefined:undefined:undefined:undefined":67,"s:344:6:344:Infinity":156,"s:344:23:344:Infinity":157,"s:347:2:347:Infinity":158,"f:350:22:350:32":17,"s:351:2:351:Infinity":159,"b:352:2:352:Infinity:undefined:undefined:undefined:undefined":68,"s:352:2:352:Infinity":160,"s:352:20:352:Infinity":161,"b:353:2:365:Infinity:359:9:365:Infinity":69,"s:353:2:365:Infinity":162,"s:354:16:354:Infinity":163,"b:355:4:358:Infinity:undefined:undefined:undefined:undefined":70,"s:355:4:358:Infinity":164,"s:356:22:356:Infinity":165,"s:357:6:357:Infinity":166,"b:359:9:365:Infinity:undefined:undefined:undefined:undefined":71,"s:359:9:365:Infinity":167,"s:360:16:360:Infinity":168,"b:361:4:364:Infinity:undefined:undefined:undefined:undefined":72,"s:361:4:364:Infinity":169,"s:362:22:362:Infinity":170,"s:363:6:363:Infinity":171,"f:372:22:372:35":18,"s:373:2:373:Infinity":172,"b:374:2:374:Infinity:undefined:undefined:undefined:undefined":73,"s:374:2:374:Infinity":173,"s:374:20:374:Infinity":174,"b:375:2:379:Infinity:377:9:379:Infinity":74,"s:375:2:379:Infinity":175,"s:376:4:376:Infinity":176,"b:377:9:379:Infinity:undefined:undefined:undefined:undefined":75,"s:377:9:379:Infinity":177,"s:378:4:378:Infinity":178,"f:386:22:386:50":19,"b:386:58:386:60":76,"s:387:2:387:Infinity":179,"s:388:20:388:Infinity":180,"f:388:37:388:38":20,"s:388:44:388:48":181,"s:391:20:391:Infinity":182,"s:392:2:399:Infinity":183,"s:393:18:393:Infinity":184,"b:394:4:394:Infinity:undefined:undefined:undefined:undefined":77,"s:394:4:394:Infinity":185,"s:394:16:394:Infinity":186,"b:395:4:395:30:undefined:undefined:undefined:undefined":78,"s:395:4:395:30":187,"s:395:22:395:30":188,"b:396:4:398:Infinity:undefined:undefined:undefined:undefined":79,"s:396:4:398:Infinity":189,"s:397:6:397:Infinity":190,"s:402:2:414:Infinity":191,"b:403:4:403:Infinity:undefined:undefined:undefined:undefined":80,"s:403:4:403:Infinity":192,"s:403:21:403:Infinity":193,"s:404:21:404:Infinity":194,"s:405:19:412:Infinity":195,"b:406:10:406:18:406:22:406:24":81,"b:408:35:408:51:408:55:408:74":82,"s:413:4:413:Infinity":196,"f:417:22:417:48":21,"b:417:56:417:58":83,"s:418:2:418:Infinity":197,"s:419:20:419:Infinity":198,"f:419:37:419:38":22,"s:419:44:419:48":199,"s:422:20:422:Infinity":200,"s:423:2:430:Infinity":201,"s:424:18:424:Infinity":202,"b:425:4:425:Infinity:undefined:undefined:undefined:undefined":84,"s:425:4:425:Infinity":203,"s:425:16:425:Infinity":204,"b:426:4:426:30:undefined:undefined:undefined:undefined":85,"s:426:4:426:30":205,"s:426:22:426:30":206,"b:427:4:429:Infinity:undefined:undefined:undefined:undefined":86,"s:427:4:429:Infinity":207,"s:428:6:428:Infinity":208,"s:433:2:444:Infinity":209,"b:434:4:434:Infinity:undefined:undefined:undefined:undefined":87,"s:434:4:434:Infinity":210,"s:434:21:434:Infinity":211,"s:435:21:435:Infinity":212,"s:436:19:442:Infinity":213,"b:437:10:437:18:437:22:437:24":88,"s:443:4:443:Infinity":214,"f:447:22:447:45":23,"s:448:2:448:Infinity":215,"s:450:45:450:Infinity":216,"b:451:2:454:Infinity:undefined:undefined:undefined:undefined":89,"s:451:2:454:Infinity":217,"s:452:4:452:Infinity":218,"s:453:4:453:Infinity":219,"s:456:15:456:Infinity":220,"b:457:2:459:Infinity:undefined:undefined:undefined:undefined":90,"s:457:2:459:Infinity":221,"s:458:4:458:Infinity":222,"s:461:17:461:Infinity":223,"s:464:4:475:Infinity":224,"b:477:2:477:Infinity:undefined:undefined:undefined:undefined":91,"s:477:2:477:Infinity":225,"s:477:12:477:Infinity":226,"b:478:2:478:Infinity:undefined:undefined:undefined:undefined":92,"s:478:2:478:Infinity":227,"s:478:12:478:Infinity":228,"s:480:2:480:Infinity":229,"b:480:37:480:45:480:49:480:51":93,"s:481:2:481:Infinity":230,"b:481:35:481:41:481:45:481:47":94,"s:483:2:483:Infinity":231,"b:483:29:483:37:483:41:483:43":95,"b:483:53:483:59:483:63:483:65":96}}}
,"/Users/maxmccarty/Dropbox/Source (Selective Sync Conflict)/nextmake-shot-tracker/src/lib/goal-metrics.js": {"path":"/Users/maxmccarty/Dropbox/Source (Selective Sync Conflict)/nextmake-shot-tracker/src/lib/goal-metrics.js","statementMap":{"0":{"start":{"line":9,"column":35},"end":{"line":19,"column":null}},"1":{"start":{"line":22,"column":40},"end":{"line":27,"column":null}},"2":{"start":{"line":30,"column":24},"end":{"line":37,"column":null}},"3":{"start":{"line":39,"column":22},"end":{"line":47,"column":null}},"4":{"start":{"line":50,"column":2},"end":{"line":50,"column":null}},"5":{"start":{"line":54,"column":2},"end":{"line":54,"column":null}},"6":{"start":{"line":60,"column":2},"end":{"line":60,"column":null}},"7":{"start":{"line":60,"column":10},"end":{"line":60,"column":null}},"8":{"start":{"line":61,"column":2},"end":{"line":61,"column":null}},"9":{"start":{"line":61,"column":25},"end":{"line":61,"column":null}},"10":{"start":{"line":62,"column":2},"end":{"line":62,"column":null}},"11":{"start":{"line":62,"column":29},"end":{"line":62,"column":null}},"12":{"start":{"line":63,"column":2},"end":{"line":63,"column":null}},"13":{"start":{"line":71,"column":2},"end":{"line":71,"column":null}},"14":{"start":{"line":71,"column":30},"end":{"line":71,"column":null}},"15":{"start":{"line":73,"column":16},"end":{"line":73,"column":null}},"16":{"start":{"line":74,"column":14},"end":{"line":74,"column":null}},"17":{"start":{"line":76,"column":2},"end":{"line":84,"column":null}},"18":{"start":{"line":77,"column":15},"end":{"line":77,"column":null}},"19":{"start":{"line":78,"column":4},"end":{"line":78,"column":null}},"20":{"start":{"line":78,"column":13},"end":{"line":78,"column":null}},"21":{"start":{"line":79,"column":14},"end":{"line":79,"column":null}},"22":{"start":{"line":80,"column":4},"end":{"line":80,"column":null}},"23":{"start":{"line":80,"column":12},"end":{"line":80,"column":null}},"24":{"start":{"line":81,"column":4},"end":{"line":81,"column":null}},"25":{"start":{"line":81,"column":28},"end":{"line":81,"column":null}},"26":{"start":{"line":82,"column":4},"end":{"line":82,"column":null}},"27":{"start":{"line":82,"column":24},"end":{"line":82,"column":null}},"28":{"start":{"line":83,"column":4},"end":{"line":83,"column":null}},"29":{"start":{"line":88,"column":22},"end":{"line":88,"column":null}},"30":{"start":{"line":90,"column":28},"end":{"line":90,"column":null}},"31":{"start":{"line":92,"column":0},"end":{"line":100,"column":null}},"32":{"start":{"line":93,"column":2},"end":{"line":93,"column":null}},"33":{"start":{"line":93,"column":19},"end":{"line":93,"column":null}},"34":{"start":{"line":94,"column":2},"end":{"line":94,"column":null}},"35":{"start":{"line":96,"column":18},"end":{"line":96,"column":null}},"36":{"start":{"line":97,"column":2},"end":{"line":99,"column":null}},"37":{"start":{"line":98,"column":4},"end":{"line":98,"column":null}},"38":{"start":{"line":110,"column":16},"end":{"line":110,"column":null}},"39":{"start":{"line":111,"column":17},"end":{"line":111,"column":null}},"40":{"start":{"line":112,"column":15},"end":{"line":112,"column":null}},"41":{"start":{"line":114,"column":16},"end":{"line":114,"column":null}},"42":{"start":{"line":115,"column":14},"end":{"line":115,"column":null}},"43":{"start":{"line":117,"column":12},"end":{"line":117,"column":null}},"44":{"start":{"line":118,"column":12},"end":{"line":118,"column":null}},"45":{"start":{"line":119,"column":19},"end":{"line":119,"column":null}},"46":{"start":{"line":120,"column":18},"end":{"line":120,"column":null}},"47":{"start":{"line":122,"column":20},"end":{"line":122,"column":null}},"48":{"start":{"line":125,"column":16},"end":{"line":125,"column":25}},"49":{"start":{"line":126,"column":16},"end":{"line":126,"column":25}},"50":{"start":{"line":128,"column":24},"end":{"line":128,"column":null}},"51":{"start":{"line":129,"column":22},"end":{"line":129,"column":null}},"52":{"start":{"line":131,"column":23},"end":{"line":131,"column":null}},"53":{"start":{"line":132,"column":21},"end":{"line":132,"column":null}},"54":{"start":{"line":134,"column":2},"end":{"line":196,"column":null}},"55":{"start":{"line":135,"column":4},"end":{"line":195,"column":null}},"56":{"start":{"line":137,"column":8},"end":{"line":137,"column":null}},"57":{"start":{"line":138,"column":8},"end":{"line":138,"column":null}},"58":{"start":{"line":140,"column":8},"end":{"line":140,"column":null}},"59":{"start":{"line":141,"column":8},"end":{"line":141,"column":null}},"60":{"start":{"line":143,"column":8},"end":{"line":143,"column":null}},"61":{"start":{"line":144,"column":8},"end":{"line":144,"column":null}},"62":{"start":{"line":148,"column":8},"end":{"line":148,"column":null}},"63":{"start":{"line":149,"column":8},"end":{"line":152,"column":null}},"64":{"start":{"line":150,"column":10},"end":{"line":150,"column":null}},"65":{"start":{"line":151,"column":10},"end":{"line":151,"column":null}},"66":{"start":{"line":153,"column":8},"end":{"line":153,"column":null}},"67":{"start":{"line":157,"column":8},"end":{"line":157,"column":null}},"68":{"start":{"line":158,"column":24},"end":{"line":158,"column":null}},"69":{"start":{"line":159,"column":21},"end":{"line":159,"column":null}},"70":{"start":{"line":161,"column":8},"end":{"line":161,"column":null}},"71":{"start":{"line":161,"column":21},"end":{"line":161,"column":null}},"72":{"start":{"line":162,"column":8},"end":{"line":166,"column":null}},"73":{"start":{"line":163,"column":10},"end":{"line":163,"column":null}},"74":{"start":{"line":164,"column":10},"end":{"line":164,"column":null}},"75":{"start":{"line":164,"column":23},"end":{"line":164,"column":null}},"76":{"start":{"line":165,"column":10},"end":{"line":165,"column":null}},"77":{"start":{"line":169,"column":18},"end":{"line":169,"column":null}},"78":{"start":{"line":170,"column":8},"end":{"line":170,"column":null}},"79":{"start":{"line":171,"column":8},"end":{"line":173,"column":null}},"80":{"start":{"line":172,"column":10},"end":{"line":172,"column":null}},"81":{"start":{"line":176,"column":25},"end":{"line":176,"column":null}},"82":{"start":{"line":178,"column":10},"end":{"line":178,"column":null}},"83":{"start":{"line":180,"column":8},"end":{"line":183,"column":null}},"84":{"start":{"line":181,"column":10},"end":{"line":181,"column":null}},"85":{"start":{"line":182,"column":10},"end":{"line":182,"column":null}},"86":{"start":{"line":182,"column":20},"end":{"line":182,"column":null}},"87":{"start":{"line":186,"column":8},"end":{"line":189,"column":null}},"88":{"start":{"line":187,"column":10},"end":{"line":187,"column":null}},"89":{"start":{"line":188,"column":10},"end":{"line":188,"column":null}},"90":{"start":{"line":188,"column":20},"end":{"line":188,"column":null}},"91":{"start":{"line":191,"column":8},"end":{"line":191,"column":null}},"92":{"start":{"line":194,"column":8},"end":{"line":194,"column":null}},"93":{"start":{"line":198,"column":16},"end":{"line":198,"column":null}},"94":{"start":{"line":199,"column":17},"end":{"line":199,"column":null}},"95":{"start":{"line":200,"column":19},"end":{"line":200,"column":null}},"96":{"start":{"line":201,"column":16},"end":{"line":201,"column":null}},"97":{"start":{"line":203,"column":2},"end":{"line":226,"column":null}},"98":{"start":{"line":241,"column":19},"end":{"line":241,"column":null}},"99":{"start":{"line":242,"column":16},"end":{"line":242,"column":null}},"100":{"start":{"line":244,"column":2},"end":{"line":306,"column":null}},"101":{"start":{"line":246,"column":6},"end":{"line":246,"column":null}},"102":{"start":{"line":249,"column":6},"end":{"line":249,"column":null}},"103":{"start":{"line":252,"column":6},"end":{"line":252,"column":null}},"104":{"start":{"line":255,"column":6},"end":{"line":257,"column":null}},"105":{"start":{"line":256,"column":8},"end":{"line":256,"column":null}},"106":{"start":{"line":258,"column":20},"end":{"line":258,"column":null}},"107":{"start":{"line":259,"column":18},"end":{"line":259,"column":null}},"108":{"start":{"line":260,"column":6},"end":{"line":260,"column":null}},"109":{"start":{"line":264,"column":6},"end":{"line":264,"column":null}},"110":{"start":{"line":264,"column":19},"end":{"line":264,"column":null}},"111":{"start":{"line":265,"column":18},"end":{"line":265,"column":null}},"112":{"start":{"line":266,"column":6},"end":{"line":266,"column":null}},"113":{"start":{"line":270,"column":49},"end":{"line":270,"column":null}},"114":{"start":{"line":271,"column":6},"end":{"line":271,"column":null}},"115":{"start":{"line":275,"column":47},"end":{"line":275,"column":null}},"116":{"start":{"line":276,"column":6},"end":{"line":276,"column":null}},"117":{"start":{"line":281,"column":6},"end":{"line":281,"column":null}},"118":{"start":{"line":286,"column":6},"end":{"line":286,"column":null}},"119":{"start":{"line":292,"column":6},"end":{"line":292,"column":null}},"120":{"start":{"line":295,"column":6},"end":{"line":295,"column":null}},"121":{"start":{"line":298,"column":6},"end":{"line":298,"column":null}},"122":{"start":{"line":301,"column":6},"end":{"line":301,"column":null}},"123":{"start":{"line":305,"column":6},"end":{"line":305,"column":null}},"124":{"start":{"line":314,"column":2},"end":{"line":314,"column":null}},"125":{"start":{"line":314,"column":50},"end":{"line":314,"column":null}},"126":{"start":{"line":316,"column":2},"end":{"line":319,"column":null}},"127":{"start":{"line":317,"column":14},"end":{"line":317,"column":null}},"128":{"start":{"line":318,"column":4},"end":{"line":318,"column":null}},"129":{"start":{"line":321,"column":2},"end":{"line":321,"column":null}},"130":{"start":{"line":339,"column":16},"end":{"line":339,"column":null}},"131":{"start":{"line":340,"column":14},"end":{"line":340,"column":null}},"132":{"start":{"line":342,"column":12},"end":{"line":342,"column":null}},"133":{"start":{"line":343,"column":12},"end":{"line":343,"column":null}},"134":{"start":{"line":344,"column":19},"end":{"line":344,"column":null}},"135":{"start":{"line":345,"column":18},"end":{"line":345,"column":null}},"136":{"start":{"line":347,"column":16},"end":{"line":347,"column":null}},"137":{"start":{"line":348,"column":16},"end":{"line":348,"column":null}},"138":{"start":{"line":350,"column":24},"end":{"line":350,"column":null}},"139":{"start":{"line":351,"column":22},"end":{"line":351,"column":null}},"140":{"start":{"line":353,"column":23},"end":{"line":353,"column":null}},"141":{"start":{"line":354,"column":21},"end":{"line":354,"column":null}},"142":{"start":{"line":356,"column":2},"end":{"line":419,"column":null}},"143":{"start":{"line":358,"column":6},"end":{"line":362,"column":null}},"144":{"start":{"line":365,"column":6},"end":{"line":369,"column":null}},"145":{"start":{"line":371,"column":4},"end":{"line":371,"column":null}},"146":{"start":{"line":371,"column":19},"end":{"line":371,"column":null}},"147":{"start":{"line":373,"column":19},"end":{"line":373,"column":null}},"148":{"start":{"line":374,"column":21},"end":{"line":374,"column":null}},"149":{"start":{"line":375,"column":22},"end":{"line":375,"column":null}},"150":{"start":{"line":382,"column":6},"end":{"line":385,"column":null}},"151":{"start":{"line":387,"column":4},"end":{"line":392,"column":null}},"152":{"start":{"line":389,"column":6},"end":{"line":389,"column":null}},"153":{"start":{"line":390,"column":6},"end":{"line":390,"column":null}},"154":{"start":{"line":391,"column":6},"end":{"line":391,"column":null}},"155":{"start":{"line":395,"column":4},"end":{"line":395,"column":null}},"156":{"start":{"line":396,"column":4},"end":{"line":396,"column":null}},"157":{"start":{"line":398,"column":20},"end":{"line":398,"column":null}},"158":{"start":{"line":400,"column":4},"end":{"line":403,"column":null}},"159":{"start":{"line":401,"column":6},"end":{"line":401,"column":null}},"160":{"start":{"line":402,"column":6},"end":{"line":402,"column":null}},"161":{"start":{"line":405,"column":4},"end":{"line":405,"column":null}},"162":{"start":{"line":406,"column":4},"end":{"line":406,"column":null}},"163":{"start":{"line":409,"column":6},"end":{"line":409,"column":null}},"164":{"start":{"line":410,"column":4},"end":{"line":413,"column":null}},"165":{"start":{"line":411,"column":6},"end":{"line":411,"column":null}},"166":{"start":{"line":412,"column":6},"end":{"line":412,"column":null}},"167":{"start":{"line":415,"column":4},"end":{"line":418,"column":null}},"168":{"start":{"line":416,"column":6},"end":{"line":416,"column":null}},"169":{"start":{"line":417,"column":6},"end":{"line":417,"column":null}},"170":{"start":{"line":421,"column":16},"end":{"line":421,"column":null}},"171":{"start":{"line":422,"column":17},"end":{"line":422,"column":null}},"172":{"start":{"line":423,"column":19},"end":{"line":423,"column":null}},"173":{"start":{"line":424,"column":16},"end":{"line":424,"column":null}},"174":{"start":{"line":426,"column":2},"end":{"line":443,"column":null}},"175":{"start":{"line":459,"column":19},"end":{"line":459,"column":null}},"176":{"start":{"line":460,"column":16},"end":{"line":460,"column":null}},"177":{"start":{"line":462,"column":2},"end":{"line":516,"column":null}},"178":{"start":{"line":464,"column":6},"end":{"line":464,"column":null}},"179":{"start":{"line":467,"column":6},"end":{"line":467,"column":null}},"180":{"start":{"line":470,"column":6},"end":{"line":470,"column":null}},"181":{"start":{"line":473,"column":6},"end":{"line":475,"column":null}},"182":{"start":{"line":474,"column":8},"end":{"line":474,"column":null}},"183":{"start":{"line":476,"column":20},"end":{"line":476,"column":null}},"184":{"start":{"line":477,"column":18},"end":{"line":477,"column":null}},"185":{"start":{"line":478,"column":6},"end":{"line":478,"column":null}},"186":{"start":{"line":482,"column":6},"end":{"line":482,"column":null}},"187":{"start":{"line":482,"column":19},"end":{"line":482,"column":null}},"188":{"start":{"line":483,"column":18},"end":{"line":483,"column":null}},"189":{"start":{"line":484,"column":6},"end":{"line":484,"column":null}},"190":{"start":{"line":488,"column":49},"end":{"line":488,"column":null}},"191":{"start":{"line":489,"column":6},"end":{"line":489,"column":null}},"192":{"start":{"line":493,"column":47},"end":{"line":493,"column":null}},"193":{"start":{"line":494,"column":6},"end":{"line":494,"column":null}},"194":{"start":{"line":499,"column":6},"end":{"line":499,"column":null}},"195":{"start":{"line":504,"column":6},"end":{"line":504,"column":null}},"196":{"start":{"line":512,"column":6},"end":{"line":512,"column":null}},"197":{"start":{"line":515,"column":6},"end":{"line":515,"column":null}}},"fnMap":{"0":{"name":"metricIsPercent","decl":{"start":{"line":49,"column":16},"end":{"line":49,"column":31}},"loc":{"start":{"line":49,"column":43},"end":{"line":51,"column":null}},"line":49},"1":{"name":"metricIsCount","decl":{"start":{"line":53,"column":16},"end":{"line":53,"column":29}},"loc":{"start":{"line":53,"column":41},"end":{"line":55,"column":null}},"line":53},"2":{"name":"normalizeDate","decl":{"start":{"line":59,"column":9},"end":{"line":59,"column":22}},"loc":{"start":{"line":59,"column":26},"end":{"line":64,"column":null}},"line":59},"3":{"name":"filterEventsByDate","decl":{"start":{"line":70,"column":16},"end":{"line":70,"column":34}},"loc":{"start":{"line":70,"column":72},"end":{"line":85,"column":null}},"line":70},"4":{"name":"(anonymous_4)","decl":{"start":{"line":76,"column":31},"end":{"line":76,"column":32}},"loc":{"start":{"line":76,"column":38},"end":{"line":84,"column":3}},"line":76},"5":{"name":"aggregateGameEvents","decl":{"start":{"line":109,"column":16},"end":{"line":109,"column":35}},"loc":{"start":{"line":109,"column":44},"end":{"line":227,"column":null}},"line":109},"6":{"name":"computeGameMetricValue","decl":{"start":{"line":236,"column":16},"end":{"line":236,"column":38}},"loc":{"start":{"line":240,"column":2},"end":{"line":307,"column":null}},"line":240},"7":{"name":"formatMetricValue","decl":{"start":{"line":313,"column":16},"end":{"line":313,"column":33}},"loc":{"start":{"line":313,"column":55},"end":{"line":322,"column":null}},"line":313},"8":{"name":"aggregatePracticeEntries","decl":{"start":{"line":338,"column":9},"end":{"line":338,"column":33}},"loc":{"start":{"line":338,"column":43},"end":{"line":444,"column":null}},"line":338},"9":{"name":"computePracticeMetricValue","decl":{"start":{"line":454,"column":16},"end":{"line":454,"column":42}},"loc":{"start":{"line":458,"column":2},"end":{"line":517,"column":null}},"line":458}},"branchMap":{"0":{"loc":{"start":{"line":60,"column":2},"end":{"line":60,"column":null}},"type":"if","locations":[{"start":{"line":60,"column":2},"end":{"line":60,"column":null}},{"start":{},"end":{}}],"line":60},"1":{"loc":{"start":{"line":61,"column":2},"end":{"line":61,"column":null}},"type":"if","locations":[{"start":{"line":61,"column":2},"end":{"line":61,"column":null}},{"start":{},"end":{}}],"line":61},"2":{"loc":{"start":{"line":62,"column":2},"end":{"line":62,"column":null}},"type":"if","locations":[{"start":{"line":62,"column":2},"end":{"line":62,"column":null}},{"start":{},"end":{}}]
[...]
"line":843,"column":null}},{"start":{"line":844,"column":20},"end":{"line":846,"column":null}}],"line":842},"107":{"loc":{"start":{"line":844,"column":20},"end":{"line":846,"column":null}},"type":"cond-expr","locations":[{"start":{"line":845,"column":20},"end":{"line":845,"column":null}},{"start":{"line":846,"column":20},"end":{"line":846,"column":null}}],"line":844},"108":{"loc":{"start":{"line":859,"column":16},"end":{"line":859,"column":null}},"type":"if","locations":[{"start":{"line":859,"column":16},"end":{"line":859,"column":null}},{"start":{},"end":{}}],"line":859},"109":{"loc":{"start":{"line":861,"column":39},"end":{"line":861,"column":58}},"type":"cond-expr","locations":[{"start":{"line":861,"column":53},"end":{"line":861,"column":57}},{"start":{"line":861,"column":57},"end":{"line":861,"column":58}}],"line":861},"110":{"loc":{"start":{"line":877,"column":18},"end":{"line":877,"column":null}},"type":"if","locations":[{"start":{"line":877,"column":18},"end":{"line":877,"column":null}},{"start":{},"end":{}}],"line":877},"111":{"loc":{"start":{"line":879,"column":38},"end":{"line":879,"column":57}},"type":"cond-expr","locations":[{"start":{"line":879,"column":52},"end":{"line":879,"column":56}},{"start":{"line":879,"column":56},"end":{"line":879,"column":57}}],"line":879},"112":{"loc":{"start":{"line":910,"column":7},"end":{"line":942,"column":null}},"type":"binary-expr","locations":[{"start":{"line":910,"column":7},"end":{"line":910,"column":null}},{"start":{"line":911,"column":8},"end":{"line":942,"column":null}}],"line":910}},"s":{"0":1,"1":24,"2":1,"3":4,"4":1,"5":24,"6":1,"7":24,"8":1,"9":3,"10":8,"11":8,"12":0,"13":69,"14":69,"15":69,"16":69,"17":0,"18":69,"19":69,"20":69,"21":69,"22":69,"23":69,"24":19,"25":91,"26":91,"27":91,"28":91,"29":91,"30":91,"31":91,"32":91,"33":91,"34":91,"35":91,"36":91,"37":91,"38":91,"39":91,"40":91,"41":91,"42":91,"43":91,"44":91,"45":91,"46":91,"47":91,"48":91,"49":91,"50":14,"51":336,"52":91,"53":91,"54":91,"55":91,"56":91,"57":91,"58":91,"59":91,"60":91,"61":2,"62":2,"63":2,"64":91,"65":2,"66":2,"67":2,"68":91,"69":2,"70":2,"71":2,"72":19,"73":0,"74":0,"75":0,"76":0,"77":0,"78":19,"79":19,"80":19,"81":19,"82":19,"83":11,"84":11,"85":11,"86":11,"87":11,"88":10,"89":19,"90":19,"91":19,"92":19,"93":19,"94":11,"95":14,"96":14,"97":14,"98":14,"99":14,"100":91,"101":14,"102":91,"103":14,"104":1,"105":91,"106":29,"107":15,"108":91,"109":30,"110":15,"111":91,"112":28,"113":14,"114":1,"115":91,"116":2,"117":0,"118":2,"119":2,"120":2,"121":0,"122":2,"123":2,"124":2,"125":2,"126":2,"127":2,"128":2,"129":2,"130":2,"131":2,"132":0,"133":0,"134":0,"135":0,"136":0,"137":0,"138":0,"139":0,"140":6,"141":0,"142":6,"143":6,"144":6,"145":6,"146":6,"147":6,"148":6,"149":6,"150":6,"151":6,"152":6,"153":6,"154":6,"155":4,"156":0,"157":4,"158":4,"159":2,"160":1,"161":1,"162":1,"163":1,"164":1,"165":1,"166":1,"167":1,"168":0,"169":1,"170":1,"171":1,"172":1,"173":1,"174":1,"175":1,"176":1,"177":1,"178":91,"179":1,"180":1,"181":8,"182":1,"183":1,"184":1,"185":1,"186":2184,"187":3,"188":3,"189":3,"190":1,"191":1,"192":364,"193":48,"194":48,"195":1,"196":24,"197":24,"198":1,"199":1,"200":0,"201":1,"202":1,"203":1,"204":3,"205":3,"206":0,"207":3,"208":3,"209":1,"210":1,"211":1,"212":4,"213":4,"214":1,"215":3,"216":3,"217":1,"218":1,"219":35,"220":35,"221":35,"222":35,"223":6,"224":4,"225":1,"226":1,"227":1,"228":1,"229":1,"230":1,"231":1,"232":1,"233":1,"234":360,"235":1,"236":1,"237":1,"238":1,"239":1,"240":60,"241":36,"242":36,"243":1,"244":18,"245":18,"246":1,"247":1,"248":0,"249":1,"250":1,"251":2,"252":2,"253":1,"254":1,"255":1,"256":2,"257":2,"258":1,"259":1,"260":1,"261":1,"262":1,"263":1,"264":1,"265":1,"266":1},"f":{"0":24,"1":4,"2":24,"3":24,"4":3,"5":8,"6":69,"7":69,"8":19,"9":91,"10":14,"11":336,"12":2,"13":2,"14":2,"15":2,"16":2,"17":2,"18":19,"19":11,"20":14,"21":14,"22":14,"23":14,"24":29,"25":30,"26":15,"27":28,"28":14,"29":1,"30":2,"31":0,"32":6,"33":4,"34":2,"35":1,"36":1,"37":1,"38":8,"39":1,"40":2184,"41":3,"42":364,"43":48,"44":1,"45":24,"46":1,"47":1,"48":1,"49":1,"50":3,"51":1,"52":1,"53":1,"54":4,"55":1,"56":1,"57":35,"58":6,"59":4,"60":1,"61":1,"62":360,"63":1,"64":60,"65":36,"66":1,"67":18,"68":1,"69":1,"70":1,"71":2,"72":2,"73":1,"74":1,"75":1},"b":{"0":[24,0],"1":[1,0],"2":[24,23,23],"3":[1,0],"4":[3,2,2],"5":[0,0],"6":[69,69,69],"7":[0,69],"8":[91,0],"9":[91,0],"10":[91,79],"11":[91,84],"12":[91,86,76],"13":[91,70],"14":[91,70],"15":[91,90,69],"16":[2,0],"17":[2,0],"18":[2,2],"19":[0,19],"20":[11,0],"21":[11,0],"22":[10,1],"23":[10,9],"24":[14,14],"25":[14,13,0],"26":[1,13],"27":[15,14],"28":[30,16],"29":[14,14],"30":[1,0],"31":[1,0],"32":[91,73,73],"33":[0,2],"34":[0,2],"35":[2,0],"36":[1,1],"37":[1,1],"38":[1,1],"39":[1,1],"40":[0,0],"41":[0,0,0],"42":[0,0],"43":[0,6],"44":[6,0,0],"45":[6,0],"46":[0,6],"47":[6,0],"48":[6,0],"49":[3,3],"50":[3,0],"51":[3,3],"52":[3,0],"53":[0,4],"54":[1,1],"55":[2,2],"56":[0,1],"57":[1,1],"58":[0,1],"59":[1,0],"60":[0,1],"61":[1,0],"62":[1,0],"63":[0,1],"64":[0,1],"65":[4,87],"66":[4,0],"67":[1,0],"68":[69,18],"69":[69,0],"70":[69,18],"71":[69,69],"72":[87,69],"73":[91,0],"74":[1,0],"75":[1,2],"76":[91,8,8],"77":[0,1],"78":[5,43],"79":[0,1],"80":[4,20],"81":[0,1],"82":[4,87],"83":[4,87],"84":[4,87],"85":[4,83],"86":[0,3],"87":[3,0],"88":[1,3],"89":[3,0],"90":[91,73],"91":[91,34],"92":[35,0,0],"93":[35,0],"94":[0,0],"95":[91,15],"96":[1,0],"97":[1,0],"98":[15,14,6],"99":[1,0],"100":[3,33],"101":[1,0],"102":[4,14],"103":[0,1],"104":[2,13],"105":[1,14],"106":[1,14],"107":[2,12],"108":[1,1],"109":[1,0],"110":[1,1],"111":[1,0],"112":[91,4]},"meta":{"lastBranch":113,"lastFunction":76,"lastStatement":267,"seen":{"s:16:21:16:Infinity":0,"f:16:31:16:32":0,"s:16:39:16:71":1,"s:17:21:17:Infinity":2,"f:17:36:17:37":1,"s:17:44:17:76":3,"s:19:25:21:Infinity":4,"f:20:12:20:13":2,"s:20:19:20:42":5,"b:20:26:20:37:20:37:20:41":0,"s:24:2:28:Infinity":6,"b:24:2:28:11:28:11:28:Infinity":1,"f:25:4:25:5":3,"s:26:6:27:Infinity":7,"b:26:6:26:Infinity:27:7:27:18:27:18:27:Infinity":2,"s:31:2:35:Infinity":8,"b:31:2:35:11:35:11:35:Infinity":3,"f:32:4:32:5":4,"s:33:6:34:Infinity":9,"b:33:6:33:Infinity:34:7:34:18:34:18:34:Infinity":4,"f:37:9:37:15":5,"s:38:2:42:Infinity":10,"s:39:4:39:Infinity":11,"s:41:4:41:Infinity":12,"b:41:11:41:18:41:18:41:Infinity":5,"f:45:9:45:17":6,"s:46:12:46:Infinity":13,"s:47:8:47:Infinity":14,"s:48:2:48:Infinity":15,"b:48:14:48:34:48:34:48:42:48:42:48:Infinity":6,"f:51:9:51:29":7,"b:52:2:52:Infinity:undefined:undefined:undefined:undefined":7,"s:52:2:52:Infinity":16,"s:52:12:52:Infinity":17,"s:53:12:53:Infinity":18,"s:54:18:54:Infinity":19,"s:55:14:55:Infinity":20,"s:56:14:56:Infinity":21,"s:57:13:57:Infinity":22,"s:58:2:58:Infinity":23,"f:61:9:61:20":8,"s:62:2:83:Infinity":24,"f:87:24:87:36":9,"s:88:30:88:Infinity":25,"s:89:30:89:Infinity":26,"s:91:26:91:Infinity":27,"b:91:39:91:65:91:65:91:67":8,"s:92:34:92:Infinity":28,"b:92:47:92:73:92:73:92:75":9,"s:93:32:93:Infinity":29,"s:96:30:96:Infinity":30,"s:97:24:97:Infinity":31,"s:99:34:99:Infinity":32,"s:100:38:100:Infinity":33,"s:101:38:101:Infinity":34,"s:102:44:102:Infinity":35,"s:104:34:104:Infinity":36,"s:105:34:105:Infinity":37,"s:107:30:107:Infinity":38,"s:108:28:108:Infinity":39,"s:109:34:109:Infinity":40,"s:110:42:110:Infinity":41,"s:111:40:111:Infinity":42,"s:112:38:112:Infinity":43,"s:113:32:113:Infinity":44,"s:114:42:114:Infinity":45,"s:115:42:115:Infinity":46,"s:117:34:117:Infinity":47,"s:118:32:118:Infinity":48,"s:120:8:123:Infinity":49,"f:121:4:121:10":10,"s:121:10:121:Infinity":50,"f:121:39:121:40":11,"s:121:46:121:65":51,"s:125:26:125:Infinity":52,"s:126:26:126:Infinity":53,"s:128:22:128:Infinity":54,"b:128:29:128:41:128:41:128:42":10,"s:129:19:129:Infinity":55,"b:129:26:129:35:129:35:129:36":11,"s:131:4:131:Infinity":56,"b:131:4:131:31:131:31:131:52:131:52:131:Infinity":12,"s:133:26:133:Infinity":57,"b:133:33:133:49:133:49:133:50":13,"s:134:23:134:Infinity":58,"b:134:30:134:43:134:43:134:44":14,"s:137:4:138:Infinity":59,"b:137:4:137:Infinity:138:5:138:30:138:30:138:Infinity":15,"s:141:14:145:Infinity":60,"f:141:14:141:15":12,"s:142:4:145:Infinity":61,"f:142:11:142:12":13,"s:143:16:143:Infinity":62,"b:143:23:143:28:143:28:143:29":16,"s:144:6:144:Infinity":63,"s:146:14:150:Infinity":64,"f:146:14:146:15":14,"s:147:4:150:Infinity":65,"f:147:11:147:12":15,"s:148:16:148:Infinity":66,"b:148:23:148:28:148:28:148:29":17,"s:149:6:149:Infinity":67,"s:151:15:155:Infinity":68,"f:151:15:151:16":16,"s:152:4:155:Infinity":69,"f:152:11:152:12":17,"s:153:16:153:Infinity":70,"b:153:23:153:28:153:28:153:29":18,"s:154:6:154:Infinity":71,"f:157:17:157:28":18,"b:158:4:164:Infinity:undefined:undefined:undefined:undefined":19,"s:158:4:164:Infinity":72,"s:159:6:159:Infinity":73,"s:160:6:160:Infinity":74,"s:161:6:161:Infinity":75,"s:162:6:162:Infinity":76,"s:163:6:163:Infinity":77,"s:166:20:166:Infinity":78,"s:167:12:167:Infinity":79,"s:168:10:168:Infinity":80,"s:169:11:169:Infinity":81,"s:170:4:176:Infinity":82,"s:171:16:171:Infinity":83,"b:171:23:171:37:171:37:171:38":20,"s:172:16:172:Infinity":84,"b:172:23:172:34:172:34:172:35":21,"s:173:6:173:Infinity":85,"s:174:6:174:Infinity":86,"b:175:6:175:Infinity:undefined:undefined:undefined:undefined":22,"s:175:6:175:Infinity":87,"s:175:36:175:Infinity":88,"s:177:16:177:Infinity":89,"b:177:16:177:41:177:41:177:Infinity":23,"s:179:4:179:Infinity":90,"s:180:4:180:Infinity":91,"s:181:4:181:Infinity":92,"s:183:4:191:Infinity":93,"f:184:18:184:19":19,"s:184:26:190:8":94,"f:194:17:194:27":20,"s:195:16:195:Infinity":95,"s:196:4:196:Infinity":96,"s:197:20:197:Infinity":97,"f:197:31:197:32":21,"s:197:38:197:76":98,"b:197:38:197:64:197:64:197:76":24,"s:198:4:198:Infinity":99,"b:198:16:198:22:198:22:198:40:198:40:198:44":25,"s:201:2:203:Infinity":100,"f:201:12:201:18":22,"s:202:4:202:Infinity":101,"s:205:2:207:Infinity":102,"f:205:12:205:18":23,"b:206:4:206:Infinity:undefined:undefined:undefined:undefined":26,"s:206:4:206:Infinity":103,"s:206:12:206:Infinity":104,"s:209:2:211:Infinity":105,"f:209:12:209:18":24,"b:210:4:210:Infinity:undefined:undefined:undefined:undefined":27,"s:210:4:210:Infinity":106,"s:210:18:210:Infinity":107,"s:213:8:216:Infinity":108,"f:214:4:214:10":25,"s:214:10:214:Infinity":109,"b:214:10:214:53:214:53:214:Infinity":28,"f:214:24:214:25":26,"s:214:31:214:48":110,"s:218:8:226:Infinity":111,"f:219:4:219:Infinity":27,"s:220:6:224:Infinity":112,"f:221:16:221:17":28,"s:221:23:221:61":113,"b:221:23:221:49:221:49:221:61":29,"f:222:14:222:15":29,"s:222:18:223:Infinity":114,"b:223:11:223:27:223:27:223:31":30,"b:223:45:223:61:223:61:223:63":31,"s:229:4:231:Infinity":115,"b:229:4:229:Infinity:230:4:230:Infinity:231:4:231:Infinity":32,"f:233:17:233:36":30,"b:234:4:234:Infinity:undefined:undefined:undefined:undefined":33,"s:234:4:234:Infinity":116,"s:234:28:234:Infinity":117,"s:235:14:235:Infinity":118,"s:236:14:236:Infinity":119,"b:237:4:237:Infinity:undefined:undefined:undefined:undefined":34,"s:237:4:237:Infinity":120,"b:237:8:237:18:237:18:237:26":35,"s:237:26:237:Infinity":121,"s:239:30:239:Infinity":122,"b:239:48:239:55:239:55:239:Infinity":36,"s:240:31:240:Infinity":123,"b:240:49:240:57:240:57:240:Infinity":37,"s:241:20:241:Infinity":124,"s:243:4:253:Infinity":125,"b:251:28:251:41:251:41:251:Infinity":38,"b:252:28:252:41:252:41:252:Infinity":39,"s:255:4:255:Infinity":126,"s:258:4:258:Infinity":127,"s:259:4:259:Infinity":128,"s:260:4:260:Infinity":129,"s:261:4:261:Infinity":130,"s:263:4:263:Infinity":131,"f:266:17:266:31":31,"s:267:14:267:Infinity":132,"b:268:4:268:Infinity:undefined:undefined:undefined:undefined":40,"s:268:4:268:Infinity":133,"b:268:8:268:14:268:14:268:39:268:39:268:51":41,"s:268:51:268:Infinity":134,"s:269:4:269:Infinity":135,"s:270:4:270:Infinity":136,"s:271:4:271:Infinity":137,"b:272:4:272:Infinity:undefined:undefined:undefined:undefined":42,"s:272:4:272:Infinity":138,"s:272:18:272:Infinity":139,"f:275:11:275:25":32,"b:276:4:276:Infinity:undefined:undefined:undefined:undefined":43,"s:276:4:276:Infinity":140,"s:276:18:276:Infinity":141,"s:277:14:277:Infinity":142,"b:277:14:277:29:277:29:277:55:277:55:277:Infinity":44,"s:278:15:278:Infinity":143,"b:278:15:278:32:278:32:278:Infinity":45,"s:279:17:279:Infinity":144,"s:280:20:280:Infinity":145,"s:282:4:282:Infinity":146,"s:283:4:283:Infinity":147,"s:284:4:284:Infinity":148,"s:285:4:285:Infinity":149,"b:285:28:285:36:285:36:285:51":46,"s:286:4:286:Infinity":150,"b:286:27:286:43:286:43:286:45":47,"s:287:4:287:Infinity":151,"b:287:24:287:37:287:37:287:39":48,"s:288:4:288:Infinity":152,"b:288:32:288:58:288:58:288:62":49,"b:288:32:288:51:288:51:288:58":50,"s:289:4:289:Infinity":153,"b:289:32:289:58:289:58:289:62":51,"b:289:32:289:51:289:51:289:58":52,"s:290:4:290:Infinity":154,"f:293:11:293:27":33,"b:294:4:294:Infinity:undefined:undefined:undefined:undefined":53,"s:294:4:294:Infinity":155,"s:294:18:294:Infinity":156,"s:295:4:295:Infinity":157,"s:296:4:296:Infinity":158,"f:299:17:299:35":34,"b:300:4:304:Infinity:undefined:undefined:undefined:undefined":54,"s:300:4:304:Infinity":159,"b:300:8:300:26:300:26:300:46":55,"s:301:6:301:Infinity":160,"s:302:6:302:Infinity":161,"s:303:6:303:Infinity":162,"s:305:4:305:Infinity":163,"s:306:4:306:Infinity":164,"s:307:4:307:Infinity":165,"s:308:4:308:Infinity":166,"f:311:17:311:30":35,"b:312:4:312:Infinity:undefined:undefined:undefined:undefined":56,"s:312:4:312:Infinity":167,"b:312:8:312:24:312:24:312:44":57,"s:312:44:312:Infinity":168,"s:314:14:314:Infinity":169,"s:315:17:315:Infinity":170,"s:316:30:316:Infinity":171,"b:316:37:316:44:316:44:316:Infinity":58,"b:316:44:316:62:316:62:316:Infinity":59,"s:317:31:317:Infinity":172,"b:317:38:317:46:317:46:317:Infinity":60,"s:318:20:318:Infinity":173,"s:320:4:331:Infinity":174,"b:326:23:326:39:326:39:326:40":61,"b:327:20:327:33:327:33:327:34":62,"b:329:28:329:45:329:45:329:Infinity":63,"b:330:28:330:45:330:45:330:Infinity":64,"s:333:4:333:Infinity":175,"s:334:4:334:Infinity":176,"s:335:4:335:Infinity":177,"s:338:2:944:Infinity":178,"f:344:21:344:27":36,"s:344:27:344:Infinity":179,"b:364:16:377:Infinity:379:16:409:Infinity":65,"b:367:27:367:39:367:39:367:Infinity":66,"f:368:30:368:31":37,"s:368:37:368:Infinity":180,"b:368:49:368:67:368:67:368:71":67,"f:371:36:371:37":38,"s:372:22:374:Infinity":181,"b:383:26:385:Infinity:386:26:386:Infinity":68,"b:384:28:384:Infinity:385:28:385:Infinity":69,"b:390:24:392:Infinity:394:24:394:Infinity":70,"b:391:26:391:40:391:40:391:Infinity":71,"b:399:19:399:Infinity:400:20:407:Infinity":72,"b:420:36:420:72:420:72:420:78":73,"f:447:26:447:27":39,"s:448:36:448:Infinity":182,"s:449:18:449:Infinity":183,"b:450:18:450:Infinity:undefined:undefined:undefined:undefined":74,"s:450:18:450:Infinity":184,"s:450:56:450:Infinity":185,"f:453:34:453:35":40,"s:454:18:456:Infinity":186,"f:466:26:466:27":41,"s:467:28:467:Infinity":187,"s:468:18:468:Infinity":188,"b:469:18:472:Infinity:undefined:undefined:undefined:undefined":75,"s:469:18:472:Infinity":189,"s:470:20:470:Infinity":190,"s:471:20:471:Infinity":191,"f:476:34:476:35":42,"s:477:18:479:Infinity":192,"b:484:13:484:32:484:32:484:Infinity:485:14:531:Infinity":76,"f:489:38:489:39":43,"s:490:39:490:Infinity":193,"s:491:22:503:Infinity":194,"f:495:35:495:Infinity":44,"s:496:28:496:Infinity":195,"b:496:53:496:60:496:60:496:69":77,"b:499:39:499:55:499:55:499:Infinity":78,"f:512:38:512:39":45,"s:513:39:513:Infinity":196,"s:514:22:526:Infinity":197,"f:518:35:518:Infinity":46,"s:519:28:519:Infinity":198,"b:519:53:519:60:519:60:519:69":79,"b:522:39:522:55:522:55:522:Infinity":80,"f:538:25:538:31":47,"b:539:18:539:Infinity:undefined:undefined:undefined:undefined":81,"s:539:18:539:Infinity":199,"s:539:39:539:Infinity":200,"s:540:18:540:Infinity":201,"f:540:31:540:32":48,"s:540:38:540:40":202,"b:544:30:544:46:544:46:544:Infinity":82,"b:545:38:545:72:545:72:545:74":83,"b:548:20:548:Infinity:549:20:551:Infinity":84,"b:550:20:550:Infinity:551:20:551:Infinity":85,"f:562:29:562:35":49,"s:562:35:562:Infinity":203,"f:573:30:573:31":50,"s:574:32:574:Infinity":204,"b:575:22:575:Infinity:undefined:undefined:undefined:undefined":86,"s:575:22:575:Infinity":205,"s:575:36:575:Infinity":206,"s:576:32:576:Infinity":207,"s:577:22:577:Infinity":208,"b:577:55:577:59:577:59:577:60":87,"f:583:29:583:35":51,"s:583:35:583:Infinity":209,"f:591:29:591:35":52,"s:591:35:591:Infinity":210,"f:608:29:608:35":53,"s:608:35:608:Infinity":211,"f:619:30:619:31":54,"s:620:32:620:Infinity":212,"b:621:22:621:Infinity:undefined:undefined:undefined:undefined":88,"s:621:22:621:Infinity":213,"s:621:36:621:Infinity":214,"s:622:32:622:Infinity":215,"s:623:22:623:Infinity":216,"b:623:52:623:56:623:56:623:57":89,"f:629:29:629:35":55,"s:629:35:629:Infinity":217,"f:637:29:637:35":56,"s:637:35:637:Infinity":218,"b:651:26:651:44:651:44:651:Infinity":90,"b:660:9:660:Infinity:661:10:714:Infinity":91,"f:667:32:667:33":57,"s:669:18:669:Infinity":219,"b:669:18:669:49:669:49:669:62:669:62:669:Infinity":92,"s:670:29:670:Infinity":220,"s:671:34:671:Infinity":221,"b:671:34:671:50:671:50:671:Infinity":93,"b:671:57:671:72:671:72:671:Infinity":94,"s:673:16:710:Infinity":222,"f:692:33:692:39":58,"s:692:39:692:Infinity":223,"f:702:33:702:39":59,"s:702:39:702:Infinity":224,"b:718:7:718:Infinity:719:8:907:Infinity":95,"f:721:19:721:25":60,"s:722:12:722:Infinity":225,"s:723:12:723:Infinity":226,"f:732:26:732:27":61,"s:733:36:733:Infinity":227,"s:734:18:734:Infinity":228,"b:735:18:740:Infinity:undefined:undefined:undefined:undefined":96,"s:735:18:740:Infinity":229,"s:736:20:736:Infinity":230,"s:737:20:737:Infinity":231,"s:738:20:738:Infinity":232,"s:739:20:739:Infinity":233,"f:743:34:743:35":62,"s:744:18:746:Infinity":234,"f:756:26:756:27":63,"s:757:28:757:Infinity":235,"s:758:18:758:Infinity":236,"b:759:18:762:Infinity:undefined:undefined:undefined:undefined":97,"s:759:18:762:Infinity":237,"s:760:20:760:Infinity":238,"s:761:20:761:Infinity":239,"f:766:34:766:35":64,"s:767:18:769:Infinity":240,"b:774:13:774:Infinity:775:14:775:Infinity:776:16:822:Infinity":98,"f:780:40:780:41":65,"s:781:41:781:Infinity":241,"s:782:24:794:Infinity":242,"f:786:37:786:Infinity":66,"s:787:30:787:Infinity":243,"b:787:59:787:66:787:66:787:75":99,"b:790:41:790:57:790:57:790:Infinity":100,"f:803:40:803:41":67,"s:804:41:804:Infinity":244,"s:805:24:817:Infinity":245,"f:809:37:809:Infinity":68,"s:810:30:810:Infinity":246,"b:810:59:810:66:810:66:810:75":101,"b:813:41:813:57:813:57:813:Infinity":102,"f:829:25:829:31":69,"b:830:18:830:Infinity:undefined:undefined:undefined:undefined":103,"s:830:18:830:Infinity":247,"s:830:57:830:Infinity":248,"s:831:18:831:Infinity":249,"f:831:35:831:36":70,"s:831:42:831:44":250,"b:835:34:835:50:835:50:835:Infinity":104,"b:838:22:838:Infinity:839:22:839:Infinity":105,"b:843:20:843:Infinity:844:20:846:Infinity":106,"b:845:20:845:Infinity:846:20:846:Infinity":107,"f:857:24:857:25":71,"s:858:26:858:Infinity":251,"b:859:16:859:Infinity:undefined:undefined:undefined:undefined":108,"s:859:16:859:Infinity":252,"s:859:30:859:Infinity":253,"s:860:26:860:Infinity":254,"s:861:16:861:Infinity":255,"b:861:53:861:57:861:57:861:58":109,"f:875:26:875:27":72,"s:876:28:876:Infinity":256,"b:877:18:877:Infinity:undefined:undefined:undefined:undefined":110,"s:877:18:877:Infinity":257,"s:877:32:877:Infinity":258,"s:878:28:878:Infinity":259,"s:879:18:879:Infinity":260,"b:879:52:879:56:879:56:879:57":111,"f:890:25:890:31":73,"s:891:18:891:Infinity":261,"s:892:18:892:Infinity":262,"b:910:7:910:Infinity:911:8:942:Infinity":112,"f:913:19:913:25":74,"s:914:12:914:Infinity":263,"s:915:12:915:Infinity":264,"f:927:23:927:29":75,"s:928:16:928:Infinity":265,"s:929:16:929:Infinity":266}}}
,"/Users/maxmccarty/Dropbox/Source (Selective Sync Conflict)/nextmake-shot-tracker/src/styles/GameLogger.css": {"path":"/Users/maxmccarty/Dropbox/Source (Selective Sync Conflict)/nextmake-shot-tracker/src/styles/GameLogger.css","statementMap":{},"fnMap":{},"branchMap":{},"s":{},"f":{},"b":{},"meta":{"lastBranch":0,"lastFunction":0,"lastStatement":0,"seen":{}}}
}
